CRITICAL - 2024-06-07 16:42:22 --> Undefined property: stdClass::$nama_guru
#0 E:\Projects\arfod-tryout\app\Views\siswa\materi\lihat-materi.php(16): CodeIgniter\Debug\Exceptions->errorHandler(2, 'Undefined prope...', 'E:\\Projects\\arf...', 16)
#1 E:\Projects\arfod-tryout\vendor\codeigniter4\framework\system\View\View.php(214): include('E:\\Projects\\arf...')
#2 E:\Projects\arfod-tryout\vendor\codeigniter4\framework\system\View\View.php(217): CodeIgniter\View\View->CodeIgniter\View\{closure}()
#3 E:\Projects\arfod-tryout\vendor\codeigniter4\framework\system\Common.php(1097): CodeIgniter\View\View->render('siswa/materi/li...', Array, true)
#4 E:\Projects\arfod-tryout\app\Controllers\Siswa.php(342): view('siswa/materi/li...', Array)
#5 E:\Projects\arfod-tryout\vendor\codeigniter4\framework\system\CodeIgniter.php(824): App\Controllers\Siswa->lihat_materi('b2M5TDJCOWpDWDN...')
#6 E:\Projects\arfod-tryout\vendor\codeigniter4\framework\system\CodeIgniter.php(410): CodeIgniter\CodeIgniter->runController(Object(App\Controllers\Siswa))
#7 E:\Projects\arfod-tryout\vendor\codeigniter4\framework\system\CodeIgniter.php(318): CodeIgniter\CodeIgniter->handleRequest(NULL, Object(Config\Cache), false)
#8 E:\Projects\arfod-tryout\public\index.php(37): CodeIgniter\CodeIgniter->run()
#9 E:\Projects\arfod-tryout\vendor\codeigniter4\framework\system\Commands\Server\rewrite.php(43): require_once('E:\\Projects\\arf...')
#10 {main}
CRITICAL - 2024-06-07 16:42:22 --> Undefined property: stdClass::$nama_guru
#0 E:\Projects\arfod-tryout\app\Views\siswa\materi\lihat-materi.php(16): CodeIgniter\Debug\Exceptions->errorHandler(2, 'Undefined prope...', 'E:\\Projects\\arf...', 16)
#1 E:\Projects\arfod-tryout\vendor\codeigniter4\framework\system\View\View.php(214): include('E:\\Projects\\arf...')
#2 E:\Projects\arfod-tryout\vendor\codeigniter4\framework\system\View\View.php(217): CodeIgniter\View\View->CodeIgniter\View\{closure}()
#3 E:\Projects\arfod-tryout\vendor\codeigniter4\framework\system\Common.php(1097): CodeIgniter\View\View->render('siswa/materi/li...', Array, true)
#4 E:\Projects\arfod-tryout\app\Controllers\Siswa.php(342): view('siswa/materi/li...', Array)
#5 E:\Projects\arfod-tryout\vendor\codeigniter4\framework\system\CodeIgniter.php(824): App\Controllers\Siswa->lihat_materi('b2M5TDJCOWpDWDN...')
#6 E:\Projects\arfod-tryout\vendor\codeigniter4\framework\system\CodeIgniter.php(410): CodeIgniter\CodeIgniter->runController(Object(App\Controllers\Siswa))
#7 E:\Projects\arfod-tryout\vendor\codeigniter4\framework\system\CodeIgniter.php(318): CodeIgniter\CodeIgniter->handleRequest(NULL, Object(Config\Cache), false)
#8 E:\Projects\arfod-tryout\public\index.php(37): CodeIgniter\CodeIgniter->run()
#9 E:\Projects\arfod-tryout\vendor\codeigniter4\framework\system\Commands\Server\rewrite.php(43): require_once('E:\\Projects\\arf...')
#10 {main}
CRITICAL - 2024-06-07 16:42:37 --> Undefined property: stdClass::$nama_guru
#0 E:\Projects\arfod-tryout\app\Views\siswa\materi\lihat-materi.php(16): CodeIgniter\Debug\Exceptions->errorHandler(2, 'Undefined prope...', 'E:\\Projects\\arf...', 16)
#1 E:\Projects\arfod-tryout\vendor\codeigniter4\framework\system\View\View.php(214): include('E:\\Projects\\arf...')
#2 E:\Projects\arfod-tryout\vendor\codeigniter4\framework\system\View\View.php(217): CodeIgniter\View\View->CodeIgniter\View\{closure}()
#3 E:\Projects\arfod-tryout\vendor\codeigniter4\framework\system\Common.php(1097): CodeIgniter\View\View->render('siswa/materi/li...', Array, true)
#4 E:\Projects\arfod-tryout\app\Controllers\Siswa.php(342): view('siswa/materi/li...', Array)
#5 E:\Projects\arfod-tryout\vendor\codeigniter4\framework\system\CodeIgniter.php(824): App\Controllers\Siswa->lihat_materi('b2M5TDJCOWpDWDN...')
#6 E:\Projects\arfod-tryout\vendor\codeigniter4\framework\system\CodeIgniter.php(410): CodeIgniter\CodeIgniter->runController(Object(App\Controllers\Siswa))
#7 E:\Projects\arfod-tryout\vendor\codeigniter4\framework\system\CodeIgniter.php(318): CodeIgniter\CodeIgniter->handleRequest(NULL, Object(Config\Cache), false)
#8 E:\Projects\arfod-tryout\public\index.php(37): CodeIgniter\CodeIgniter->run()
#9 E:\Projects\arfod-tryout\vendor\codeigniter4\framework\system\Commands\Server\rewrite.php(43): require_once('E:\\Projects\\arf...')
#10 {main}
CRITICAL - 2024-06-07 16:57:29 --> Undefined property: stdClass::$nama_guru
#0 E:\Projects\arfod-tryout\app\Views\siswa\materi\lihat-materi.php(16): CodeIgniter\Debug\Exceptions->errorHandler(2, 'Undefined prope...', 'E:\\Projects\\arf...', 16)
#1 E:\Projects\arfod-tryout\vendor\codeigniter4\framework\system\View\View.php(214): include('E:\\Projects\\arf...')
#2 E:\Projects\arfod-tryout\vendor\codeigniter4\framework\system\View\View.php(217): CodeIgniter\View\View->CodeIgniter\View\{closure}()
#3 E:\Projects\arfod-tryout\vendor\codeigniter4\framework\system\Common.php(1097): CodeIgniter\View\View->render('siswa/materi/li...', Array, true)
#4 E:\Projects\arfod-tryout\app\Controllers\Siswa.php(342): view('siswa/materi/li...', Array)
#5 E:\Projects\arfod-tryout\vendor\codeigniter4\framework\system\CodeIgniter.php(824): App\Controllers\Siswa->lihat_materi('b2M5TDJCOWpDWDN...')
#6 E:\Projects\arfod-tryout\vendor\codeigniter4\framework\system\CodeIgniter.php(410): CodeIgniter\CodeIgniter->runController(Object(App\Controllers\Siswa))
#7 E:\Projects\arfod-tryout\vendor\codeigniter4\framework\system\CodeIgniter.php(318): CodeIgniter\CodeIgniter->handleRequest(NULL, Object(Config\Cache), false)
#8 E:\Projects\arfod-tryout\public\index.php(37): CodeIgniter\CodeIgniter->run()
#9 E:\Projects\arfod-tryout\vendor\codeigniter4\framework\system\Commands\Server\rewrite.php(43): require_once('E:\\Projects\\arf...')
#10 {main}
CRITICAL - 2024-06-07 16:57:30 --> Undefined property: stdClass::$nama_guru
#0 E:\Projects\arfod-tryout\app\Views\siswa\materi\lihat-materi.php(16): CodeIgniter\Debug\Exceptions->errorHandler(2, 'Undefined prope...', 'E:\\Projects\\arf...', 16)
#1 E:\Projects\arfod-tryout\vendor\codeigniter4\framework\system\View\View.php(214): include('E:\\Projects\\arf...')
#2 E:\Projects\arfod-tryout\vendor\codeigniter4\framework\system\View\View.php(217): CodeIgniter\View\View->CodeIgniter\View\{closure}()
#3 E:\Projects\arfod-tryout\vendor\codeigniter4\framework\system\Common.php(1097): CodeIgniter\View\View->render('siswa/materi/li...', Array, true)
#4 E:\Projects\arfod-tryout\app\Controllers\Siswa.php(342): view('siswa/materi/li...', Array)
#5 E:\Projects\arfod-tryout\vendor\codeigniter4\framework\system\CodeIgniter.php(824): App\Controllers\Siswa->lihat_materi('b2M5TDJCOWpDWDN...')
#6 E:\Projects\arfod-tryout\vendor\codeigniter4\framework\system\CodeIgniter.php(410): CodeIgniter\CodeIgniter->runController(Object(App\Controllers\Siswa))
#7 E:\Projects\arfod-tryout\vendor\codeigniter4\framework\system\CodeIgniter.php(318): CodeIgniter\CodeIgniter->handleRequest(NULL, Object(Config\Cache), false)
#8 E:\Projects\arfod-tryout\public\index.php(37): CodeIgniter\CodeIgniter->run()
#9 E:\Projects\arfod-tryout\vendor\codeigniter4\framework\system\Commands\Server\rewrite.php(43): require_once('E:\\Projects\\arf...')
#10 {main}
CRITICAL - 2024-06-07 17:04:27 --> Undefined property: stdClass::$nama_guru
#0 E:\Projects\arfod-tryout\app\Views\siswa\materi\lihat-materi.php(16): CodeIgniter\Debug\Exceptions->errorHandler(2, 'Undefined prope...', 'E:\\Projects\\arf...', 16)
#1 E:\Projects\arfod-tryout\vendor\codeigniter4\framework\system\View\View.php(214): include('E:\\Projects\\arf...')
#2 E:\Projects\arfod-tryout\vendor\codeigniter4\framework\system\View\View.php(217): CodeIgniter\View\View->CodeIgniter\View\{closure}()
#3 E:\Projects\arfod-tryout\vendor\codeigniter4\framework\system\Common.php(1097): CodeIgniter\View\View->render('siswa/materi/li...', Array, true)
#4 E:\Projects\arfod-tryout\app\Controllers\Siswa.php(347): view('siswa/materi/li...', Array)
#5 E:\Projects\arfod-tryout\vendor\codeigniter4\framework\system\CodeIgniter.php(824): App\Controllers\Siswa->lihat_materi('b2M5TDJCOWpDWDN...')
#6 E:\Projects\arfod-tryout\vendor\codeigniter4\framework\system\CodeIgniter.php(410): CodeIgniter\CodeIgniter->runController(Object(App\Controllers\Siswa))
#7 E:\Projects\arfod-tryout\vendor\codeigniter4\framework\system\CodeIgniter.php(318): CodeIgniter\CodeIgniter->handleRequest(NULL, Object(Config\Cache), false)
#8 E:\Projects\arfod-tryout\public\index.php(37): CodeIgniter\CodeIgniter->run()
#9 E:\Projects\arfod-tryout\vendor\codeigniter4\framework\system\Commands\Server\rewrite.php(43): require_once('E:\\Projects\\arf...')
#10 {main}
CRITICAL - 2024-06-07 17:09:30 --> Undefined property: stdClass::$nama_guru
#0 E:\Projects\arfod-tryout\app\Views\siswa\materi\lihat-materi.php(16): CodeIgniter\Debug\Exceptions->errorHandler(2, 'Undefined prope...', 'E:\\Projects\\arf...', 16)
#1 E:\Projects\arfod-tryout\vendor\codeigniter4\framework\system\View\View.php(214): include('E:\\Projects\\arf...')
#2 E:\Projects\arfod-tryout\vendor\codeigniter4\framework\system\View\View.php(217): CodeIgniter\View\View->CodeIgniter\View\{closure}()
#3 E:\Projects\arfod-tryout\vendor\codeigniter4\framework\system\Common.php(1097): CodeIgniter\View\View->render('siswa/materi/li...', Array, true)
#4 E:\Projects\arfod-tryout\app\Controllers\Siswa.php(347): view('siswa/materi/li...', Array)
#5 E:\Projects\arfod-tryout\vendor\codeigniter4\framework\system\CodeIgniter.php(824): App\Controllers\Siswa->lihat_materi('R1h2eWVoQ2pjOFV...')
#6 E:\Projects\arfod-tryout\vendor\codeigniter4\framework\system\CodeIgniter.php(410): CodeIgniter\CodeIgniter->runController(Object(App\Controllers\Siswa))
#7 E:\Projects\arfod-tryout\vendor\codeigniter4\framework\system\CodeIgniter.php(318): CodeIgniter\CodeIgniter->handleRequest(NULL, Object(Config\Cache), false)
#8 E:\Projects\arfod-tryout\public\index.php(37): CodeIgniter\CodeIgniter->run()
#9 E:\Projects\arfod-tryout\vendor\codeigniter4\framework\system\Commands\Server\rewrite.php(43): require_once('E:\\Projects\\arf...')
#10 {main}
