CRITICAL - 2024-03-12 08:04:18 --> syntax error, unexpected 'endif' (T_ENDIF), expecting end of file
#0 C:\xampp\htdocs\cbt-malela-ci4\vendor\codeigniter4\framework\system\View\View.php(217): CodeIgniter\View\View->CodeIgniter\View\{closure}()
#1 C:\xampp\htdocs\cbt-malela-ci4\vendor\codeigniter4\framework\system\View\View.php(432): CodeIgniter\View\View->render('template/sideba...', NULL, true)
#2 C:\xampp\htdocs\cbt-malela-ci4\app\Views\siswa\dashboard.php(3): CodeIgniter\View\View->include('template/sideba...')
#3 C:\xampp\htdocs\cbt-malela-ci4\vendor\codeigniter4\framework\system\View\View.php(214): include('C:\\xampp\\htdocs...')
#4 C:\xampp\htdocs\cbt-malela-ci4\vendor\codeigniter4\framework\system\View\View.php(217): CodeIgniter\View\View->CodeIgniter\View\{closure}()
#5 C:\xampp\htdocs\cbt-malela-ci4\vendor\codeigniter4\framework\system\Common.php(1097): CodeIgniter\View\View->render('siswa/dashboard', Array, true)
#6 C:\xampp\htdocs\cbt-malela-ci4\app\Controllers\Siswa.php(144): view('siswa/dashboard', Array)
#7 C:\xampp\htdocs\cbt-malela-ci4\vendor\codeigniter4\framework\system\CodeIgniter.php(824): App\Controllers\Siswa->index()
#8 C:\xampp\htdocs\cbt-malela-ci4\vendor\codeigniter4\framework\system\CodeIgniter.php(410): CodeIgniter\CodeIgniter->runController(Object(App\Controllers\Siswa))
#9 C:\xampp\htdocs\cbt-malela-ci4\vendor\codeigniter4\framework\system\CodeIgniter.php(318): CodeIgniter\CodeIgniter->handleRequest(NULL, Object(Config\Cache), false)
#10 C:\xampp\htdocs\cbt-malela-ci4\public\index.php(37): CodeIgniter\CodeIgniter->run()
#11 {main}
CRITICAL - 2024-03-12 08:04:20 --> syntax error, unexpected 'endif' (T_ENDIF), expecting end of file
#0 C:\xampp\htdocs\cbt-malela-ci4\vendor\codeigniter4\framework\system\View\View.php(217): CodeIgniter\View\View->CodeIgniter\View\{closure}()
#1 C:\xampp\htdocs\cbt-malela-ci4\vendor\codeigniter4\framework\system\View\View.php(432): CodeIgniter\View\View->render('template/sideba...', NULL, true)
#2 C:\xampp\htdocs\cbt-malela-ci4\app\Views\siswa\dashboard.php(3): CodeIgniter\View\View->include('template/sideba...')
#3 C:\xampp\htdocs\cbt-malela-ci4\vendor\codeigniter4\framework\system\View\View.php(214): include('C:\\xampp\\htdocs...')
#4 C:\xampp\htdocs\cbt-malela-ci4\vendor\codeigniter4\framework\system\View\View.php(217): CodeIgniter\View\View->CodeIgniter\View\{closure}()
#5 C:\xampp\htdocs\cbt-malela-ci4\vendor\codeigniter4\framework\system\Common.php(1097): CodeIgniter\View\View->render('siswa/dashboard', Array, true)
#6 C:\xampp\htdocs\cbt-malela-ci4\app\Controllers\Siswa.php(144): view('siswa/dashboard', Array)
#7 C:\xampp\htdocs\cbt-malela-ci4\vendor\codeigniter4\framework\system\CodeIgniter.php(824): App\Controllers\Siswa->index()
#8 C:\xampp\htdocs\cbt-malela-ci4\vendor\codeigniter4\framework\system\CodeIgniter.php(410): CodeIgniter\CodeIgniter->runController(Object(App\Controllers\Siswa))
#9 C:\xampp\htdocs\cbt-malela-ci4\vendor\codeigniter4\framework\system\CodeIgniter.php(318): CodeIgniter\CodeIgniter->handleRequest(NULL, Object(Config\Cache), false)
#10 C:\xampp\htdocs\cbt-malela-ci4\public\index.php(37): CodeIgniter\CodeIgniter->run()
#11 {main}
