ERROR - 2023-03-07 08:31:08 --> Unknown column 'ujian_detail.id_ujian_detail' in 'where clause'
CRITICAL - 2023-03-07 08:31:08 --> Unknown column 'ujian_detail.id_ujian_detail' in 'where clause'
#0 C:\xampp\htdocs\cbt-malela-ci4\vendor\codeigniter4\framework\system\Database\MySQLi\Connection.php(292): mysqli->query('SELECT *\nFROM `...', 0)
#1 C:\xampp\htdocs\cbt-malela-ci4\vendor\codeigniter4\framework\system\Database\BaseConnection.php(670): CodeIgniter\Database\MySQLi\Connection->execute('SELECT *\nFROM `...')
#2 C:\xampp\htdocs\cbt-malela-ci4\vendor\codeigniter4\framework\system\Database\BaseConnection.php(598): CodeIgniter\Database\BaseConnection->simpleQuery('SELECT *\nFROM `...')
#3 C:\xampp\htdocs\cbt-malela-ci4\vendor\codeigniter4\framework\system\Database\BaseBuilder.php(1443): CodeIgniter\Database\BaseConnection->query('SELECT *\nFROM `...', Array, false)
#4 C:\xampp\htdocs\cbt-malela-ci4\vendor\codeigniter4\framework\system\Model.php(142): CodeIgniter\Database\BaseBuilder->get()
#5 C:\xampp\htdocs\cbt-malela-ci4\vendor\codeigniter4\framework\system\BaseModel.php(523): CodeIgniter\Model->doFind(true, '3')
#6 C:\xampp\htdocs\cbt-malela-ci4\app\Controllers\Siswa.php(701): CodeIgniter\BaseModel->find('3')
#7 C:\xampp\htdocs\cbt-malela-ci4\vendor\codeigniter4\framework\system\CodeIgniter.php(824): App\Controllers\Siswa->simpan_pg()
#8 C:\xampp\htdocs\cbt-malela-ci4\vendor\codeigniter4\framework\system\CodeIgniter.php(410): CodeIgniter\CodeIgniter->runController(Object(App\Controllers\Siswa))
#9 C:\xampp\htdocs\cbt-malela-ci4\vendor\codeigniter4\framework\system\CodeIgniter.php(318): CodeIgniter\CodeIgniter->handleRequest(NULL, Object(Config\Cache), false)
#10 C:\xampp\htdocs\cbt-malela-ci4\public\index.php(37): CodeIgniter\CodeIgniter->run()
#11 {main}
ERROR - 2023-03-07 08:31:59 --> Unknown column 'ujian_detail.id_ujian_detail' in 'where clause'
CRITICAL - 2023-03-07 08:31:59 --> Unknown column 'ujian_detail.id_ujian_detail' in 'where clause'
#0 C:\xampp\htdocs\cbt-malela-ci4\vendor\codeigniter4\framework\system\Database\MySQLi\Connection.php(292): mysqli->query('SELECT *\nFROM `...', 0)
#1 C:\xampp\htdocs\cbt-malela-ci4\vendor\codeigniter4\framework\system\Database\BaseConnection.php(670): CodeIgniter\Database\MySQLi\Connection->execute('SELECT *\nFROM `...')
#2 C:\xampp\htdocs\cbt-malela-ci4\vendor\codeigniter4\framework\system\Database\BaseConnection.php(598): CodeIgniter\Database\BaseConnection->simpleQuery('SELECT *\nFROM `...')
#3 C:\xampp\htdocs\cbt-malela-ci4\vendor\codeigniter4\framework\system\Database\BaseBuilder.php(1443): CodeIgniter\Database\BaseConnection->query('SELECT *\nFROM `...', Array, false)
#4 C:\xampp\htdocs\cbt-malela-ci4\vendor\codeigniter4\framework\system\Model.php(142): CodeIgniter\Database\BaseBuilder->get()
#5 C:\xampp\htdocs\cbt-malela-ci4\vendor\codeigniter4\framework\system\BaseModel.php(523): CodeIgniter\Model->doFind(true, '3')
#6 C:\xampp\htdocs\cbt-malela-ci4\app\Controllers\Siswa.php(701): CodeIgniter\BaseModel->find('3')
#7 C:\xampp\htdocs\cbt-malela-ci4\vendor\codeigniter4\framework\system\CodeIgniter.php(824): App\Controllers\Siswa->simpan_pg()
#8 C:\xampp\htdocs\cbt-malela-ci4\vendor\codeigniter4\framework\system\CodeIgniter.php(410): CodeIgniter\CodeIgniter->runController(Object(App\Controllers\Siswa))
#9 C:\xampp\htdocs\cbt-malela-ci4\vendor\codeigniter4\framework\system\CodeIgniter.php(318): CodeIgniter\CodeIgniter->handleRequest(NULL, Object(Config\Cache), false)
#10 C:\xampp\htdocs\cbt-malela-ci4\public\index.php(37): CodeIgniter\CodeIgniter->run()
#11 {main}
ERROR - 2023-03-07 08:32:27 --> Unknown column 'ujian_detail.id_ujian_detail' in 'where clause'
CRITICAL - 2023-03-07 08:32:27 --> Unknown column 'ujian_detail.id_ujian_detail' in 'where clause'
#0 C:\xampp\htdocs\cbt-malela-ci4\vendor\codeigniter4\framework\system\Database\MySQLi\Connection.php(292): mysqli->query('SELECT *\nFROM `...', 0)
#1 C:\xampp\htdocs\cbt-malela-ci4\vendor\codeigniter4\framework\system\Database\BaseConnection.php(670): CodeIgniter\Database\MySQLi\Connection->execute('SELECT *\nFROM `...')
#2 C:\xampp\htdocs\cbt-malela-ci4\vendor\codeigniter4\framework\system\Database\BaseConnection.php(598): CodeIgniter\Database\BaseConnection->simpleQuery('SELECT *\nFROM `...')
#3 C:\xampp\htdocs\cbt-malela-ci4\vendor\codeigniter4\framework\system\Database\BaseBuilder.php(1443): CodeIgniter\Database\BaseConnection->query('SELECT *\nFROM `...', Array, false)
#4 C:\xampp\htdocs\cbt-malela-ci4\vendor\codeigniter4\framework\system\Model.php(142): CodeIgniter\Database\BaseBuilder->get()
#5 C:\xampp\htdocs\cbt-malela-ci4\vendor\codeigniter4\framework\system\BaseModel.php(523): CodeIgniter\Model->doFind(true, '1')
#6 C:\xampp\htdocs\cbt-malela-ci4\app\Controllers\Siswa.php(701): CodeIgniter\BaseModel->find('1')
#7 C:\xampp\htdocs\cbt-malela-ci4\vendor\codeigniter4\framework\system\CodeIgniter.php(824): App\Controllers\Siswa->simpan_pg()
#8 C:\xampp\htdocs\cbt-malela-ci4\vendor\codeigniter4\framework\system\CodeIgniter.php(410): CodeIgniter\CodeIgniter->runController(Object(App\Controllers\Siswa))
#9 C:\xampp\htdocs\cbt-malela-ci4\vendor\codeigniter4\framework\system\CodeIgniter.php(318): CodeIgniter\CodeIgniter->handleRequest(NULL, Object(Config\Cache), false)
#10 C:\xampp\htdocs\cbt-malela-ci4\public\index.php(37): CodeIgniter\CodeIgniter->run()
#11 {main}
CRITICAL - 2023-03-07 08:37:03 --> Trying to get property 'jawaban' of non-object
#0 C:\xampp\htdocs\cbt-malela-ci4\app\Controllers\Siswa.php(703): CodeIgniter\Debug\Exceptions->errorHandler(8, 'Trying to get p...', 'C:\\xampp\\htdocs...', 703, Array)
#1 C:\xampp\htdocs\cbt-malela-ci4\vendor\codeigniter4\framework\system\CodeIgniter.php(824): App\Controllers\Siswa->simpan_pg()
#2 C:\xampp\htdocs\cbt-malela-ci4\vendor\codeigniter4\framework\system\CodeIgniter.php(410): CodeIgniter\CodeIgniter->runController(Object(App\Controllers\Siswa))
#3 C:\xampp\htdocs\cbt-malela-ci4\vendor\codeigniter4\framework\system\CodeIgniter.php(318): CodeIgniter\CodeIgniter->handleRequest(NULL, Object(Config\Cache), false)
#4 C:\xampp\htdocs\cbt-malela-ci4\public\index.php(37): CodeIgniter\CodeIgniter->run()
#5 {main}
CRITICAL - 2023-03-07 08:37:43 --> Trying to get property 'jawaban' of non-object
#0 C:\xampp\htdocs\cbt-malela-ci4\app\Controllers\Siswa.php(703): CodeIgniter\Debug\Exceptions->errorHandler(8, 'Trying to get p...', 'C:\\xampp\\htdocs...', 703, Array)
#1 C:\xampp\htdocs\cbt-malela-ci4\vendor\codeigniter4\framework\system\CodeIgniter.php(824): App\Controllers\Siswa->simpan_pg()
#2 C:\xampp\htdocs\cbt-malela-ci4\vendor\codeigniter4\framework\system\CodeIgniter.php(410): CodeIgniter\CodeIgniter->runController(Object(App\Controllers\Siswa))
#3 C:\xampp\htdocs\cbt-malela-ci4\vendor\codeigniter4\framework\system\CodeIgniter.php(318): CodeIgniter\CodeIgniter->handleRequest(NULL, Object(Config\Cache), false)
#4 C:\xampp\htdocs\cbt-malela-ci4\public\index.php(37): CodeIgniter\CodeIgniter->run()
#5 {main}
CRITICAL - 2023-03-07 08:37:44 --> Trying to get property 'jawaban' of non-object
#0 C:\xampp\htdocs\cbt-malela-ci4\app\Controllers\Siswa.php(703): CodeIgniter\Debug\Exceptions->errorHandler(8, 'Trying to get p...', 'C:\\xampp\\htdocs...', 703, Array)
#1 C:\xampp\htdocs\cbt-malela-ci4\vendor\codeigniter4\framework\system\CodeIgniter.php(824): App\Controllers\Siswa->simpan_pg()
#2 C:\xampp\htdocs\cbt-malela-ci4\vendor\codeigniter4\framework\system\CodeIgniter.php(410): CodeIgniter\CodeIgniter->runController(Object(App\Controllers\Siswa))
#3 C:\xampp\htdocs\cbt-malela-ci4\vendor\codeigniter4\framework\system\CodeIgniter.php(318): CodeIgniter\CodeIgniter->handleRequest(NULL, Object(Config\Cache), false)
#4 C:\xampp\htdocs\cbt-malela-ci4\public\index.php(37): CodeIgniter\CodeIgniter->run()
#5 {main}
CRITICAL - 2023-03-07 08:38:21 --> Trying to get property 'jawaban' of non-object
#0 C:\xampp\htdocs\cbt-malela-ci4\app\Controllers\Siswa.php(702): CodeIgniter\Debug\Exceptions->errorHandler(8, 'Trying to get p...', 'C:\\xampp\\htdocs...', 702, Array)
#1 C:\xampp\htdocs\cbt-malela-ci4\vendor\codeigniter4\framework\system\CodeIgniter.php(824): App\Controllers\Siswa->simpan_pg()
#2 C:\xampp\htdocs\cbt-malela-ci4\vendor\codeigniter4\framework\system\CodeIgniter.php(410): CodeIgniter\CodeIgniter->runController(Object(App\Controllers\Siswa))
#3 C:\xampp\htdocs\cbt-malela-ci4\vendor\codeigniter4\framework\system\CodeIgniter.php(318): CodeIgniter\CodeIgniter->handleRequest(NULL, Object(Config\Cache), false)
#4 C:\xampp\htdocs\cbt-malela-ci4\public\index.php(37): CodeIgniter\CodeIgniter->run()
#5 {main}
CRITICAL - 2023-03-07 08:38:24 --> Trying to get property 'jawaban' of non-object
#0 C:\xampp\htdocs\cbt-malela-ci4\app\Controllers\Siswa.php(702): CodeIgniter\Debug\Exceptions->errorHandler(8, 'Trying to get p...', 'C:\\xampp\\htdocs...', 702, Array)
#1 C:\xampp\htdocs\cbt-malela-ci4\vendor\codeigniter4\framework\system\CodeIgniter.php(824): App\Controllers\Siswa->simpan_pg()
#2 C:\xampp\htdocs\cbt-malela-ci4\vendor\codeigniter4\framework\system\CodeIgniter.php(410): CodeIgniter\CodeIgniter->runController(Object(App\Controllers\Siswa))
#3 C:\xampp\htdocs\cbt-malela-ci4\vendor\codeigniter4\framework\system\CodeIgniter.php(318): CodeIgniter\CodeIgniter->handleRequest(NULL, Object(Config\Cache), false)
#4 C:\xampp\htdocs\cbt-malela-ci4\public\index.php(37): CodeIgniter\CodeIgniter->run()
#5 {main}
CRITICAL - 2023-03-07 08:38:25 --> Trying to get property 'jawaban' of non-object
#0 C:\xampp\htdocs\cbt-malela-ci4\app\Controllers\Siswa.php(702): CodeIgniter\Debug\Exceptions->errorHandler(8, 'Trying to get p...', 'C:\\xampp\\htdocs...', 702, Array)
#1 C:\xampp\htdocs\cbt-malela-ci4\vendor\codeigniter4\framework\system\CodeIgniter.php(824): App\Controllers\Siswa->simpan_pg()
#2 C:\xampp\htdocs\cbt-malela-ci4\vendor\codeigniter4\framework\system\CodeIgniter.php(410): CodeIgniter\CodeIgniter->runController(Object(App\Controllers\Siswa))
#3 C:\xampp\htdocs\cbt-malela-ci4\vendor\codeigniter4\framework\system\CodeIgniter.php(318): CodeIgniter\CodeIgniter->handleRequest(NULL, Object(Config\Cache), false)
#4 C:\xampp\htdocs\cbt-malela-ci4\public\index.php(37): CodeIgniter\CodeIgniter->run()
#5 {main}
CRITICAL - 2023-03-07 20:49:42 --> Trying to get property 'waktu_ujian' of non-object
#0 C:\xampp\htdocs\cbt-malela-ci4\app\Controllers\Siswa.php(673): CodeIgniter\Debug\Exceptions->errorHandler(8, 'Trying to get p...', 'C:\\xampp\\htdocs...', 673, Array)
#1 C:\xampp\htdocs\cbt-malela-ci4\vendor\codeigniter4\framework\system\CodeIgniter.php(824): App\Controllers\Siswa->lihat_pg('d0RYSElubjk1SUp...', 'SFM0NEhRR05JOGU...')
#2 C:\xampp\htdocs\cbt-malela-ci4\vendor\codeigniter4\framework\system\CodeIgniter.php(410): CodeIgniter\CodeIgniter->runController(Object(App\Controllers\Siswa))
#3 C:\xampp\htdocs\cbt-malela-ci4\vendor\codeigniter4\framework\system\CodeIgniter.php(318): CodeIgniter\CodeIgniter->handleRequest(NULL, Object(Config\Cache), false)
#4 C:\xampp\htdocs\cbt-malela-ci4\public\index.php(37): CodeIgniter\CodeIgniter->run()
#5 {main}
CRITICAL - 2023-03-07 20:51:29 --> Trying to get property 'waktu_ujian' of non-object
#0 C:\xampp\htdocs\cbt-malela-ci4\app\Controllers\Siswa.php(672): CodeIgniter\Debug\Exceptions->errorHandler(8, 'Trying to get p...', 'C:\\xampp\\htdocs...', 672, Array)
#1 C:\xampp\htdocs\cbt-malela-ci4\vendor\codeigniter4\framework\system\CodeIgniter.php(824): App\Controllers\Siswa->lihat_pg('d0RYSElubjk1SUp...', 'SFM0NEhRR05JOGU...')
#2 C:\xampp\htdocs\cbt-malela-ci4\vendor\codeigniter4\framework\system\CodeIgniter.php(410): CodeIgniter\CodeIgniter->runController(Object(App\Controllers\Siswa))
#3 C:\xampp\htdocs\cbt-malela-ci4\vendor\codeigniter4\framework\system\CodeIgniter.php(318): CodeIgniter\CodeIgniter->handleRequest(NULL, Object(Config\Cache), false)
#4 C:\xampp\htdocs\cbt-malela-ci4\public\index.php(37): CodeIgniter\CodeIgniter->run()
#5 {main}
CRITICAL - 2023-03-07 20:52:13 --> Trying to get property 'waktu_ujian' of non-object
#0 C:\xampp\htdocs\cbt-malela-ci4\app\Controllers\Siswa.php(672): CodeIgniter\Debug\Exceptions->errorHandler(8, 'Trying to get p...', 'C:\\xampp\\htdocs...', 672, Array)
#1 C:\xampp\htdocs\cbt-malela-ci4\vendor\codeigniter4\framework\system\CodeIgniter.php(824): App\Controllers\Siswa->lihat_pg('d0RYSElubjk1SUp...', 'SFM0NEhRR05JOGU...')
#2 C:\xampp\htdocs\cbt-malela-ci4\vendor\codeigniter4\framework\system\CodeIgniter.php(410): CodeIgniter\CodeIgniter->runController(Object(App\Controllers\Siswa))
#3 C:\xampp\htdocs\cbt-malela-ci4\vendor\codeigniter4\framework\system\CodeIgniter.php(318): CodeIgniter\CodeIgniter->handleRequest(NULL, Object(Config\Cache), false)
#4 C:\xampp\htdocs\cbt-malela-ci4\public\index.php(37): CodeIgniter\CodeIgniter->run()
#5 {main}
