ERROR - 2024-04-23 15:57:57 --> Error connecting to the database: Access denied for user ''@'localhost' (using password: YES)
CRITICAL - 2024-04-23 15:57:57 --> Unable to connect to the database.
Main connection [MySQLi]: Access denied for user ''@'localhost' (using password: YES)
#0 E:\Projects\arfod-tryout\vendor\codeigniter4\framework\system\Database\BaseConnection.php(577): CodeIgniter\Database\BaseConnection->initialize()
#1 E:\Projects\arfod-tryout\vendor\codeigniter4\framework\system\Database\BaseBuilder.php(1443): CodeIgniter\Database\BaseConnection->query('SELECT *\nFROM `...', Array, false)
#2 E:\Projects\arfod-tryout\vendor\codeigniter4\framework\system\Model.php(210): CodeIgniter\Database\BaseBuilder->get()
#3 E:\Projects\arfod-tryout\vendor\codeigniter4\framework\system\BaseModel.php(622): CodeIgniter\Model->doFirst()
#4 E:\Projects\arfod-tryout\app\Controllers\Auth.php(37): CodeIgniter\BaseModel->first()
#5 E:\Projects\arfod-tryout\vendor\codeigniter4\framework\system\CodeIgniter.php(824): App\Controllers\Auth->index()
#6 E:\Projects\arfod-tryout\vendor\codeigniter4\framework\system\CodeIgniter.php(410): CodeIgniter\CodeIgniter->runController(Object(App\Controllers\Auth))
#7 E:\Projects\arfod-tryout\vendor\codeigniter4\framework\system\CodeIgniter.php(318): CodeIgniter\CodeIgniter->handleRequest(NULL, Object(Config\Cache), false)
#8 E:\Projects\arfod-tryout\public\index.php(37): CodeIgniter\CodeIgniter->run()
#9 E:\Projects\arfod-tryout\vendor\codeigniter4\framework\system\Commands\Server\rewrite.php(43): require_once('E:\\Projects\\arf...')
#10 {main}
ERROR - 2024-04-23 15:58:01 --> Error connecting to the database: Access denied for user ''@'localhost' (using password: YES)
CRITICAL - 2024-04-23 15:58:01 --> Unable to connect to the database.
Main connection [MySQLi]: Access denied for user ''@'localhost' (using password: YES)
#0 E:\Projects\arfod-tryout\vendor\codeigniter4\framework\system\Database\BaseConnection.php(577): CodeIgniter\Database\BaseConnection->initialize()
#1 E:\Projects\arfod-tryout\vendor\codeigniter4\framework\system\Database\BaseBuilder.php(1443): CodeIgniter\Database\BaseConnection->query('SELECT *\nFROM `...', Array, false)
#2 E:\Projects\arfod-tryout\vendor\codeigniter4\framework\system\Model.php(210): CodeIgniter\Database\BaseBuilder->get()
#3 E:\Projects\arfod-tryout\vendor\codeigniter4\framework\system\BaseModel.php(622): CodeIgniter\Model->doFirst()
#4 E:\Projects\arfod-tryout\app\Controllers\Auth.php(37): CodeIgniter\BaseModel->first()
#5 E:\Projects\arfod-tryout\vendor\codeigniter4\framework\system\CodeIgniter.php(824): App\Controllers\Auth->index()
#6 E:\Projects\arfod-tryout\vendor\codeigniter4\framework\system\CodeIgniter.php(410): CodeIgniter\CodeIgniter->runController(Object(App\Controllers\Auth))
#7 E:\Projects\arfod-tryout\vendor\codeigniter4\framework\system\CodeIgniter.php(318): CodeIgniter\CodeIgniter->handleRequest(NULL, Object(Config\Cache), false)
#8 E:\Projects\arfod-tryout\public\index.php(37): CodeIgniter\CodeIgniter->run()
#9 E:\Projects\arfod-tryout\vendor\codeigniter4\framework\system\Commands\Server\rewrite.php(43): require_once('E:\\Projects\\arf...')
#10 {main}
ERROR - 2024-04-23 15:58:02 --> Error connecting to the database: Access denied for user ''@'localhost' (using password: YES)
CRITICAL - 2024-04-23 15:58:02 --> Unable to connect to the database.
Main connection [MySQLi]: Access denied for user ''@'localhost' (using password: YES)
#0 E:\Projects\arfod-tryout\vendor\codeigniter4\framework\system\Database\BaseConnection.php(577): CodeIgniter\Database\BaseConnection->initialize()
#1 E:\Projects\arfod-tryout\vendor\codeigniter4\framework\system\Database\BaseBuilder.php(1443): CodeIgniter\Database\BaseConnection->query('SELECT *\nFROM `...', Array, false)
#2 E:\Projects\arfod-tryout\vendor\codeigniter4\framework\system\Model.php(210): CodeIgniter\Database\BaseBuilder->get()
#3 E:\Projects\arfod-tryout\vendor\codeigniter4\framework\system\BaseModel.php(622): CodeIgniter\Model->doFirst()
#4 E:\Projects\arfod-tryout\app\Controllers\Auth.php(37): CodeIgniter\BaseModel->first()
#5 E:\Projects\arfod-tryout\vendor\codeigniter4\framework\system\CodeIgniter.php(824): App\Controllers\Auth->index()
#6 E:\Projects\arfod-tryout\vendor\codeigniter4\framework\system\CodeIgniter.php(410): CodeIgniter\CodeIgniter->runController(Object(App\Controllers\Auth))
#7 E:\Projects\arfod-tryout\vendor\codeigniter4\framework\system\CodeIgniter.php(318): CodeIgniter\CodeIgniter->handleRequest(NULL, Object(Config\Cache), false)
#8 E:\Projects\arfod-tryout\public\index.php(37): CodeIgniter\CodeIgniter->run()
#9 E:\Projects\arfod-tryout\vendor\codeigniter4\framework\system\Commands\Server\rewrite.php(43): require_once('E:\\Projects\\arf...')
#10 {main}
ERROR - 2024-04-23 15:58:03 --> Error connecting to the database: Access denied for user ''@'localhost' (using password: YES)
CRITICAL - 2024-04-23 15:58:03 --> Unable to connect to the database.
Main connection [MySQLi]: Access denied for user ''@'localhost' (using password: YES)
#0 E:\Projects\arfod-tryout\vendor\codeigniter4\framework\system\Database\BaseConnection.php(577): CodeIgniter\Database\BaseConnection->initialize()
#1 E:\Projects\arfod-tryout\vendor\codeigniter4\framework\system\Database\BaseBuilder.php(1443): CodeIgniter\Database\BaseConnection->query('SELECT *\nFROM `...', Array, false)
#2 E:\Projects\arfod-tryout\vendor\codeigniter4\framework\system\Model.php(210): CodeIgniter\Database\BaseBuilder->get()
#3 E:\Projects\arfod-tryout\vendor\codeigniter4\framework\system\BaseModel.php(622): CodeIgniter\Model->doFirst()
#4 E:\Projects\arfod-tryout\app\Controllers\Auth.php(37): CodeIgniter\BaseModel->first()
#5 E:\Projects\arfod-tryout\vendor\codeigniter4\framework\system\CodeIgniter.php(824): App\Controllers\Auth->index()
#6 E:\Projects\arfod-tryout\vendor\codeigniter4\framework\system\CodeIgniter.php(410): CodeIgniter\CodeIgniter->runController(Object(App\Controllers\Auth))
#7 E:\Projects\arfod-tryout\vendor\codeigniter4\framework\system\CodeIgniter.php(318): CodeIgniter\CodeIgniter->handleRequest(NULL, Object(Config\Cache), false)
#8 E:\Projects\arfod-tryout\public\index.php(37): CodeIgniter\CodeIgniter->run()
#9 E:\Projects\arfod-tryout\vendor\codeigniter4\framework\system\Commands\Server\rewrite.php(43): require_once('E:\\Projects\\arf...')
#10 {main}
ERROR - 2024-04-23 15:58:03 --> Error connecting to the database: Access denied for user ''@'localhost' (using password: YES)
CRITICAL - 2024-04-23 15:58:03 --> Unable to connect to the database.
Main connection [MySQLi]: Access denied for user ''@'localhost' (using password: YES)
#0 E:\Projects\arfod-tryout\vendor\codeigniter4\framework\system\Database\BaseConnection.php(577): CodeIgniter\Database\BaseConnection->initialize()
#1 E:\Projects\arfod-tryout\vendor\codeigniter4\framework\system\Database\BaseBuilder.php(1443): CodeIgniter\Database\BaseConnection->query('SELECT *\nFROM `...', Array, false)
#2 E:\Projects\arfod-tryout\vendor\codeigniter4\framework\system\Model.php(210): CodeIgniter\Database\BaseBuilder->get()
#3 E:\Projects\arfod-tryout\vendor\codeigniter4\framework\system\BaseModel.php(622): CodeIgniter\Model->doFirst()
#4 E:\Projects\arfod-tryout\app\Controllers\Auth.php(37): CodeIgniter\BaseModel->first()
#5 E:\Projects\arfod-tryout\vendor\codeigniter4\framework\system\CodeIgniter.php(824): App\Controllers\Auth->index()
#6 E:\Projects\arfod-tryout\vendor\codeigniter4\framework\system\CodeIgniter.php(410): CodeIgniter\CodeIgniter->runController(Object(App\Controllers\Auth))
#7 E:\Projects\arfod-tryout\vendor\codeigniter4\framework\system\CodeIgniter.php(318): CodeIgniter\CodeIgniter->handleRequest(NULL, Object(Config\Cache), false)
#8 E:\Projects\arfod-tryout\public\index.php(37): CodeIgniter\CodeIgniter->run()
#9 E:\Projects\arfod-tryout\vendor\codeigniter4\framework\system\Commands\Server\rewrite.php(43): require_once('E:\\Projects\\arf...')
#10 {main}
ERROR - 2024-04-23 15:58:03 --> Error connecting to the database: Access denied for user ''@'localhost' (using password: YES)
CRITICAL - 2024-04-23 15:58:03 --> Unable to connect to the database.
Main connection [MySQLi]: Access denied for user ''@'localhost' (using password: YES)
#0 E:\Projects\arfod-tryout\vendor\codeigniter4\framework\system\Database\BaseConnection.php(577): CodeIgniter\Database\BaseConnection->initialize()
#1 E:\Projects\arfod-tryout\vendor\codeigniter4\framework\system\Database\BaseBuilder.php(1443): CodeIgniter\Database\BaseConnection->query('SELECT *\nFROM `...', Array, false)
#2 E:\Projects\arfod-tryout\vendor\codeigniter4\framework\system\Model.php(210): CodeIgniter\Database\BaseBuilder->get()
#3 E:\Projects\arfod-tryout\vendor\codeigniter4\framework\system\BaseModel.php(622): CodeIgniter\Model->doFirst()
#4 E:\Projects\arfod-tryout\app\Controllers\Auth.php(37): CodeIgniter\BaseModel->first()
#5 E:\Projects\arfod-tryout\vendor\codeigniter4\framework\system\CodeIgniter.php(824): App\Controllers\Auth->index()
#6 E:\Projects\arfod-tryout\vendor\codeigniter4\framework\system\CodeIgniter.php(410): CodeIgniter\CodeIgniter->runController(Object(App\Controllers\Auth))
#7 E:\Projects\arfod-tryout\vendor\codeigniter4\framework\system\CodeIgniter.php(318): CodeIgniter\CodeIgniter->handleRequest(NULL, Object(Config\Cache), false)
#8 E:\Projects\arfod-tryout\public\index.php(37): CodeIgniter\CodeIgniter->run()
#9 E:\Projects\arfod-tryout\vendor\codeigniter4\framework\system\Commands\Server\rewrite.php(43): require_once('E:\\Projects\\arf...')
#10 {main}
ERROR - 2024-04-23 15:58:03 --> Error connecting to the database: Access denied for user ''@'localhost' (using password: YES)
CRITICAL - 2024-04-23 15:58:03 --> Unable to connect to the database.
Main connection [MySQLi]: Access denied for user ''@'localhost' (using password: YES)
#0 E:\Projects\arfod-tryout\vendor\codeigniter4\framework\system\Database\BaseConnection.php(577): CodeIgniter\Database\BaseConnection->initialize()
#1 E:\Projects\arfod-tryout\vendor\codeigniter4\framework\system\Database\BaseBuilder.php(1443): CodeIgniter\Database\BaseConnection->query('SELECT *\nFROM `...', Array, false)
#2 E:\Projects\arfod-tryout\vendor\codeigniter4\framework\system\Model.php(210): CodeIgniter\Database\BaseBuilder->get()
#3 E:\Projects\arfod-tryout\vendor\codeigniter4\framework\system\BaseModel.php(622): CodeIgniter\Model->doFirst()
#4 E:\Projects\arfod-tryout\app\Controllers\Auth.php(37): CodeIgniter\BaseModel->first()
#5 E:\Projects\arfod-tryout\vendor\codeigniter4\framework\system\CodeIgniter.php(824): App\Controllers\Auth->index()
#6 E:\Projects\arfod-tryout\vendor\codeigniter4\framework\system\CodeIgniter.php(410): CodeIgniter\CodeIgniter->runController(Object(App\Controllers\Auth))
#7 E:\Projects\arfod-tryout\vendor\codeigniter4\framework\system\CodeIgniter.php(318): CodeIgniter\CodeIgniter->handleRequest(NULL, Object(Config\Cache), false)
#8 E:\Projects\arfod-tryout\public\index.php(37): CodeIgniter\CodeIgniter->run()
#9 E:\Projects\arfod-tryout\vendor\codeigniter4\framework\system\Commands\Server\rewrite.php(43): require_once('E:\\Projects\\arf...')
#10 {main}
ERROR - 2024-04-23 15:58:04 --> Error connecting to the database: Access denied for user ''@'localhost' (using password: YES)
CRITICAL - 2024-04-23 15:58:04 --> Unable to connect to the database.
Main connection [MySQLi]: Access denied for user ''@'localhost' (using password: YES)
#0 E:\Projects\arfod-tryout\vendor\codeigniter4\framework\system\Database\BaseConnection.php(577): CodeIgniter\Database\BaseConnection->initialize()
#1 E:\Projects\arfod-tryout\vendor\codeigniter4\framework\system\Database\BaseBuilder.php(1443): CodeIgniter\Database\BaseConnection->query('SELECT *\nFROM `...', Array, false)
#2 E:\Projects\arfod-tryout\vendor\codeigniter4\framework\system\Model.php(210): CodeIgniter\Database\BaseBuilder->get()
#3 E:\Projects\arfod-tryout\vendor\codeigniter4\framework\system\BaseModel.php(622): CodeIgniter\Model->doFirst()
#4 E:\Projects\arfod-tryout\app\Controllers\Auth.php(37): CodeIgniter\BaseModel->first()
#5 E:\Projects\arfod-tryout\vendor\codeigniter4\framework\system\CodeIgniter.php(824): App\Controllers\Auth->index()
#6 E:\Projects\arfod-tryout\vendor\codeigniter4\framework\system\CodeIgniter.php(410): CodeIgniter\CodeIgniter->runController(Object(App\Controllers\Auth))
#7 E:\Projects\arfod-tryout\vendor\codeigniter4\framework\system\CodeIgniter.php(318): CodeIgniter\CodeIgniter->handleRequest(NULL, Object(Config\Cache), false)
#8 E:\Projects\arfod-tryout\public\index.php(37): CodeIgniter\CodeIgniter->run()
#9 E:\Projects\arfod-tryout\vendor\codeigniter4\framework\system\Commands\Server\rewrite.php(43): require_once('E:\\Projects\\arf...')
#10 {main}
ERROR - 2024-04-23 15:58:08 --> Error connecting to the database: Access denied for user ''@'localhost' (using password: YES)
CRITICAL - 2024-04-23 15:58:08 --> Unable to connect to the database.
Main connection [MySQLi]: Access denied for user ''@'localhost' (using password: YES)
#0 E:\Projects\arfod-tryout\vendor\codeigniter4\framework\system\Database\BaseConnection.php(577): CodeIgniter\Database\BaseConnection->initialize()
#1 E:\Projects\arfod-tryout\vendor\codeigniter4\framework\system\Database\BaseBuilder.php(1443): CodeIgniter\Database\BaseConnection->query('SELECT *\nFROM `...', Array, false)
#2 E:\Projects\arfod-tryout\vendor\codeigniter4\framework\system\Model.php(210): CodeIgniter\Database\BaseBuilder->get()
#3 E:\Projects\arfod-tryout\vendor\codeigniter4\framework\system\BaseModel.php(622): CodeIgniter\Model->doFirst()
#4 E:\Projects\arfod-tryout\app\Controllers\Auth.php(37): CodeIgniter\BaseModel->first()
#5 E:\Projects\arfod-tryout\vendor\codeigniter4\framework\system\CodeIgniter.php(824): App\Controllers\Auth->index()
#6 E:\Projects\arfod-tryout\vendor\codeigniter4\framework\system\CodeIgniter.php(410): CodeIgniter\CodeIgniter->runController(Object(App\Controllers\Auth))
#7 E:\Projects\arfod-tryout\vendor\codeigniter4\framework\system\CodeIgniter.php(318): CodeIgniter\CodeIgniter->handleRequest(NULL, Object(Config\Cache), false)
#8 E:\Projects\arfod-tryout\public\index.php(37): CodeIgniter\CodeIgniter->run()
#9 E:\Projects\arfod-tryout\vendor\codeigniter4\framework\system\Commands\Server\rewrite.php(43): require_once('E:\\Projects\\arf...')
#10 {main}
ERROR - 2024-04-23 15:59:17 --> Error connecting to the database: Access denied for user ''@'localhost' (using password: YES)
CRITICAL - 2024-04-23 15:59:17 --> Unable to connect to the database.
Main connection [MySQLi]: Access denied for user ''@'localhost' (using password: YES)
#0 E:\Projects\arfod-tryout\vendor\codeigniter4\framework\system\Database\BaseConnection.php(577): CodeIgniter\Database\BaseConnection->initialize()
#1 E:\Projects\arfod-tryout\vendor\codeigniter4\framework\system\Database\BaseBuilder.php(1443): CodeIgniter\Database\BaseConnection->query('SELECT *\nFROM `...', Array, false)
#2 E:\Projects\arfod-tryout\vendor\codeigniter4\framework\system\Model.php(210): CodeIgniter\Database\BaseBuilder->get()
#3 E:\Projects\arfod-tryout\vendor\codeigniter4\framework\system\BaseModel.php(622): CodeIgniter\Model->doFirst()
#4 E:\Projects\arfod-tryout\app\Controllers\Auth.php(37): CodeIgniter\BaseModel->first()
#5 E:\Projects\arfod-tryout\vendor\codeigniter4\framework\system\CodeIgniter.php(824): App\Controllers\Auth->index()
#6 E:\Projects\arfod-tryout\vendor\codeigniter4\framework\system\CodeIgniter.php(410): CodeIgniter\CodeIgniter->runController(Object(App\Controllers\Auth))
#7 E:\Projects\arfod-tryout\vendor\codeigniter4\framework\system\CodeIgniter.php(318): CodeIgniter\CodeIgniter->handleRequest(NULL, Object(Config\Cache), false)
#8 E:\Projects\arfod-tryout\public\index.php(37): CodeIgniter\CodeIgniter->run()
#9 E:\Projects\arfod-tryout\vendor\codeigniter4\framework\system\Commands\Server\rewrite.php(43): require_once('E:\\Projects\\arf...')
#10 {main}
ERROR - 2024-04-23 15:59:34 --> Error connecting to the database: Access denied for user ''@'localhost' (using password: YES)
CRITICAL - 2024-04-23 15:59:34 --> Unable to connect to the database.
Main connection [MySQLi]: Access denied for user ''@'localhost' (using password: YES)
#0 E:\Projects\arfod-tryout\vendor\codeigniter4\framework\system\Database\BaseConnection.php(577): CodeIgniter\Database\BaseConnection->initialize()
#1 E:\Projects\arfod-tryout\vendor\codeigniter4\framework\system\Database\BaseBuilder.php(1443): CodeIgniter\Database\BaseConnection->query('SELECT *\nFROM `...', Array, false)
#2 E:\Projects\arfod-tryout\vendor\codeigniter4\framework\system\Model.php(210): CodeIgniter\Database\BaseBuilder->get()
#3 E:\Projects\arfod-tryout\vendor\codeigniter4\framework\system\BaseModel.php(622): CodeIgniter\Model->doFirst()
#4 E:\Projects\arfod-tryout\app\Controllers\Auth.php(37): CodeIgniter\BaseModel->first()
#5 E:\Projects\arfod-tryout\vendor\codeigniter4\framework\system\CodeIgniter.php(824): App\Controllers\Auth->index()
#6 E:\Projects\arfod-tryout\vendor\codeigniter4\framework\system\CodeIgniter.php(410): CodeIgniter\CodeIgniter->runController(Object(App\Controllers\Auth))
#7 E:\Projects\arfod-tryout\vendor\codeigniter4\framework\system\CodeIgniter.php(318): CodeIgniter\CodeIgniter->handleRequest(NULL, Object(Config\Cache), false)
#8 E:\Projects\arfod-tryout\public\index.php(37): CodeIgniter\CodeIgniter->run()
#9 E:\Projects\arfod-tryout\vendor\codeigniter4\framework\system\Commands\Server\rewrite.php(43): require_once('E:\\Projects\\arf...')
#10 {main}
ERROR - 2024-04-23 15:59:46 --> Error connecting to the database: Access denied for user ''@'localhost' (using password: YES)
CRITICAL - 2024-04-23 15:59:46 --> Unable to connect to the database.
Main connection [MySQLi]: Access denied for user ''@'localhost' (using password: YES)
#0 E:\Projects\arfod-tryout\vendor\codeigniter4\framework\system\Database\BaseConnection.php(577): CodeIgniter\Database\BaseConnection->initialize()
#1 E:\Projects\arfod-tryout\vendor\codeigniter4\framework\system\Database\BaseBuilder.php(1443): CodeIgniter\Database\BaseConnection->query('SELECT *\nFROM `...', Array, false)
#2 E:\Projects\arfod-tryout\vendor\codeigniter4\framework\system\Model.php(210): CodeIgniter\Database\BaseBuilder->get()
#3 E:\Projects\arfod-tryout\vendor\codeigniter4\framework\system\BaseModel.php(622): CodeIgniter\Model->doFirst()
#4 E:\Projects\arfod-tryout\app\Controllers\Auth.php(37): CodeIgniter\BaseModel->first()
#5 E:\Projects\arfod-tryout\vendor\codeigniter4\framework\system\CodeIgniter.php(824): App\Controllers\Auth->index()
#6 E:\Projects\arfod-tryout\vendor\codeigniter4\framework\system\CodeIgniter.php(410): CodeIgniter\CodeIgniter->runController(Object(App\Controllers\Auth))
#7 E:\Projects\arfod-tryout\vendor\codeigniter4\framework\system\CodeIgniter.php(318): CodeIgniter\CodeIgniter->handleRequest(NULL, Object(Config\Cache), false)
#8 E:\Projects\arfod-tryout\public\index.php(37): CodeIgniter\CodeIgniter->run()
#9 E:\Projects\arfod-tryout\vendor\codeigniter4\framework\system\Commands\Server\rewrite.php(43): require_once('E:\\Projects\\arf...')
#10 {main}
ERROR - 2024-04-23 16:00:02 --> Error connecting to the database: Access denied for user ''@'localhost' (using password: YES)
CRITICAL - 2024-04-23 16:00:02 --> Unable to connect to the database.
Main connection [MySQLi]: Access denied for user ''@'localhost' (using password: YES)
#0 E:\Projects\arfod-tryout\vendor\codeigniter4\framework\system\Database\BaseConnection.php(577): CodeIgniter\Database\BaseConnection->initialize()
#1 E:\Projects\arfod-tryout\vendor\codeigniter4\framework\system\Database\BaseBuilder.php(1443): CodeIgniter\Database\BaseConnection->query('SELECT *\nFROM `...', Array, false)
#2 E:\Projects\arfod-tryout\vendor\codeigniter4\framework\system\Model.php(210): CodeIgniter\Database\BaseBuilder->get()
#3 E:\Projects\arfod-tryout\vendor\codeigniter4\framework\system\BaseModel.php(622): CodeIgniter\Model->doFirst()
#4 E:\Projects\arfod-tryout\app\Controllers\Auth.php(37): CodeIgniter\BaseModel->first()
#5 E:\Projects\arfod-tryout\vendor\codeigniter4\framework\system\CodeIgniter.php(824): App\Controllers\Auth->index()
#6 E:\Projects\arfod-tryout\vendor\codeigniter4\framework\system\CodeIgniter.php(410): CodeIgniter\CodeIgniter->runController(Object(App\Controllers\Auth))
#7 E:\Projects\arfod-tryout\vendor\codeigniter4\framework\system\CodeIgniter.php(318): CodeIgniter\CodeIgniter->handleRequest(NULL, Object(Config\Cache), false)
#8 E:\Projects\arfod-tryout\public\index.php(37): CodeIgniter\CodeIgniter->run()
#9 E:\Projects\arfod-tryout\vendor\codeigniter4\framework\system\Commands\Server\rewrite.php(43): require_once('E:\\Projects\\arf...')
#10 {main}
ERROR - 2024-04-23 16:00:04 --> Error connecting to the database: Access denied for user ''@'localhost' (using password: YES)
CRITICAL - 2024-04-23 16:00:04 --> Unable to connect to the database.
Main connection [MySQLi]: Access denied for user ''@'localhost' (using password: YES)
#0 E:\Projects\arfod-tryout\vendor\codeigniter4\framework\system\Database\BaseConnection.php(577): CodeIgniter\Database\BaseConnection->initialize()
#1 E:\Projects\arfod-tryout\vendor\codeigniter4\framework\system\Database\BaseBuilder.php(1443): CodeIgniter\Database\BaseConnection->query('SELECT *\nFROM `...', Array, false)
#2 E:\Projects\arfod-tryout\vendor\codeigniter4\framework\system\Model.php(210): CodeIgniter\Database\BaseBuilder->get()
#3 E:\Projects\arfod-tryout\vendor\codeigniter4\framework\system\BaseModel.php(622): CodeIgniter\Model->doFirst()
#4 E:\Projects\arfod-tryout\app\Controllers\Auth.php(37): CodeIgniter\BaseModel->first()
#5 E:\Projects\arfod-tryout\vendor\codeigniter4\framework\system\CodeIgniter.php(824): App\Controllers\Auth->index()
#6 E:\Projects\arfod-tryout\vendor\codeigniter4\framework\system\CodeIgniter.php(410): CodeIgniter\CodeIgniter->runController(Object(App\Controllers\Auth))
#7 E:\Projects\arfod-tryout\vendor\codeigniter4\framework\system\CodeIgniter.php(318): CodeIgniter\CodeIgniter->handleRequest(NULL, Object(Config\Cache), false)
#8 E:\Projects\arfod-tryout\public\index.php(37): CodeIgniter\CodeIgniter->run()
#9 E:\Projects\arfod-tryout\vendor\codeigniter4\framework\system\Commands\Server\rewrite.php(43): require_once('E:\\Projects\\arf...')
#10 {main}
ERROR - 2024-04-23 16:00:04 --> Error connecting to the database: Access denied for user ''@'localhost' (using password: YES)
CRITICAL - 2024-04-23 16:00:04 --> Unable to connect to the database.
Main connection [MySQLi]: Access denied for user ''@'localhost' (using password: YES)
#0 E:\Projects\arfod-tryout\vendor\codeigniter4\framework\system\Database\BaseConnection.php(577): CodeIgniter\Database\BaseConnection->initialize()
#1 E:\Projects\arfod-tryout\vendor\codeigniter4\framework\system\Database\BaseBuilder.php(1443): CodeIgniter\Database\BaseConnection->query('SELECT *\nFROM `...', Array, false)
#2 E:\Projects\arfod-tryout\vendor\codeigniter4\framework\system\Model.php(210): CodeIgniter\Database\BaseBuilder->get()
#3 E:\Projects\arfod-tryout\vendor\codeigniter4\framework\system\BaseModel.php(622): CodeIgniter\Model->doFirst()
#4 E:\Projects\arfod-tryout\app\Controllers\Auth.php(37): CodeIgniter\BaseModel->first()
#5 E:\Projects\arfod-tryout\vendor\codeigniter4\framework\system\CodeIgniter.php(824): App\Controllers\Auth->index()
#6 E:\Projects\arfod-tryout\vendor\codeigniter4\framework\system\CodeIgniter.php(410): CodeIgniter\CodeIgniter->runController(Object(App\Controllers\Auth))
#7 E:\Projects\arfod-tryout\vendor\codeigniter4\framework\system\CodeIgniter.php(318): CodeIgniter\CodeIgniter->handleRequest(NULL, Object(Config\Cache), false)
#8 E:\Projects\arfod-tryout\public\index.php(37): CodeIgniter\CodeIgniter->run()
#9 E:\Projects\arfod-tryout\vendor\codeigniter4\framework\system\Commands\Server\rewrite.php(43): require_once('E:\\Projects\\arf...')
#10 {main}
ERROR - 2024-04-23 16:00:04 --> Error connecting to the database: Access denied for user ''@'localhost' (using password: YES)
CRITICAL - 2024-04-23 16:00:04 --> Unable to connect to the database.
Main connection [MySQLi]: Access denied for user ''@'localhost' (using password: YES)
#0 E:\Projects\arfod-tryout\vendor\codeigniter4\framework\system\Database\BaseConnection.php(577): CodeIgniter\Database\BaseConnection->initialize()
#1 E:\Projects\arfod-tryout\vendor\codeigniter4\framework\system\Database\BaseBuilder.php(1443): CodeIgniter\Database\BaseConnection->query('SELECT *\nFROM `...', Array, false)
#2 E:\Projects\arfod-tryout\vendor\codeigniter4\framework\system\Model.php(210): CodeIgniter\Database\BaseBuilder->get()
#3 E:\Projects\arfod-tryout\vendor\codeigniter4\framework\system\BaseModel.php(622): CodeIgniter\Model->doFirst()
#4 E:\Projects\arfod-tryout\app\Controllers\Auth.php(37): CodeIgniter\BaseModel->first()
#5 E:\Projects\arfod-tryout\vendor\codeigniter4\framework\system\CodeIgniter.php(824): App\Controllers\Auth->index()
#6 E:\Projects\arfod-tryout\vendor\codeigniter4\framework\system\CodeIgniter.php(410): CodeIgniter\CodeIgniter->runController(Object(App\Controllers\Auth))
#7 E:\Projects\arfod-tryout\vendor\codeigniter4\framework\system\CodeIgniter.php(318): CodeIgniter\CodeIgniter->handleRequest(NULL, Object(Config\Cache), false)
#8 E:\Projects\arfod-tryout\public\index.php(37): CodeIgniter\CodeIgniter->run()
#9 E:\Projects\arfod-tryout\vendor\codeigniter4\framework\system\Commands\Server\rewrite.php(43): require_once('E:\\Projects\\arf...')
#10 {main}
ERROR - 2024-04-23 16:00:05 --> Error connecting to the database: Access denied for user ''@'localhost' (using password: YES)
CRITICAL - 2024-04-23 16:00:05 --> Unable to connect to the database.
Main connection [MySQLi]: Access denied for user ''@'localhost' (using password: YES)
#0 E:\Projects\arfod-tryout\vendor\codeigniter4\framework\system\Database\BaseConnection.php(577): CodeIgniter\Database\BaseConnection->initialize()
#1 E:\Projects\arfod-tryout\vendor\codeigniter4\framework\system\Database\BaseBuilder.php(1443): CodeIgniter\Database\BaseConnection->query('SELECT *\nFROM `...', Array, false)
#2 E:\Projects\arfod-tryout\vendor\codeigniter4\framework\system\Model.php(210): CodeIgniter\Database\BaseBuilder->get()
#3 E:\Projects\arfod-tryout\vendor\codeigniter4\framework\system\BaseModel.php(622): CodeIgniter\Model->doFirst()
#4 E:\Projects\arfod-tryout\app\Controllers\Auth.php(37): CodeIgniter\BaseModel->first()
#5 E:\Projects\arfod-tryout\vendor\codeigniter4\framework\system\CodeIgniter.php(824): App\Controllers\Auth->index()
#6 E:\Projects\arfod-tryout\vendor\codeigniter4\framework\system\CodeIgniter.php(410): CodeIgniter\CodeIgniter->runController(Object(App\Controllers\Auth))
#7 E:\Projects\arfod-tryout\vendor\codeigniter4\framework\system\CodeIgniter.php(318): CodeIgniter\CodeIgniter->handleRequest(NULL, Object(Config\Cache), false)
#8 E:\Projects\arfod-tryout\public\index.php(37): CodeIgniter\CodeIgniter->run()
#9 E:\Projects\arfod-tryout\vendor\codeigniter4\framework\system\Commands\Server\rewrite.php(43): require_once('E:\\Projects\\arf...')
#10 {main}
ERROR - 2024-04-23 16:00:05 --> Error connecting to the database: Access denied for user ''@'localhost' (using password: YES)
CRITICAL - 2024-04-23 16:00:05 --> Unable to connect to the database.
Main connection [MySQLi]: Access denied for user ''@'localhost' (using password: YES)
#0 E:\Projects\arfod-tryout\vendor\codeigniter4\framework\system\Database\BaseConnection.php(577): CodeIgniter\Database\BaseConnection->initialize()
#1 E:\Projects\arfod-tryout\vendor\codeigniter4\framework\system\Database\BaseBuilder.php(1443): CodeIgniter\Database\BaseConnection->query('SELECT *\nFROM `...', Array, false)
#2 E:\Projects\arfod-tryout\vendor\codeigniter4\framework\system\Model.php(210): CodeIgniter\Database\BaseBuilder->get()
#3 E:\Projects\arfod-tryout\vendor\codeigniter4\framework\system\BaseModel.php(622): CodeIgniter\Model->doFirst()
#4 E:\Projects\arfod-tryout\app\Controllers\Auth.php(37): CodeIgniter\BaseModel->first()
#5 E:\Projects\arfod-tryout\vendor\codeigniter4\framework\system\CodeIgniter.php(824): App\Controllers\Auth->index()
#6 E:\Projects\arfod-tryout\vendor\codeigniter4\framework\system\CodeIgniter.php(410): CodeIgniter\CodeIgniter->runController(Object(App\Controllers\Auth))
#7 E:\Projects\arfod-tryout\vendor\codeigniter4\framework\system\CodeIgniter.php(318): CodeIgniter\CodeIgniter->handleRequest(NULL, Object(Config\Cache), false)
#8 E:\Projects\arfod-tryout\public\index.php(37): CodeIgniter\CodeIgniter->run()
#9 E:\Projects\arfod-tryout\vendor\codeigniter4\framework\system\Commands\Server\rewrite.php(43): require_once('E:\\Projects\\arf...')
#10 {main}
ERROR - 2024-04-23 16:00:14 --> Error connecting to the database: Access denied for user ''@'localhost' (using password: YES)
CRITICAL - 2024-04-23 16:00:14 --> Unable to connect to the database.
Main connection [MySQLi]: Access denied for user ''@'localhost' (using password: YES)
#0 E:\Projects\arfod-tryout\vendor\codeigniter4\framework\system\Database\BaseConnection.php(577): CodeIgniter\Database\BaseConnection->initialize()
#1 E:\Projects\arfod-tryout\vendor\codeigniter4\framework\system\Database\BaseBuilder.php(1443): CodeIgniter\Database\BaseConnection->query('SELECT *\nFROM `...', Array, false)
#2 E:\Projects\arfod-tryout\vendor\codeigniter4\framework\system\Model.php(210): CodeIgniter\Database\BaseBuilder->get()
#3 E:\Projects\arfod-tryout\vendor\codeigniter4\framework\system\BaseModel.php(622): CodeIgniter\Model->doFirst()
#4 E:\Projects\arfod-tryout\app\Controllers\Auth.php(37): CodeIgniter\BaseModel->first()
#5 E:\Projects\arfod-tryout\vendor\codeigniter4\framework\system\CodeIgniter.php(824): App\Controllers\Auth->index()
#6 E:\Projects\arfod-tryout\vendor\codeigniter4\framework\system\CodeIgniter.php(410): CodeIgniter\CodeIgniter->runController(Object(App\Controllers\Auth))
#7 E:\Projects\arfod-tryout\vendor\codeigniter4\framework\system\CodeIgniter.php(318): CodeIgniter\CodeIgniter->handleRequest(NULL, Object(Config\Cache), false)
#8 E:\Projects\arfod-tryout\public\index.php(37): CodeIgniter\CodeIgniter->run()
#9 E:\Projects\arfod-tryout\vendor\codeigniter4\framework\system\Commands\Server\rewrite.php(43): require_once('E:\\Projects\\arf...')
#10 {main}
ERROR - 2024-04-23 16:01:09 --> Error connecting to the database: Access denied for user ''@'localhost' (using password: YES)
CRITICAL - 2024-04-23 16:01:09 --> Unable to connect to the database.
Main connection [MySQLi]: Access denied for user ''@'localhost' (using password: YES)
#0 E:\Projects\arfod-tryout\vendor\codeigniter4\framework\system\Database\BaseConnection.php(577): CodeIgniter\Database\BaseConnection->initialize()
#1 E:\Projects\arfod-tryout\vendor\codeigniter4\framework\system\Database\BaseBuilder.php(1443): CodeIgniter\Database\BaseConnection->query('SELECT *\nFROM `...', Array, false)
#2 E:\Projects\arfod-tryout\vendor\codeigniter4\framework\system\Model.php(210): CodeIgniter\Database\BaseBuilder->get()
#3 E:\Projects\arfod-tryout\vendor\codeigniter4\framework\system\BaseModel.php(622): CodeIgniter\Model->doFirst()
#4 E:\Projects\arfod-tryout\app\Controllers\Auth.php(37): CodeIgniter\BaseModel->first()
#5 E:\Projects\arfod-tryout\vendor\codeigniter4\framework\system\CodeIgniter.php(824): App\Controllers\Auth->index()
#6 E:\Projects\arfod-tryout\vendor\codeigniter4\framework\system\CodeIgniter.php(410): CodeIgniter\CodeIgniter->runController(Object(App\Controllers\Auth))
#7 E:\Projects\arfod-tryout\vendor\codeigniter4\framework\system\CodeIgniter.php(318): CodeIgniter\CodeIgniter->handleRequest(NULL, Object(Config\Cache), false)
#8 E:\Projects\arfod-tryout\public\index.php(37): CodeIgniter\CodeIgniter->run()
#9 E:\Projects\arfod-tryout\vendor\codeigniter4\framework\system\Commands\Server\rewrite.php(43): require_once('E:\\Projects\\arf...')
#10 {main}
ERROR - 2024-04-23 16:01:13 --> Error connecting to the database: Access denied for user ''@'localhost' (using password: YES)
CRITICAL - 2024-04-23 16:01:13 --> Unable to connect to the database.
Main connection [MySQLi]: Access denied for user ''@'localhost' (using password: YES)
#0 E:\Projects\arfod-tryout\vendor\codeigniter4\framework\system\Database\BaseConnection.php(577): CodeIgniter\Database\BaseConnection->initialize()
#1 E:\Projects\arfod-tryout\vendor\codeigniter4\framework\system\Database\BaseBuilder.php(1443): CodeIgniter\Database\BaseConnection->query('SELECT *\nFROM `...', Array, false)
#2 E:\Projects\arfod-tryout\vendor\codeigniter4\framework\system\Model.php(210): CodeIgniter\Database\BaseBuilder->get()
#3 E:\Projects\arfod-tryout\vendor\codeigniter4\framework\system\BaseModel.php(622): CodeIgniter\Model->doFirst()
#4 E:\Projects\arfod-tryout\app\Controllers\Auth.php(37): CodeIgniter\BaseModel->first()
#5 E:\Projects\arfod-tryout\vendor\codeigniter4\framework\system\CodeIgniter.php(824): App\Controllers\Auth->index()
#6 E:\Projects\arfod-tryout\vendor\codeigniter4\framework\system\CodeIgniter.php(410): CodeIgniter\CodeIgniter->runController(Object(App\Controllers\Auth))
#7 E:\Projects\arfod-tryout\vendor\codeigniter4\framework\system\CodeIgniter.php(318): CodeIgniter\CodeIgniter->handleRequest(NULL, Object(Config\Cache), false)
#8 E:\Projects\arfod-tryout\public\index.php(37): CodeIgniter\CodeIgniter->run()
#9 E:\Projects\arfod-tryout\vendor\codeigniter4\framework\system\Commands\Server\rewrite.php(43): require_once('E:\\Projects\\arf...')
#10 {main}
ERROR - 2024-04-23 16:01:23 --> Error connecting to the database: Access denied for user ''@'localhost' (using password: YES)
CRITICAL - 2024-04-23 16:01:23 --> Unable to connect to the database.
Main connection [MySQLi]: Access denied for user ''@'localhost' (using password: YES)
#0 E:\Projects\arfod-tryout\vendor\codeigniter4\framework\system\Database\BaseConnection.php(577): CodeIgniter\Database\BaseConnection->initialize()
#1 E:\Projects\arfod-tryout\vendor\codeigniter4\framework\system\Database\BaseBuilder.php(1443): CodeIgniter\Database\BaseConnection->query('SELECT *\nFROM `...', Array, false)
#2 E:\Projects\arfod-tryout\vendor\codeigniter4\framework\system\Model.php(210): CodeIgniter\Database\BaseBuilder->get()
#3 E:\Projects\arfod-tryout\vendor\codeigniter4\framework\system\BaseModel.php(622): CodeIgniter\Model->doFirst()
#4 E:\Projects\arfod-tryout\app\Controllers\Auth.php(37): CodeIgniter\BaseModel->first()
#5 E:\Projects\arfod-tryout\vendor\codeigniter4\framework\system\CodeIgniter.php(824): App\Controllers\Auth->index()
#6 E:\Projects\arfod-tryout\vendor\codeigniter4\framework\system\CodeIgniter.php(410): CodeIgniter\CodeIgniter->runController(Object(App\Controllers\Auth))
#7 E:\Projects\arfod-tryout\vendor\codeigniter4\framework\system\CodeIgniter.php(318): CodeIgniter\CodeIgniter->handleRequest(NULL, Object(Config\Cache), false)
#8 E:\Projects\arfod-tryout\public\index.php(37): CodeIgniter\CodeIgniter->run()
#9 E:\Projects\arfod-tryout\vendor\codeigniter4\framework\system\Commands\Server\rewrite.php(43): require_once('E:\\Projects\\arf...')
#10 {main}
ERROR - 2024-04-23 16:01:24 --> Error connecting to the database: Access denied for user ''@'localhost' (using password: YES)
CRITICAL - 2024-04-23 16:01:24 --> Unable to connect to the database.
Main connection [MySQLi]: Access denied for user ''@'localhost' (using password: YES)
#0 E:\Projects\arfod-tryout\vendor\codeigniter4\framework\system\Database\BaseConnection.php(577): CodeIgniter\Database\BaseConnection->initialize()
#1 E:\Projects\arfod-tryout\vendor\codeigniter4\framework\system\Database\BaseBuilder.php(1443): CodeIgniter\Database\BaseConnection->query('SELECT *\nFROM `...', Array, false)
#2 E:\Projects\arfod-tryout\vendor\codeigniter4\framework\system\Model.php(210): CodeIgniter\Database\BaseBuilder->get()
#3 E:\Projects\arfod-tryout\vendor\codeigniter4\framework\system\BaseModel.php(622): CodeIgniter\Model->doFirst()
#4 E:\Projects\arfod-tryout\app\Controllers\Auth.php(37): CodeIgniter\BaseModel->first()
#5 E:\Projects\arfod-tryout\vendor\codeigniter4\framework\system\CodeIgniter.php(824): App\Controllers\Auth->index()
#6 E:\Projects\arfod-tryout\vendor\codeigniter4\framework\system\CodeIgniter.php(410): CodeIgniter\CodeIgniter->runController(Object(App\Controllers\Auth))
#7 E:\Projects\arfod-tryout\vendor\codeigniter4\framework\system\CodeIgniter.php(318): CodeIgniter\CodeIgniter->handleRequest(NULL, Object(Config\Cache), false)
#8 E:\Projects\arfod-tryout\public\index.php(37): CodeIgniter\CodeIgniter->run()
#9 E:\Projects\arfod-tryout\vendor\codeigniter4\framework\system\Commands\Server\rewrite.php(43): require_once('E:\\Projects\\arf...')
#10 {main}
ERROR - 2024-04-23 16:01:24 --> Error connecting to the database: Access denied for user ''@'localhost' (using password: YES)
CRITICAL - 2024-04-23 16:01:24 --> Unable to connect to the database.
Main connection [MySQLi]: Access denied for user ''@'localhost' (using password: YES)
#0 E:\Projects\arfod-tryout\vendor\codeigniter4\framework\system\Database\BaseConnection.php(577): CodeIgniter\Database\BaseConnection->initialize()
#1 E:\Projects\arfod-tryout\vendor\codeigniter4\framework\system\Database\BaseBuilder.php(1443): CodeIgniter\Database\BaseConnection->query('SELECT *\nFROM `...', Array, false)
#2 E:\Projects\arfod-tryout\vendor\codeigniter4\framework\system\Model.php(210): CodeIgniter\Database\BaseBuilder->get()
#3 E:\Projects\arfod-tryout\vendor\codeigniter4\framework\system\BaseModel.php(622): CodeIgniter\Model->doFirst()
#4 E:\Projects\arfod-tryout\app\Controllers\Auth.php(37): CodeIgniter\BaseModel->first()
#5 E:\Projects\arfod-tryout\vendor\codeigniter4\framework\system\CodeIgniter.php(824): App\Controllers\Auth->index()
#6 E:\Projects\arfod-tryout\vendor\codeigniter4\framework\system\CodeIgniter.php(410): CodeIgniter\CodeIgniter->runController(Object(App\Controllers\Auth))
#7 E:\Projects\arfod-tryout\vendor\codeigniter4\framework\system\CodeIgniter.php(318): CodeIgniter\CodeIgniter->handleRequest(NULL, Object(Config\Cache), false)
#8 E:\Projects\arfod-tryout\public\index.php(37): CodeIgniter\CodeIgniter->run()
#9 E:\Projects\arfod-tryout\vendor\codeigniter4\framework\system\Commands\Server\rewrite.php(43): require_once('E:\\Projects\\arf...')
#10 {main}
ERROR - 2024-04-23 16:01:24 --> Error connecting to the database: Access denied for user ''@'localhost' (using password: YES)
CRITICAL - 2024-04-23 16:01:24 --> Unable to connect to the database.
Main connection [MySQLi]: Access denied for user ''@'localhost' (using password: YES)
#0 E:\Projects\arfod-tryout\vendor\codeigniter4\framework\system\Database\BaseConnection.php(577): CodeIgniter\Database\BaseConnection->initialize()
#1 E:\Projects\arfod-tryout\vendor\codeigniter4\framework\system\Database\BaseBuilder.php(1443): CodeIgniter\Database\BaseConnection->query('SELECT *\nFROM `...', Array, false)
#2 E:\Projects\arfod-tryout\vendor\codeigniter4\framework\system\Model.php(210): CodeIgniter\Database\BaseBuilder->get()
#3 E:\Projects\arfod-tryout\vendor\codeigniter4\framework\system\BaseModel.php(622): CodeIgniter\Model->doFirst()
#4 E:\Projects\arfod-tryout\app\Controllers\Auth.php(37): CodeIgniter\BaseModel->first()
#5 E:\Projects\arfod-tryout\vendor\codeigniter4\framework\system\CodeIgniter.php(824): App\Controllers\Auth->index()
#6 E:\Projects\arfod-tryout\vendor\codeigniter4\framework\system\CodeIgniter.php(410): CodeIgniter\CodeIgniter->runController(Object(App\Controllers\Auth))
#7 E:\Projects\arfod-tryout\vendor\codeigniter4\framework\system\CodeIgniter.php(318): CodeIgniter\CodeIgniter->handleRequest(NULL, Object(Config\Cache), false)
#8 E:\Projects\arfod-tryout\public\index.php(37): CodeIgniter\CodeIgniter->run()
#9 E:\Projects\arfod-tryout\vendor\codeigniter4\framework\system\Commands\Server\rewrite.php(43): require_once('E:\\Projects\\arf...')
#10 {main}
ERROR - 2024-04-23 16:01:25 --> Error connecting to the database: Access denied for user ''@'localhost' (using password: YES)
CRITICAL - 2024-04-23 16:01:25 --> Unable to connect to the database.
Main connection [MySQLi]: Access denied for user ''@'localhost' (using password: YES)
#0 E:\Projects\arfod-tryout\vendor\codeigniter4\framework\system\Database\BaseConnection.php(577): CodeIgniter\Database\BaseConnection->initialize()
#1 E:\Projects\arfod-tryout\vendor\codeigniter4\framework\system\Database\BaseBuilder.php(1443): CodeIgniter\Database\BaseConnection->query('SELECT *\nFROM `...', Array, false)
#2 E:\Projects\arfod-tryout\vendor\codeigniter4\framework\system\Model.php(210): CodeIgniter\Database\BaseBuilder->get()
#3 E:\Projects\arfod-tryout\vendor\codeigniter4\framework\system\BaseModel.php(622): CodeIgniter\Model->doFirst()
#4 E:\Projects\arfod-tryout\app\Controllers\Auth.php(37): CodeIgniter\BaseModel->first()
#5 E:\Projects\arfod-tryout\vendor\codeigniter4\framework\system\CodeIgniter.php(824): App\Controllers\Auth->index()
#6 E:\Projects\arfod-tryout\vendor\codeigniter4\framework\system\CodeIgniter.php(410): CodeIgniter\CodeIgniter->runController(Object(App\Controllers\Auth))
#7 E:\Projects\arfod-tryout\vendor\codeigniter4\framework\system\CodeIgniter.php(318): CodeIgniter\CodeIgniter->handleRequest(NULL, Object(Config\Cache), false)
#8 E:\Projects\arfod-tryout\public\index.php(37): CodeIgniter\CodeIgniter->run()
#9 E:\Projects\arfod-tryout\vendor\codeigniter4\framework\system\Commands\Server\rewrite.php(43): require_once('E:\\Projects\\arf...')
#10 {main}
ERROR - 2024-04-23 16:01:25 --> Error connecting to the database: Access denied for user ''@'localhost' (using password: YES)
CRITICAL - 2024-04-23 16:01:25 --> Unable to connect to the database.
Main connection [MySQLi]: Access denied for user ''@'localhost' (using password: YES)
#0 E:\Projects\arfod-tryout\vendor\codeigniter4\framework\system\Database\BaseConnection.php(577): CodeIgniter\Database\BaseConnection->initialize()
#1 E:\Projects\arfod-tryout\vendor\codeigniter4\framework\system\Database\BaseBuilder.php(1443): CodeIgniter\Database\BaseConnection->query('SELECT *\nFROM `...', Array, false)
#2 E:\Projects\arfod-tryout\vendor\codeigniter4\framework\system\Model.php(210): CodeIgniter\Database\BaseBuilder->get()
#3 E:\Projects\arfod-tryout\vendor\codeigniter4\framework\system\BaseModel.php(622): CodeIgniter\Model->doFirst()
#4 E:\Projects\arfod-tryout\app\Controllers\Auth.php(37): CodeIgniter\BaseModel->first()
#5 E:\Projects\arfod-tryout\vendor\codeigniter4\framework\system\CodeIgniter.php(824): App\Controllers\Auth->index()
#6 E:\Projects\arfod-tryout\vendor\codeigniter4\framework\system\CodeIgniter.php(410): CodeIgniter\CodeIgniter->runController(Object(App\Controllers\Auth))
#7 E:\Projects\arfod-tryout\vendor\codeigniter4\framework\system\CodeIgniter.php(318): CodeIgniter\CodeIgniter->handleRequest(NULL, Object(Config\Cache), false)
#8 E:\Projects\arfod-tryout\public\index.php(37): CodeIgniter\CodeIgniter->run()
#9 E:\Projects\arfod-tryout\vendor\codeigniter4\framework\system\Commands\Server\rewrite.php(43): require_once('E:\\Projects\\arf...')
#10 {main}
ERROR - 2024-04-23 16:02:40 --> Error connecting to the database: Access denied for user ''@'localhost' (using password: YES)
CRITICAL - 2024-04-23 16:02:40 --> Unable to connect to the database.
Main connection [MySQLi]: Access denied for user ''@'localhost' (using password: YES)
#0 E:\Projects\arfod-tryout\vendor\codeigniter4\framework\system\Database\BaseConnection.php(577): CodeIgniter\Database\BaseConnection->initialize()
#1 E:\Projects\arfod-tryout\vendor\codeigniter4\framework\system\Database\BaseBuilder.php(1443): CodeIgniter\Database\BaseConnection->query('SELECT *\nFROM `...', Array, false)
#2 E:\Projects\arfod-tryout\vendor\codeigniter4\framework\system\Model.php(210): CodeIgniter\Database\BaseBuilder->get()
#3 E:\Projects\arfod-tryout\vendor\codeigniter4\framework\system\BaseModel.php(622): CodeIgniter\Model->doFirst()
#4 E:\Projects\arfod-tryout\app\Controllers\Auth.php(37): CodeIgniter\BaseModel->first()
#5 E:\Projects\arfod-tryout\vendor\codeigniter4\framework\system\CodeIgniter.php(824): App\Controllers\Auth->index()
#6 E:\Projects\arfod-tryout\vendor\codeigniter4\framework\system\CodeIgniter.php(410): CodeIgniter\CodeIgniter->runController(Object(App\Controllers\Auth))
#7 E:\Projects\arfod-tryout\vendor\codeigniter4\framework\system\CodeIgniter.php(318): CodeIgniter\CodeIgniter->handleRequest(NULL, Object(Config\Cache), false)
#8 E:\Projects\arfod-tryout\public\index.php(37): CodeIgniter\CodeIgniter->run()
#9 E:\Projects\arfod-tryout\vendor\codeigniter4\framework\system\Commands\Server\rewrite.php(43): require_once('E:\\Projects\\arf...')
#10 {main}
ERROR - 2024-04-23 16:03:21 --> Error connecting to the database: Access denied for user ''@'localhost' (using password: YES)
CRITICAL - 2024-04-23 16:03:21 --> Unable to connect to the database.
Main connection [MySQLi]: Access denied for user ''@'localhost' (using password: YES)
#0 E:\Projects\arfod-tryout\vendor\codeigniter4\framework\system\Database\BaseConnection.php(577): CodeIgniter\Database\BaseConnection->initialize()
#1 E:\Projects\arfod-tryout\vendor\codeigniter4\framework\system\Database\BaseBuilder.php(1443): CodeIgniter\Database\BaseConnection->query('SELECT *\nFROM `...', Array, false)
#2 E:\Projects\arfod-tryout\vendor\codeigniter4\framework\system\Model.php(210): CodeIgniter\Database\BaseBuilder->get()
#3 E:\Projects\arfod-tryout\vendor\codeigniter4\framework\system\BaseModel.php(622): CodeIgniter\Model->doFirst()
#4 E:\Projects\arfod-tryout\app\Controllers\Auth.php(37): CodeIgniter\BaseModel->first()
#5 E:\Projects\arfod-tryout\vendor\codeigniter4\framework\system\CodeIgniter.php(824): App\Controllers\Auth->index()
#6 E:\Projects\arfod-tryout\vendor\codeigniter4\framework\system\CodeIgniter.php(410): CodeIgniter\CodeIgniter->runController(Object(App\Controllers\Auth))
#7 E:\Projects\arfod-tryout\vendor\codeigniter4\framework\system\CodeIgniter.php(318): CodeIgniter\CodeIgniter->handleRequest(NULL, Object(Config\Cache), false)
#8 E:\Projects\arfod-tryout\public\index.php(37): CodeIgniter\CodeIgniter->run()
#9 E:\Projects\arfod-tryout\vendor\codeigniter4\framework\system\Commands\Server\rewrite.php(43): require_once('E:\\Projects\\arf...')
#10 {main}
ERROR - 2024-04-23 16:03:26 --> Error connecting to the database: Access denied for user ''@'localhost' (using password: YES)
CRITICAL - 2024-04-23 16:03:26 --> Unable to connect to the database.
Main connection [MySQLi]: Access denied for user ''@'localhost' (using password: YES)
#0 E:\Projects\arfod-tryout\vendor\codeigniter4\framework\system\Database\BaseConnection.php(577): CodeIgniter\Database\BaseConnection->initialize()
#1 E:\Projects\arfod-tryout\vendor\codeigniter4\framework\system\Database\BaseBuilder.php(1443): CodeIgniter\Database\BaseConnection->query('SELECT *\nFROM `...', Array, false)
#2 E:\Projects\arfod-tryout\vendor\codeigniter4\framework\system\Model.php(210): CodeIgniter\Database\BaseBuilder->get()
#3 E:\Projects\arfod-tryout\vendor\codeigniter4\framework\system\BaseModel.php(622): CodeIgniter\Model->doFirst()
#4 E:\Projects\arfod-tryout\app\Controllers\Auth.php(37): CodeIgniter\BaseModel->first()
#5 E:\Projects\arfod-tryout\vendor\codeigniter4\framework\system\CodeIgniter.php(824): App\Controllers\Auth->index()
#6 E:\Projects\arfod-tryout\vendor\codeigniter4\framework\system\CodeIgniter.php(410): CodeIgniter\CodeIgniter->runController(Object(App\Controllers\Auth))
#7 E:\Projects\arfod-tryout\vendor\codeigniter4\framework\system\CodeIgniter.php(318): CodeIgniter\CodeIgniter->handleRequest(NULL, Object(Config\Cache), false)
#8 E:\Projects\arfod-tryout\public\index.php(37): CodeIgniter\CodeIgniter->run()
#9 E:\Projects\arfod-tryout\vendor\codeigniter4\framework\system\Commands\Server\rewrite.php(43): require_once('E:\\Projects\\arf...')
#10 {main}
ERROR - 2024-04-23 16:03:32 --> Error connecting to the database: Access denied for user ''@'localhost' (using password: YES)
CRITICAL - 2024-04-23 16:03:32 --> Unable to connect to the database.
Main connection [MySQLi]: Access denied for user ''@'localhost' (using password: YES)
#0 E:\Projects\arfod-tryout\vendor\codeigniter4\framework\system\Database\BaseConnection.php(577): CodeIgniter\Database\BaseConnection->initialize()
#1 E:\Projects\arfod-tryout\vendor\codeigniter4\framework\system\Database\BaseBuilder.php(1443): CodeIgniter\Database\BaseConnection->query('SELECT *\nFROM `...', Array, false)
#2 E:\Projects\arfod-tryout\vendor\codeigniter4\framework\system\Model.php(210): CodeIgniter\Database\BaseBuilder->get()
#3 E:\Projects\arfod-tryout\vendor\codeigniter4\framework\system\BaseModel.php(622): CodeIgniter\Model->doFirst()
#4 E:\Projects\arfod-tryout\app\Controllers\Auth.php(37): CodeIgniter\BaseModel->first()
#5 E:\Projects\arfod-tryout\vendor\codeigniter4\framework\system\CodeIgniter.php(824): App\Controllers\Auth->index()
#6 E:\Projects\arfod-tryout\vendor\codeigniter4\framework\system\CodeIgniter.php(410): CodeIgniter\CodeIgniter->runController(Object(App\Controllers\Auth))
#7 E:\Projects\arfod-tryout\vendor\codeigniter4\framework\system\CodeIgniter.php(318): CodeIgniter\CodeIgniter->handleRequest(NULL, Object(Config\Cache), false)
#8 E:\Projects\arfod-tryout\public\index.php(37): CodeIgniter\CodeIgniter->run()
#9 E:\Projects\arfod-tryout\vendor\codeigniter4\framework\system\Commands\Server\rewrite.php(43): require_once('E:\\Projects\\arf...')
#10 {main}
ERROR - 2024-04-23 16:03:54 --> Error connecting to the database: Access denied for user ''@'localhost' (using password: YES)
CRITICAL - 2024-04-23 16:03:54 --> Unable to connect to the database.
Main connection [MySQLi]: Access denied for user ''@'localhost' (using password: YES)
#0 E:\Projects\arfod-tryout\vendor\codeigniter4\framework\system\Database\BaseConnection.php(577): CodeIgniter\Database\BaseConnection->initialize()
#1 E:\Projects\arfod-tryout\vendor\codeigniter4\framework\system\Database\BaseBuilder.php(1443): CodeIgniter\Database\BaseConnection->query('SELECT *\nFROM `...', Array, false)
#2 E:\Projects\arfod-tryout\vendor\codeigniter4\framework\system\Model.php(210): CodeIgniter\Database\BaseBuilder->get()
#3 E:\Projects\arfod-tryout\vendor\codeigniter4\framework\system\BaseModel.php(622): CodeIgniter\Model->doFirst()
#4 E:\Projects\arfod-tryout\app\Controllers\Auth.php(37): CodeIgniter\BaseModel->first()
#5 E:\Projects\arfod-tryout\vendor\codeigniter4\framework\system\CodeIgniter.php(824): App\Controllers\Auth->index()
#6 E:\Projects\arfod-tryout\vendor\codeigniter4\framework\system\CodeIgniter.php(410): CodeIgniter\CodeIgniter->runController(Object(App\Controllers\Auth))
#7 E:\Projects\arfod-tryout\vendor\codeigniter4\framework\system\CodeIgniter.php(318): CodeIgniter\CodeIgniter->handleRequest(NULL, Object(Config\Cache), false)
#8 E:\Projects\arfod-tryout\public\index.php(37): CodeIgniter\CodeIgniter->run()
#9 E:\Projects\arfod-tryout\vendor\codeigniter4\framework\system\Commands\Server\rewrite.php(43): require_once('E:\\Projects\\arf...')
#10 {main}
ERROR - 2024-04-23 16:04:47 --> Error connecting to the database: Access denied for user ''@'localhost' (using password: YES)
CRITICAL - 2024-04-23 16:04:47 --> Unable to connect to the database.
Main connection [MySQLi]: Access denied for user ''@'localhost' (using password: YES)
#0 E:\Projects\arfod-tryout\vendor\codeigniter4\framework\system\Database\BaseConnection.php(577): CodeIgniter\Database\BaseConnection->initialize()
#1 E:\Projects\arfod-tryout\vendor\codeigniter4\framework\system\Database\BaseBuilder.php(1443): CodeIgniter\Database\BaseConnection->query('SELECT *\nFROM `...', Array, false)
#2 E:\Projects\arfod-tryout\vendor\codeigniter4\framework\system\Model.php(210): CodeIgniter\Database\BaseBuilder->get()
#3 E:\Projects\arfod-tryout\vendor\codeigniter4\framework\system\BaseModel.php(622): CodeIgniter\Model->doFirst()
#4 E:\Projects\arfod-tryout\app\Controllers\Auth.php(37): CodeIgniter\BaseModel->first()
#5 E:\Projects\arfod-tryout\vendor\codeigniter4\framework\system\CodeIgniter.php(824): App\Controllers\Auth->index()
#6 E:\Projects\arfod-tryout\vendor\codeigniter4\framework\system\CodeIgniter.php(410): CodeIgniter\CodeIgniter->runController(Object(App\Controllers\Auth))
#7 E:\Projects\arfod-tryout\vendor\codeigniter4\framework\system\CodeIgniter.php(318): CodeIgniter\CodeIgniter->handleRequest(NULL, Object(Config\Cache), false)
#8 E:\Projects\arfod-tryout\public\index.php(37): CodeIgniter\CodeIgniter->run()
#9 E:\Projects\arfod-tryout\vendor\codeigniter4\framework\system\Commands\Server\rewrite.php(43): require_once('E:\\Projects\\arf...')
#10 {main}
ERROR - 2024-04-23 16:07:20 --> Error connecting to the database: Access denied for user ''@'localhost' (using password: YES)
CRITICAL - 2024-04-23 16:07:20 --> Unable to connect to the database.
Main connection [MySQLi]: Access denied for user ''@'localhost' (using password: YES)
#0 E:\Projects\arfod-tryout\vendor\codeigniter4\framework\system\Database\BaseConnection.php(577): CodeIgniter\Database\BaseConnection->initialize()
#1 E:\Projects\arfod-tryout\vendor\codeigniter4\framework\system\Database\BaseBuilder.php(1443): CodeIgniter\Database\BaseConnection->query('SELECT *\nFROM `...', Array, false)
#2 E:\Projects\arfod-tryout\vendor\codeigniter4\framework\system\Model.php(210): CodeIgniter\Database\BaseBuilder->get()
#3 E:\Projects\arfod-tryout\vendor\codeigniter4\framework\system\BaseModel.php(622): CodeIgniter\Model->doFirst()
#4 E:\Projects\arfod-tryout\app\Controllers\Auth.php(37): CodeIgniter\BaseModel->first()
#5 E:\Projects\arfod-tryout\vendor\codeigniter4\framework\system\CodeIgniter.php(824): App\Controllers\Auth->index()
#6 E:\Projects\arfod-tryout\vendor\codeigniter4\framework\system\CodeIgniter.php(410): CodeIgniter\CodeIgniter->runController(Object(App\Controllers\Auth))
#7 E:\Projects\arfod-tryout\vendor\codeigniter4\framework\system\CodeIgniter.php(318): CodeIgniter\CodeIgniter->handleRequest(NULL, Object(Config\Cache), false)
#8 E:\Projects\arfod-tryout\public\index.php(37): CodeIgniter\CodeIgniter->run()
#9 E:\Projects\arfod-tryout\vendor\codeigniter4\framework\system\Commands\Server\rewrite.php(43): require_once('E:\\Projects\\arf...')
#10 {main}
ERROR - 2024-04-23 16:11:04 --> Error connecting to the database: Access denied for user ''@'localhost' (using password: YES)
CRITICAL - 2024-04-23 16:11:04 --> Unable to connect to the database.
Main connection [MySQLi]: Access denied for user ''@'localhost' (using password: YES)
#0 E:\Projects\arfod-tryout\vendor\codeigniter4\framework\system\Database\BaseConnection.php(577): CodeIgniter\Database\BaseConnection->initialize()
#1 E:\Projects\arfod-tryout\vendor\codeigniter4\framework\system\Database\BaseBuilder.php(1443): CodeIgniter\Database\BaseConnection->query('SELECT *\nFROM `...', Array, false)
#2 E:\Projects\arfod-tryout\vendor\codeigniter4\framework\system\Model.php(210): CodeIgniter\Database\BaseBuilder->get()
#3 E:\Projects\arfod-tryout\vendor\codeigniter4\framework\system\BaseModel.php(622): CodeIgniter\Model->doFirst()
#4 E:\Projects\arfod-tryout\app\Controllers\Auth.php(37): CodeIgniter\BaseModel->first()
#5 E:\Projects\arfod-tryout\vendor\codeigniter4\framework\system\CodeIgniter.php(824): App\Controllers\Auth->index()
#6 E:\Projects\arfod-tryout\vendor\codeigniter4\framework\system\CodeIgniter.php(410): CodeIgniter\CodeIgniter->runController(Object(App\Controllers\Auth))
#7 E:\Projects\arfod-tryout\vendor\codeigniter4\framework\system\CodeIgniter.php(318): CodeIgniter\CodeIgniter->handleRequest(NULL, Object(Config\Cache), false)
#8 E:\Projects\arfod-tryout\public\index.php(37): CodeIgniter\CodeIgniter->run()
#9 E:\Projects\arfod-tryout\vendor\codeigniter4\framework\system\Commands\Server\rewrite.php(43): require_once('E:\\Projects\\arf...')
#10 {main}
ERROR - 2024-04-23 16:11:05 --> Error connecting to the database: Access denied for user ''@'localhost' (using password: YES)
CRITICAL - 2024-04-23 16:11:05 --> Unable to connect to the database.
Main connection [MySQLi]: Access denied for user ''@'localhost' (using password: YES)
#0 E:\Projects\arfod-tryout\vendor\codeigniter4\framework\system\Database\BaseConnection.php(577): CodeIgniter\Database\BaseConnection->initialize()
#1 E:\Projects\arfod-tryout\vendor\codeigniter4\framework\system\Database\BaseBuilder.php(1443): CodeIgniter\Database\BaseConnection->query('SELECT *\nFROM `...', Array, false)
#2 E:\Projects\arfod-tryout\vendor\codeigniter4\framework\system\Model.php(210): CodeIgniter\Database\BaseBuilder->get()
#3 E:\Projects\arfod-tryout\vendor\codeigniter4\framework\system\BaseModel.php(622): CodeIgniter\Model->doFirst()
#4 E:\Projects\arfod-tryout\app\Controllers\Auth.php(37): CodeIgniter\BaseModel->first()
#5 E:\Projects\arfod-tryout\vendor\codeigniter4\framework\system\CodeIgniter.php(824): App\Controllers\Auth->index()
#6 E:\Projects\arfod-tryout\vendor\codeigniter4\framework\system\CodeIgniter.php(410): CodeIgniter\CodeIgniter->runController(Object(App\Controllers\Auth))
#7 E:\Projects\arfod-tryout\vendor\codeigniter4\framework\system\CodeIgniter.php(318): CodeIgniter\CodeIgniter->handleRequest(NULL, Object(Config\Cache), false)
#8 E:\Projects\arfod-tryout\public\index.php(37): CodeIgniter\CodeIgniter->run()
#9 E:\Projects\arfod-tryout\vendor\codeigniter4\framework\system\Commands\Server\rewrite.php(43): require_once('E:\\Projects\\arf...')
#10 {main}
ERROR - 2024-04-23 16:11:05 --> Error connecting to the database: Access denied for user ''@'localhost' (using password: YES)
CRITICAL - 2024-04-23 16:11:05 --> Unable to connect to the database.
Main connection [MySQLi]: Access denied for user ''@'localhost' (using password: YES)
#0 E:\Projects\arfod-tryout\vendor\codeigniter4\framework\system\Database\BaseConnection.php(577): CodeIgniter\Database\BaseConnection->initialize()
#1 E:\Projects\arfod-tryout\vendor\codeigniter4\framework\system\Database\BaseBuilder.php(1443): CodeIgniter\Database\BaseConnection->query('SELECT *\nFROM `...', Array, false)
#2 E:\Projects\arfod-tryout\vendor\codeigniter4\framework\system\Model.php(210): CodeIgniter\Database\BaseBuilder->get()
#3 E:\Projects\arfod-tryout\vendor\codeigniter4\framework\system\BaseModel.php(622): CodeIgniter\Model->doFirst()
#4 E:\Projects\arfod-tryout\app\Controllers\Auth.php(37): CodeIgniter\BaseModel->first()
#5 E:\Projects\arfod-tryout\vendor\codeigniter4\framework\system\CodeIgniter.php(824): App\Controllers\Auth->index()
#6 E:\Projects\arfod-tryout\vendor\codeigniter4\framework\system\CodeIgniter.php(410): CodeIgniter\CodeIgniter->runController(Object(App\Controllers\Auth))
#7 E:\Projects\arfod-tryout\vendor\codeigniter4\framework\system\CodeIgniter.php(318): CodeIgniter\CodeIgniter->handleRequest(NULL, Object(Config\Cache), false)
#8 E:\Projects\arfod-tryout\public\index.php(37): CodeIgniter\CodeIgniter->run()
#9 E:\Projects\arfod-tryout\vendor\codeigniter4\framework\system\Commands\Server\rewrite.php(43): require_once('E:\\Projects\\arf...')
#10 {main}
ERROR - 2024-04-23 16:11:05 --> Error connecting to the database: Access denied for user ''@'localhost' (using password: YES)
CRITICAL - 2024-04-23 16:11:05 --> Unable to connect to the database.
Main connection [MySQLi]: Access denied for user ''@'localhost' (using password: YES)
#0 E:\Projects\arfod-tryout\vendor\codeigniter4\framework\system\Database\BaseConnection.php(577): CodeIgniter\Database\BaseConnection->initialize()
#1 E:\Projects\arfod-tryout\vendor\codeigniter4\framework\system\Database\BaseBuilder.php(1443): CodeIgniter\Database\BaseConnection->query('SELECT *\nFROM `...', Array, false)
#2 E:\Projects\arfod-tryout\vendor\codeigniter4\framework\system\Model.php(210): CodeIgniter\Database\BaseBuilder->get()
#3 E:\Projects\arfod-tryout\vendor\codeigniter4\framework\system\BaseModel.php(622): CodeIgniter\Model->doFirst()
#4 E:\Projects\arfod-tryout\app\Controllers\Auth.php(37): CodeIgniter\BaseModel->first()
#5 E:\Projects\arfod-tryout\vendor\codeigniter4\framework\system\CodeIgniter.php(824): App\Controllers\Auth->index()
#6 E:\Projects\arfod-tryout\vendor\codeigniter4\framework\system\CodeIgniter.php(410): CodeIgniter\CodeIgniter->runController(Object(App\Controllers\Auth))
#7 E:\Projects\arfod-tryout\vendor\codeigniter4\framework\system\CodeIgniter.php(318): CodeIgniter\CodeIgniter->handleRequest(NULL, Object(Config\Cache), false)
#8 E:\Projects\arfod-tryout\public\index.php(37): CodeIgniter\CodeIgniter->run()
#9 E:\Projects\arfod-tryout\vendor\codeigniter4\framework\system\Commands\Server\rewrite.php(43): require_once('E:\\Projects\\arf...')
#10 {main}
ERROR - 2024-04-23 16:11:05 --> Error connecting to the database: Access denied for user ''@'localhost' (using password: YES)
CRITICAL - 2024-04-23 16:11:05 --> Unable to connect to the database.
Main connection [MySQLi]: Access denied for user ''@'localhost' (using password: YES)
#0 E:\Projects\arfod-tryout\vendor\codeigniter4\framework\system\Database\BaseConnection.php(577): CodeIgniter\Database\BaseConnection->initialize()
#1 E:\Projects\arfod-tryout\vendor\codeigniter4\framework\system\Database\BaseBuilder.php(1443): CodeIgniter\Database\BaseConnection->query('SELECT *\nFROM `...', Array, false)
#2 E:\Projects\arfod-tryout\vendor\codeigniter4\framework\system\Model.php(210): CodeIgniter\Database\BaseBuilder->get()
#3 E:\Projects\arfod-tryout\vendor\codeigniter4\framework\system\BaseModel.php(622): CodeIgniter\Model->doFirst()
#4 E:\Projects\arfod-tryout\app\Controllers\Auth.php(37): CodeIgniter\BaseModel->first()
#5 E:\Projects\arfod-tryout\vendor\codeigniter4\framework\system\CodeIgniter.php(824): App\Controllers\Auth->index()
#6 E:\Projects\arfod-tryout\vendor\codeigniter4\framework\system\CodeIgniter.php(410): CodeIgniter\CodeIgniter->runController(Object(App\Controllers\Auth))
#7 E:\Projects\arfod-tryout\vendor\codeigniter4\framework\system\CodeIgniter.php(318): CodeIgniter\CodeIgniter->handleRequest(NULL, Object(Config\Cache), false)
#8 E:\Projects\arfod-tryout\public\index.php(37): CodeIgniter\CodeIgniter->run()
#9 E:\Projects\arfod-tryout\vendor\codeigniter4\framework\system\Commands\Server\rewrite.php(43): require_once('E:\\Projects\\arf...')
#10 {main}
ERROR - 2024-04-23 16:11:06 --> Error connecting to the database: Access denied for user ''@'localhost' (using password: YES)
CRITICAL - 2024-04-23 16:11:06 --> Unable to connect to the database.
Main connection [MySQLi]: Access denied for user ''@'localhost' (using password: YES)
#0 E:\Projects\arfod-tryout\vendor\codeigniter4\framework\system\Database\BaseConnection.php(577): CodeIgniter\Database\BaseConnection->initialize()
#1 E:\Projects\arfod-tryout\vendor\codeigniter4\framework\system\Database\BaseBuilder.php(1443): CodeIgniter\Database\BaseConnection->query('SELECT *\nFROM `...', Array, false)
#2 E:\Projects\arfod-tryout\vendor\codeigniter4\framework\system\Model.php(210): CodeIgniter\Database\BaseBuilder->get()
#3 E:\Projects\arfod-tryout\vendor\codeigniter4\framework\system\BaseModel.php(622): CodeIgniter\Model->doFirst()
#4 E:\Projects\arfod-tryout\app\Controllers\Auth.php(37): CodeIgniter\BaseModel->first()
#5 E:\Projects\arfod-tryout\vendor\codeigniter4\framework\system\CodeIgniter.php(824): App\Controllers\Auth->index()
#6 E:\Projects\arfod-tryout\vendor\codeigniter4\framework\system\CodeIgniter.php(410): CodeIgniter\CodeIgniter->runController(Object(App\Controllers\Auth))
#7 E:\Projects\arfod-tryout\vendor\codeigniter4\framework\system\CodeIgniter.php(318): CodeIgniter\CodeIgniter->handleRequest(NULL, Object(Config\Cache), false)
#8 E:\Projects\arfod-tryout\public\index.php(37): CodeIgniter\CodeIgniter->run()
#9 E:\Projects\arfod-tryout\vendor\codeigniter4\framework\system\Commands\Server\rewrite.php(43): require_once('E:\\Projects\\arf...')
#10 {main}
ERROR - 2024-04-23 16:11:06 --> Error connecting to the database: Access denied for user ''@'localhost' (using password: YES)
CRITICAL - 2024-04-23 16:11:06 --> Unable to connect to the database.
Main connection [MySQLi]: Access denied for user ''@'localhost' (using password: YES)
#0 E:\Projects\arfod-tryout\vendor\codeigniter4\framework\system\Database\BaseConnection.php(577): CodeIgniter\Database\BaseConnection->initialize()
#1 E:\Projects\arfod-tryout\vendor\codeigniter4\framework\system\Database\BaseBuilder.php(1443): CodeIgniter\Database\BaseConnection->query('SELECT *\nFROM `...', Array, false)
#2 E:\Projects\arfod-tryout\vendor\codeigniter4\framework\system\Model.php(210): CodeIgniter\Database\BaseBuilder->get()
#3 E:\Projects\arfod-tryout\vendor\codeigniter4\framework\system\BaseModel.php(622): CodeIgniter\Model->doFirst()
#4 E:\Projects\arfod-tryout\app\Controllers\Auth.php(37): CodeIgniter\BaseModel->first()
#5 E:\Projects\arfod-tryout\vendor\codeigniter4\framework\system\CodeIgniter.php(824): App\Controllers\Auth->index()
#6 E:\Projects\arfod-tryout\vendor\codeigniter4\framework\system\CodeIgniter.php(410): CodeIgniter\CodeIgniter->runController(Object(App\Controllers\Auth))
#7 E:\Projects\arfod-tryout\vendor\codeigniter4\framework\system\CodeIgniter.php(318): CodeIgniter\CodeIgniter->handleRequest(NULL, Object(Config\Cache), false)
#8 E:\Projects\arfod-tryout\public\index.php(37): CodeIgniter\CodeIgniter->run()
#9 E:\Projects\arfod-tryout\vendor\codeigniter4\framework\system\Commands\Server\rewrite.php(43): require_once('E:\\Projects\\arf...')
#10 {main}
ERROR - 2024-04-23 16:11:07 --> Error connecting to the database: Access denied for user ''@'localhost' (using password: YES)
CRITICAL - 2024-04-23 16:11:07 --> Unable to connect to the database.
Main connection [MySQLi]: Access denied for user ''@'localhost' (using password: YES)
#0 E:\Projects\arfod-tryout\vendor\codeigniter4\framework\system\Database\BaseConnection.php(577): CodeIgniter\Database\BaseConnection->initialize()
#1 E:\Projects\arfod-tryout\vendor\codeigniter4\framework\system\Database\BaseBuilder.php(1443): CodeIgniter\Database\BaseConnection->query('SELECT *\nFROM `...', Array, false)
#2 E:\Projects\arfod-tryout\vendor\codeigniter4\framework\system\Model.php(210): CodeIgniter\Database\BaseBuilder->get()
#3 E:\Projects\arfod-tryout\vendor\codeigniter4\framework\system\BaseModel.php(622): CodeIgniter\Model->doFirst()
#4 E:\Projects\arfod-tryout\app\Controllers\Auth.php(37): CodeIgniter\BaseModel->first()
#5 E:\Projects\arfod-tryout\vendor\codeigniter4\framework\system\CodeIgniter.php(824): App\Controllers\Auth->index()
#6 E:\Projects\arfod-tryout\vendor\codeigniter4\framework\system\CodeIgniter.php(410): CodeIgniter\CodeIgniter->runController(Object(App\Controllers\Auth))
#7 E:\Projects\arfod-tryout\vendor\codeigniter4\framework\system\CodeIgniter.php(318): CodeIgniter\CodeIgniter->handleRequest(NULL, Object(Config\Cache), false)
#8 E:\Projects\arfod-tryout\public\index.php(37): CodeIgniter\CodeIgniter->run()
#9 E:\Projects\arfod-tryout\vendor\codeigniter4\framework\system\Commands\Server\rewrite.php(43): require_once('E:\\Projects\\arf...')
#10 {main}
ERROR - 2024-04-23 16:13:02 --> Error connecting to the database: Access denied for user ''@'localhost' (using password: YES)
CRITICAL - 2024-04-23 16:13:02 --> Unable to connect to the database.
Main connection [MySQLi]: Access denied for user ''@'localhost' (using password: YES)
#0 E:\Projects\arfod-tryout\vendor\codeigniter4\framework\system\Database\BaseConnection.php(577): CodeIgniter\Database\BaseConnection->initialize()
#1 E:\Projects\arfod-tryout\vendor\codeigniter4\framework\system\Database\BaseBuilder.php(1443): CodeIgniter\Database\BaseConnection->query('SELECT *\nFROM `...', Array, false)
#2 E:\Projects\arfod-tryout\vendor\codeigniter4\framework\system\Model.php(210): CodeIgniter\Database\BaseBuilder->get()
#3 E:\Projects\arfod-tryout\vendor\codeigniter4\framework\system\BaseModel.php(622): CodeIgniter\Model->doFirst()
#4 E:\Projects\arfod-tryout\app\Controllers\Auth.php(37): CodeIgniter\BaseModel->first()
#5 E:\Projects\arfod-tryout\vendor\codeigniter4\framework\system\CodeIgniter.php(824): App\Controllers\Auth->index()
#6 E:\Projects\arfod-tryout\vendor\codeigniter4\framework\system\CodeIgniter.php(410): CodeIgniter\CodeIgniter->runController(Object(App\Controllers\Auth))
#7 E:\Projects\arfod-tryout\vendor\codeigniter4\framework\system\CodeIgniter.php(318): CodeIgniter\CodeIgniter->handleRequest(NULL, Object(Config\Cache), false)
#8 E:\Projects\arfod-tryout\public\index.php(37): CodeIgniter\CodeIgniter->run()
#9 E:\Projects\arfod-tryout\vendor\codeigniter4\framework\system\Commands\Server\rewrite.php(43): require_once('E:\\Projects\\arf...')
#10 {main}
CRITICAL - 2024-04-23 16:41:52 --> Attempt to read property "waktu_ujian" on null
#0 E:\Projects\arfod-tryout\app\Controllers\Siswa.php(836): CodeIgniter\Debug\Exceptions->errorHandler(2, 'Attempt to read...', 'E:\\Projects\\arf...', 836)
#1 E:\Projects\arfod-tryout\vendor\codeigniter4\framework\system\CodeIgniter.php(824): App\Controllers\Siswa->lihat_essay('bmg5dDgzRjlDOVl...', 'SFM0NEhRR05JOGU...')
#2 E:\Projects\arfod-tryout\vendor\codeigniter4\framework\system\CodeIgniter.php(410): CodeIgniter\CodeIgniter->runController(Object(App\Controllers\Siswa))
#3 E:\Projects\arfod-tryout\vendor\codeigniter4\framework\system\CodeIgniter.php(318): CodeIgniter\CodeIgniter->handleRequest(NULL, Object(Config\Cache), false)
#4 E:\Projects\arfod-tryout\public\index.php(37): CodeIgniter\CodeIgniter->run()
#5 E:\Projects\arfod-tryout\vendor\codeigniter4\framework\system\Commands\Server\rewrite.php(43): require_once('E:\\Projects\\arf...')
#6 {main}
CRITICAL - 2024-04-23 17:05:55 --> Attempt to read property "waktu_ujian" on null
#0 E:\Projects\arfod-tryout\app\Controllers\Siswa.php(694): CodeIgniter\Debug\Exceptions->errorHandler(2, 'Attempt to read...', 'E:\\Projects\\arf...', 694)
#1 E:\Projects\arfod-tryout\vendor\codeigniter4\framework\system\CodeIgniter.php(824): App\Controllers\Siswa->lihat_pg('MFgwMzRjekRBUGU...', 'SFM0NEhRR05JOGU...')
#2 E:\Projects\arfod-tryout\vendor\codeigniter4\framework\system\CodeIgniter.php(410): CodeIgniter\CodeIgniter->runController(Object(App\Controllers\Siswa))
#3 E:\Projects\arfod-tryout\vendor\codeigniter4\framework\system\CodeIgniter.php(318): CodeIgniter\CodeIgniter->handleRequest(NULL, Object(Config\Cache), false)
#4 E:\Projects\arfod-tryout\public\index.php(37): CodeIgniter\CodeIgniter->run()
#5 E:\Projects\arfod-tryout\vendor\codeigniter4\framework\system\Commands\Server\rewrite.php(43): require_once('E:\\Projects\\arf...')
#6 {main}
