ERROR - 2024-03-30 18:42:09 --> Unknown column 'publish.selesai' in 'where clause'
CRITICAL - 2024-03-30 18:42:09 --> Unknown column 'publish.selesai' in 'where clause'
#0 E:\Projects\arfod-tryout\vendor\codeigniter4\framework\system\Database\MySQLi\Connection.php(292): mysqli->query('SELECT *\nFROM `...', 0)
#1 E:\Projects\arfod-tryout\vendor\codeigniter4\framework\system\Database\BaseConnection.php(670): CodeIgniter\Database\MySQLi\Connection->execute('SELECT *\nFROM `...')
#2 E:\Projects\arfod-tryout\vendor\codeigniter4\framework\system\Database\BaseConnection.php(598): CodeIgniter\Database\BaseConnection->simpleQuery('SELECT *\nFROM `...')
#3 E:\Projects\arfod-tryout\vendor\codeigniter4\framework\system\Database\BaseBuilder.php(1443): CodeIgniter\Database\BaseConnection->query('SELECT *\nFROM `...', Array, false)
#4 E:\Projects\arfod-tryout\vendor\codeigniter4\framework\system\Model.php(723): CodeIgniter\Database\BaseBuilder->get()
#5 E:\Projects\arfod-tryout\app\Models\WaktuujianModel.php(38): CodeIgniter\Model->__call('get', Array)
#6 E:\Projects\arfod-tryout\app\Controllers\Siswa.php(112): App\Models\WaktuujianModel->getNotif('1')
#7 E:\Projects\arfod-tryout\vendor\codeigniter4\framework\system\CodeIgniter.php(824): App\Controllers\Siswa->index()
#8 E:\Projects\arfod-tryout\vendor\codeigniter4\framework\system\CodeIgniter.php(410): CodeIgniter\CodeIgniter->runController(Object(App\Controllers\Siswa))
#9 E:\Projects\arfod-tryout\vendor\codeigniter4\framework\system\CodeIgniter.php(318): CodeIgniter\CodeIgniter->handleRequest(NULL, Object(Config\Cache), false)
#10 E:\Projects\arfod-tryout\public\index.php(37): CodeIgniter\CodeIgniter->run()
#11 E:\Projects\arfod-tryout\vendor\codeigniter4\framework\system\Commands\Server\rewrite.php(43): require_once('E:\\Projects\\arf...')
#12 {main}
CRITICAL - 2024-03-30 20:18:29 --> There is no data to update.
#0 E:\Projects\arfod-tryout\vendor\codeigniter4\framework\system\BaseModel.php(846): CodeIgniter\Database\Exceptions\DataException::forEmptyDataset('update')
#1 E:\Projects\arfod-tryout\vendor\codeigniter4\framework\system\Model.php(646): CodeIgniter\BaseModel->update(NULL, Array)
#2 E:\Projects\arfod-tryout\app\Controllers\Guru.php(1994): CodeIgniter\Model->update()
#3 E:\Projects\arfod-tryout\vendor\codeigniter4\framework\system\CodeIgniter.php(824): App\Controllers\Guru->publish_ujian('WkMvT2JwWFNTVW0...', 'MTJwbEQvS21wTER...')
#4 E:\Projects\arfod-tryout\vendor\codeigniter4\framework\system\CodeIgniter.php(410): CodeIgniter\CodeIgniter->runController(Object(App\Controllers\Guru))
#5 E:\Projects\arfod-tryout\vendor\codeigniter4\framework\system\CodeIgniter.php(318): CodeIgniter\CodeIgniter->handleRequest(NULL, Object(Config\Cache), false)
#6 E:\Projects\arfod-tryout\public\index.php(37): CodeIgniter\CodeIgniter->run()
#7 E:\Projects\arfod-tryout\vendor\codeigniter4\framework\system\Commands\Server\rewrite.php(43): require_once('E:\\Projects\\arf...')
#8 {main}
