CRITICAL - 2024-03-25 15:18:51 --> Object of class stdClass could not be converted to string
#0 E:\Projects\arfod-tryout\vendor\codeigniter4\framework\system\View\View.php(214): include()
#1 E:\Projects\arfod-tryout\vendor\codeigniter4\framework\system\View\View.php(217): CodeIgniter\View\View->CodeIgniter\View\{closure}()
#2 E:\Projects\arfod-tryout\vendor\codeigniter4\framework\system\Common.php(1097): CodeIgniter\View\View->render('siswa/ujian/ess...', Array, true)
#3 E:\Projects\arfod-tryout\app\Controllers\Siswa.php(829): view('siswa/ujian/ess...', Array)
#4 E:\Projects\arfod-tryout\vendor\codeigniter4\framework\system\CodeIgniter.php(824): App\Controllers\Siswa->lihat_essay('bHZZeDNTZHlXWWY...', 'SFM0NEhRR05JOGU...')
#5 E:\Projects\arfod-tryout\vendor\codeigniter4\framework\system\CodeIgniter.php(410): CodeIgniter\CodeIgniter->runController(Object(App\Controllers\Siswa))
#6 E:\Projects\arfod-tryout\vendor\codeigniter4\framework\system\CodeIgniter.php(318): CodeIgniter\CodeIgniter->handleRequest(NULL, Object(Config\Cache), false)
#7 E:\Projects\arfod-tryout\public\index.php(37): CodeIgniter\CodeIgniter->run()
#8 E:\Projects\arfod-tryout\vendor\codeigniter4\framework\system\Commands\Server\rewrite.php(43): require_once('E:\\Projects\\arf...')
#9 {main}
CRITICAL - 2024-03-25 15:50:38 --> Attempt to read property "waktu_ujian" on null
#0 E:\Projects\arfod-tryout\app\Controllers\Siswa.php(810): CodeIgniter\Debug\Exceptions->errorHandler(2, 'Attempt to read...', 'E:\\Projects\\arf...', 810)
#1 E:\Projects\arfod-tryout\vendor\codeigniter4\framework\system\CodeIgniter.php(824): App\Controllers\Siswa->lihat_essay('bHZZeDNTZHlXWWY...', 'SFM0NEhRR05JOGU...')
#2 E:\Projects\arfod-tryout\vendor\codeigniter4\framework\system\CodeIgniter.php(410): CodeIgniter\CodeIgniter->runController(Object(App\Controllers\Siswa))
#3 E:\Projects\arfod-tryout\vendor\codeigniter4\framework\system\CodeIgniter.php(318): CodeIgniter\CodeIgniter->handleRequest(NULL, Object(Config\Cache), false)
#4 E:\Projects\arfod-tryout\public\index.php(37): CodeIgniter\CodeIgniter->run()
#5 E:\Projects\arfod-tryout\vendor\codeigniter4\framework\system\Commands\Server\rewrite.php(43): require_once('E:\\Projects\\arf...')
#6 {main}
CRITICAL - 2024-03-25 15:50:40 --> Attempt to read property "waktu_ujian" on null
#0 E:\Projects\arfod-tryout\app\Controllers\Siswa.php(810): CodeIgniter\Debug\Exceptions->errorHandler(2, 'Attempt to read...', 'E:\\Projects\\arf...', 810)
#1 E:\Projects\arfod-tryout\vendor\codeigniter4\framework\system\CodeIgniter.php(824): App\Controllers\Siswa->lihat_essay('bHZZeDNTZHlXWWY...', 'SFM0NEhRR05JOGU...')
#2 E:\Projects\arfod-tryout\vendor\codeigniter4\framework\system\CodeIgniter.php(410): CodeIgniter\CodeIgniter->runController(Object(App\Controllers\Siswa))
#3 E:\Projects\arfod-tryout\vendor\codeigniter4\framework\system\CodeIgniter.php(318): CodeIgniter\CodeIgniter->handleRequest(NULL, Object(Config\Cache), false)
#4 E:\Projects\arfod-tryout\public\index.php(37): CodeIgniter\CodeIgniter->run()
#5 E:\Projects\arfod-tryout\vendor\codeigniter4\framework\system\Commands\Server\rewrite.php(43): require_once('E:\\Projects\\arf...')
#6 {main}
