CRITICAL - 2024-04-03 20:41:56 --> Object of class stdClass could not be converted to string
#0 E:\Projects\arfod-tryout\vendor\codeigniter4\framework\system\View\View.php(214): include()
#1 E:\Projects\arfod-tryout\vendor\codeigniter4\framework\system\View\View.php(217): CodeIgniter\View\View->CodeIgniter\View\{closure}()
#2 E:\Projects\arfod-tryout\vendor\codeigniter4\framework\system\View\View.php(432): CodeIgniter\View\View->render('template/sideba...', NULL, true)
#3 E:\Projects\arfod-tryout\app\Views\siswa\dashboard.php(3): CodeIgniter\View\View->include('template/sideba...')
#4 E:\Projects\arfod-tryout\vendor\codeigniter4\framework\system\View\View.php(214): include('E:\\Projects\\arf...')
#5 E:\Projects\arfod-tryout\vendor\codeigniter4\framework\system\View\View.php(217): CodeIgniter\View\View->CodeIgniter\View\{closure}()
#6 E:\Projects\arfod-tryout\vendor\codeigniter4\framework\system\Common.php(1097): CodeIgniter\View\View->render('siswa/dashboard', Array, true)
#7 E:\Projects\arfod-tryout\app\Controllers\Siswa.php(148): view('siswa/dashboard', Array)
#8 E:\Projects\arfod-tryout\vendor\codeigniter4\framework\system\CodeIgniter.php(824): App\Controllers\Siswa->index()
#9 E:\Projects\arfod-tryout\vendor\codeigniter4\framework\system\CodeIgniter.php(410): CodeIgniter\CodeIgniter->runController(Object(App\Controllers\Siswa))
#10 E:\Projects\arfod-tryout\vendor\codeigniter4\framework\system\CodeIgniter.php(318): CodeIgniter\CodeIgniter->handleRequest(NULL, Object(Config\Cache), false)
#11 E:\Projects\arfod-tryout\public\index.php(37): CodeIgniter\CodeIgniter->run()
#12 E:\Projects\arfod-tryout\vendor\codeigniter4\framework\system\Commands\Server\rewrite.php(43): require_once('E:\\Projects\\arf...')
#13 {main}
CRITICAL - 2024-04-03 20:42:08 --> Undefined variable $print_r
#0 E:\Projects\arfod-tryout\app\Views\template\sidebar\siswa.php(10): CodeIgniter\Debug\Exceptions->errorHandler(2, 'Undefined varia...', 'E:\\Projects\\arf...', 10)
#1 E:\Projects\arfod-tryout\vendor\codeigniter4\framework\system\View\View.php(214): include('E:\\Projects\\arf...')
#2 E:\Projects\arfod-tryout\vendor\codeigniter4\framework\system\View\View.php(217): CodeIgniter\View\View->CodeIgniter\View\{closure}()
#3 E:\Projects\arfod-tryout\vendor\codeigniter4\framework\system\View\View.php(432): CodeIgniter\View\View->render('template/sideba...', NULL, true)
#4 E:\Projects\arfod-tryout\app\Views\siswa\dashboard.php(3): CodeIgniter\View\View->include('template/sideba...')
#5 E:\Projects\arfod-tryout\vendor\codeigniter4\framework\system\View\View.php(214): include('E:\\Projects\\arf...')
#6 E:\Projects\arfod-tryout\vendor\codeigniter4\framework\system\View\View.php(217): CodeIgniter\View\View->CodeIgniter\View\{closure}()
#7 E:\Projects\arfod-tryout\vendor\codeigniter4\framework\system\Common.php(1097): CodeIgniter\View\View->render('siswa/dashboard', Array, true)
#8 E:\Projects\arfod-tryout\app\Controllers\Siswa.php(148): view('siswa/dashboard', Array)
#9 E:\Projects\arfod-tryout\vendor\codeigniter4\framework\system\CodeIgniter.php(824): App\Controllers\Siswa->index()
#10 E:\Projects\arfod-tryout\vendor\codeigniter4\framework\system\CodeIgniter.php(410): CodeIgniter\CodeIgniter->runController(Object(App\Controllers\Siswa))
#11 E:\Projects\arfod-tryout\vendor\codeigniter4\framework\system\CodeIgniter.php(318): CodeIgniter\CodeIgniter->handleRequest(NULL, Object(Config\Cache), false)
#12 E:\Projects\arfod-tryout\public\index.php(37): CodeIgniter\CodeIgniter->run()
#13 E:\Projects\arfod-tryout\vendor\codeigniter4\framework\system\Commands\Server\rewrite.php(43): require_once('E:\\Projects\\arf...')
#14 {main}
CRITICAL - 2024-04-03 20:42:15 --> Undefined variable $print_r
#0 E:\Projects\arfod-tryout\app\Views\template\sidebar\siswa.php(10): CodeIgniter\Debug\Exceptions->errorHandler(2, 'Undefined varia...', 'E:\\Projects\\arf...', 10)
#1 E:\Projects\arfod-tryout\vendor\codeigniter4\framework\system\View\View.php(214): include('E:\\Projects\\arf...')
#2 E:\Projects\arfod-tryout\vendor\codeigniter4\framework\system\View\View.php(217): CodeIgniter\View\View->CodeIgniter\View\{closure}()
#3 E:\Projects\arfod-tryout\vendor\codeigniter4\framework\system\View\View.php(432): CodeIgniter\View\View->render('template/sideba...', NULL, true)
#4 E:\Projects\arfod-tryout\app\Views\siswa\dashboard.php(3): CodeIgniter\View\View->include('template/sideba...')
#5 E:\Projects\arfod-tryout\vendor\codeigniter4\framework\system\View\View.php(214): include('E:\\Projects\\arf...')
#6 E:\Projects\arfod-tryout\vendor\codeigniter4\framework\system\View\View.php(217): CodeIgniter\View\View->CodeIgniter\View\{closure}()
#7 E:\Projects\arfod-tryout\vendor\codeigniter4\framework\system\Common.php(1097): CodeIgniter\View\View->render('siswa/dashboard', Array, true)
#8 E:\Projects\arfod-tryout\app\Controllers\Siswa.php(148): view('siswa/dashboard', Array)
#9 E:\Projects\arfod-tryout\vendor\codeigniter4\framework\system\CodeIgniter.php(824): App\Controllers\Siswa->index()
#10 E:\Projects\arfod-tryout\vendor\codeigniter4\framework\system\CodeIgniter.php(410): CodeIgniter\CodeIgniter->runController(Object(App\Controllers\Siswa))
#11 E:\Projects\arfod-tryout\vendor\codeigniter4\framework\system\CodeIgniter.php(318): CodeIgniter\CodeIgniter->handleRequest(NULL, Object(Config\Cache), false)
#12 E:\Projects\arfod-tryout\public\index.php(37): CodeIgniter\CodeIgniter->run()
#13 E:\Projects\arfod-tryout\vendor\codeigniter4\framework\system\Commands\Server\rewrite.php(43): require_once('E:\\Projects\\arf...')
#14 {main}
CRITICAL - 2024-04-03 20:42:17 --> Undefined variable $print_r
#0 E:\Projects\arfod-tryout\app\Views\template\sidebar\siswa.php(10): CodeIgniter\Debug\Exceptions->errorHandler(2, 'Undefined varia...', 'E:\\Projects\\arf...', 10)
#1 E:\Projects\arfod-tryout\vendor\codeigniter4\framework\system\View\View.php(214): include('E:\\Projects\\arf...')
#2 E:\Projects\arfod-tryout\vendor\codeigniter4\framework\system\View\View.php(217): CodeIgniter\View\View->CodeIgniter\View\{closure}()
#3 E:\Projects\arfod-tryout\vendor\codeigniter4\framework\system\View\View.php(432): CodeIgniter\View\View->render('template/sideba...', NULL, true)
#4 E:\Projects\arfod-tryout\app\Views\siswa\dashboard.php(3): CodeIgniter\View\View->include('template/sideba...')
#5 E:\Projects\arfod-tryout\vendor\codeigniter4\framework\system\View\View.php(214): include('E:\\Projects\\arf...')
#6 E:\Projects\arfod-tryout\vendor\codeigniter4\framework\system\View\View.php(217): CodeIgniter\View\View->CodeIgniter\View\{closure}()
#7 E:\Projects\arfod-tryout\vendor\codeigniter4\framework\system\Common.php(1097): CodeIgniter\View\View->render('siswa/dashboard', Array, true)
#8 E:\Projects\arfod-tryout\app\Controllers\Siswa.php(148): view('siswa/dashboard', Array)
#9 E:\Projects\arfod-tryout\vendor\codeigniter4\framework\system\CodeIgniter.php(824): App\Controllers\Siswa->index()
#10 E:\Projects\arfod-tryout\vendor\codeigniter4\framework\system\CodeIgniter.php(410): CodeIgniter\CodeIgniter->runController(Object(App\Controllers\Siswa))
#11 E:\Projects\arfod-tryout\vendor\codeigniter4\framework\system\CodeIgniter.php(318): CodeIgniter\CodeIgniter->handleRequest(NULL, Object(Config\Cache), false)
#12 E:\Projects\arfod-tryout\public\index.php(37): CodeIgniter\CodeIgniter->run()
#13 E:\Projects\arfod-tryout\vendor\codeigniter4\framework\system\Commands\Server\rewrite.php(43): require_once('E:\\Projects\\arf...')
#14 {main}
CRITICAL - 2024-04-03 20:42:17 --> Undefined variable $print_r
#0 E:\Projects\arfod-tryout\app\Views\template\sidebar\siswa.php(10): CodeIgniter\Debug\Exceptions->errorHandler(2, 'Undefined varia...', 'E:\\Projects\\arf...', 10)
#1 E:\Projects\arfod-tryout\vendor\codeigniter4\framework\system\View\View.php(214): include('E:\\Projects\\arf...')
#2 E:\Projects\arfod-tryout\vendor\codeigniter4\framework\system\View\View.php(217): CodeIgniter\View\View->CodeIgniter\View\{closure}()
#3 E:\Projects\arfod-tryout\vendor\codeigniter4\framework\system\View\View.php(432): CodeIgniter\View\View->render('template/sideba...', NULL, true)
#4 E:\Projects\arfod-tryout\app\Views\siswa\dashboard.php(3): CodeIgniter\View\View->include('template/sideba...')
#5 E:\Projects\arfod-tryout\vendor\codeigniter4\framework\system\View\View.php(214): include('E:\\Projects\\arf...')
#6 E:\Projects\arfod-tryout\vendor\codeigniter4\framework\system\View\View.php(217): CodeIgniter\View\View->CodeIgniter\View\{closure}()
#7 E:\Projects\arfod-tryout\vendor\codeigniter4\framework\system\Common.php(1097): CodeIgniter\View\View->render('siswa/dashboard', Array, true)
#8 E:\Projects\arfod-tryout\app\Controllers\Siswa.php(148): view('siswa/dashboard', Array)
#9 E:\Projects\arfod-tryout\vendor\codeigniter4\framework\system\CodeIgniter.php(824): App\Controllers\Siswa->index()
#10 E:\Projects\arfod-tryout\vendor\codeigniter4\framework\system\CodeIgniter.php(410): CodeIgniter\CodeIgniter->runController(Object(App\Controllers\Siswa))
#11 E:\Projects\arfod-tryout\vendor\codeigniter4\framework\system\CodeIgniter.php(318): CodeIgniter\CodeIgniter->handleRequest(NULL, Object(Config\Cache), false)
#12 E:\Projects\arfod-tryout\public\index.php(37): CodeIgniter\CodeIgniter->run()
#13 E:\Projects\arfod-tryout\vendor\codeigniter4\framework\system\Commands\Server\rewrite.php(43): require_once('E:\\Projects\\arf...')
#14 {main}
CRITICAL - 2024-04-03 20:46:21 --> Call to a member function find() on array
#0 E:\Projects\arfod-tryout\vendor\codeigniter4\framework\system\CodeIgniter.php(824): App\Controllers\Siswa->index()
#1 E:\Projects\arfod-tryout\vendor\codeigniter4\framework\system\CodeIgniter.php(410): CodeIgniter\CodeIgniter->runController(Object(App\Controllers\Siswa))
#2 E:\Projects\arfod-tryout\vendor\codeigniter4\framework\system\CodeIgniter.php(318): CodeIgniter\CodeIgniter->handleRequest(NULL, Object(Config\Cache), false)
#3 E:\Projects\arfod-tryout\public\index.php(37): CodeIgniter\CodeIgniter->run()
#4 E:\Projects\arfod-tryout\vendor\codeigniter4\framework\system\Commands\Server\rewrite.php(43): require_once('E:\\Projects\\arf...')
#5 {main}
CRITICAL - 2024-04-03 20:49:12 --> Call to a member function find() on array
#0 E:\Projects\arfod-tryout\vendor\codeigniter4\framework\system\CodeIgniter.php(824): App\Controllers\Siswa->index()
#1 E:\Projects\arfod-tryout\vendor\codeigniter4\framework\system\CodeIgniter.php(410): CodeIgniter\CodeIgniter->runController(Object(App\Controllers\Siswa))
#2 E:\Projects\arfod-tryout\vendor\codeigniter4\framework\system\CodeIgniter.php(318): CodeIgniter\CodeIgniter->handleRequest(NULL, Object(Config\Cache), false)
#3 E:\Projects\arfod-tryout\public\index.php(37): CodeIgniter\CodeIgniter->run()
#4 E:\Projects\arfod-tryout\vendor\codeigniter4\framework\system\Commands\Server\rewrite.php(43): require_once('E:\\Projects\\arf...')
#5 {main}
CRITICAL - 2024-04-03 20:51:48 --> Undefined array key "id_siswa"
#0 E:\Projects\arfod-tryout\app\Controllers\Siswa.php(115): CodeIgniter\Debug\Exceptions->errorHandler(2, 'Undefined array...', 'E:\\Projects\\arf...', 115)
#1 E:\Projects\arfod-tryout\vendor\codeigniter4\framework\system\CodeIgniter.php(824): App\Controllers\Siswa->index()
#2 E:\Projects\arfod-tryout\vendor\codeigniter4\framework\system\CodeIgniter.php(410): CodeIgniter\CodeIgniter->runController(Object(App\Controllers\Siswa))
#3 E:\Projects\arfod-tryout\vendor\codeigniter4\framework\system\CodeIgniter.php(318): CodeIgniter\CodeIgniter->handleRequest(NULL, Object(Config\Cache), false)
#4 E:\Projects\arfod-tryout\public\index.php(37): CodeIgniter\CodeIgniter->run()
#5 E:\Projects\arfod-tryout\vendor\codeigniter4\framework\system\Commands\Server\rewrite.php(43): require_once('E:\\Projects\\arf...')
#6 {main}
CRITICAL - 2024-04-03 20:51:59 --> Attempt to read property "id_siswa" on array
#0 E:\Projects\arfod-tryout\app\Controllers\Siswa.php(115): CodeIgniter\Debug\Exceptions->errorHandler(2, 'Attempt to read...', 'E:\\Projects\\arf...', 115)
#1 E:\Projects\arfod-tryout\vendor\codeigniter4\framework\system\CodeIgniter.php(824): App\Controllers\Siswa->index()
#2 E:\Projects\arfod-tryout\vendor\codeigniter4\framework\system\CodeIgniter.php(410): CodeIgniter\CodeIgniter->runController(Object(App\Controllers\Siswa))
#3 E:\Projects\arfod-tryout\vendor\codeigniter4\framework\system\CodeIgniter.php(318): CodeIgniter\CodeIgniter->handleRequest(NULL, Object(Config\Cache), false)
#4 E:\Projects\arfod-tryout\public\index.php(37): CodeIgniter\CodeIgniter->run()
#5 E:\Projects\arfod-tryout\vendor\codeigniter4\framework\system\Commands\Server\rewrite.php(43): require_once('E:\\Projects\\arf...')
#6 {main}
CRITICAL - 2024-04-03 20:58:41 --> Object of class stdClass could not be converted to string
#0 E:\Projects\arfod-tryout\vendor\codeigniter4\framework\system\CodeIgniter.php(824): App\Controllers\Siswa->index()
#1 E:\Projects\arfod-tryout\vendor\codeigniter4\framework\system\CodeIgniter.php(410): CodeIgniter\CodeIgniter->runController(Object(App\Controllers\Siswa))
#2 E:\Projects\arfod-tryout\vendor\codeigniter4\framework\system\CodeIgniter.php(318): CodeIgniter\CodeIgniter->handleRequest(NULL, Object(Config\Cache), false)
#3 E:\Projects\arfod-tryout\public\index.php(37): CodeIgniter\CodeIgniter->run()
#4 E:\Projects\arfod-tryout\vendor\codeigniter4\framework\system\Commands\Server\rewrite.php(43): require_once('E:\\Projects\\arf...')
#5 {main}
CRITICAL - 2024-04-03 21:04:03 --> Undefined property: stdClass::$nama_kelas
#0 E:\Projects\arfod-tryout\app\Views\template\sidebar\siswa.php(10): CodeIgniter\Debug\Exceptions->errorHandler(2, 'Undefined prope...', 'E:\\Projects\\arf...', 10)
#1 E:\Projects\arfod-tryout\vendor\codeigniter4\framework\system\View\View.php(214): include('E:\\Projects\\arf...')
#2 E:\Projects\arfod-tryout\vendor\codeigniter4\framework\system\View\View.php(217): CodeIgniter\View\View->CodeIgniter\View\{closure}()
#3 E:\Projects\arfod-tryout\vendor\codeigniter4\framework\system\View\View.php(432): CodeIgniter\View\View->render('template/sideba...', NULL, true)
#4 E:\Projects\arfod-tryout\app\Views\siswa\dashboard.php(3): CodeIgniter\View\View->include('template/sideba...')
#5 E:\Projects\arfod-tryout\vendor\codeigniter4\framework\system\View\View.php(214): include('E:\\Projects\\arf...')
#6 E:\Projects\arfod-tryout\vendor\codeigniter4\framework\system\View\View.php(217): CodeIgniter\View\View->CodeIgniter\View\{closure}()
#7 E:\Projects\arfod-tryout\vendor\codeigniter4\framework\system\Common.php(1097): CodeIgniter\View\View->render('siswa/dashboard', Array, true)
#8 E:\Projects\arfod-tryout\app\Controllers\Siswa.php(156): view('siswa/dashboard', Array)
#9 E:\Projects\arfod-tryout\vendor\codeigniter4\framework\system\CodeIgniter.php(824): App\Controllers\Siswa->index()
#10 E:\Projects\arfod-tryout\vendor\codeigniter4\framework\system\CodeIgniter.php(410): CodeIgniter\CodeIgniter->runController(Object(App\Controllers\Siswa))
#11 E:\Projects\arfod-tryout\vendor\codeigniter4\framework\system\CodeIgniter.php(318): CodeIgniter\CodeIgniter->handleRequest(NULL, Object(Config\Cache), false)
#12 E:\Projects\arfod-tryout\public\index.php(37): CodeIgniter\CodeIgniter->run()
#13 E:\Projects\arfod-tryout\vendor\codeigniter4\framework\system\Commands\Server\rewrite.php(43): require_once('E:\\Projects\\arf...')
#14 {main}
CRITICAL - 2024-04-03 21:07:30 --> Undefined variable $kelas
#0 E:\Projects\arfod-tryout\app\Views\template\sidebar\siswa.php(10): CodeIgniter\Debug\Exceptions->errorHandler(2, 'Undefined varia...', 'E:\\Projects\\arf...', 10)
#1 E:\Projects\arfod-tryout\vendor\codeigniter4\framework\system\View\View.php(214): include('E:\\Projects\\arf...')
#2 E:\Projects\arfod-tryout\vendor\codeigniter4\framework\system\View\View.php(217): CodeIgniter\View\View->CodeIgniter\View\{closure}()
#3 E:\Projects\arfod-tryout\vendor\codeigniter4\framework\system\View\View.php(432): CodeIgniter\View\View->render('template/sideba...', NULL, true)
#4 E:\Projects\arfod-tryout\app\Views\siswa\ujian\list.php(3): CodeIgniter\View\View->include('template/sideba...')
#5 E:\Projects\arfod-tryout\vendor\codeigniter4\framework\system\View\View.php(214): include('E:\\Projects\\arf...')
#6 E:\Projects\arfod-tryout\vendor\codeigniter4\framework\system\View\View.php(217): CodeIgniter\View\View->CodeIgniter\View\{closure}()
#7 E:\Projects\arfod-tryout\vendor\codeigniter4\framework\system\Common.php(1097): CodeIgniter\View\View->render('siswa/ujian/lis...', Array, true)
#8 E:\Projects\arfod-tryout\app\Controllers\Siswa.php(637): view('siswa/ujian/lis...', Array)
#9 E:\Projects\arfod-tryout\vendor\codeigniter4\framework\system\CodeIgniter.php(824): App\Controllers\Siswa->ujian()
#10 E:\Projects\arfod-tryout\vendor\codeigniter4\framework\system\CodeIgniter.php(410): CodeIgniter\CodeIgniter->runController(Object(App\Controllers\Siswa))
#11 E:\Projects\arfod-tryout\vendor\codeigniter4\framework\system\CodeIgniter.php(318): CodeIgniter\CodeIgniter->handleRequest(NULL, Object(Config\Cache), false)
#12 E:\Projects\arfod-tryout\public\index.php(37): CodeIgniter\CodeIgniter->run()
#13 E:\Projects\arfod-tryout\vendor\codeigniter4\framework\system\Commands\Server\rewrite.php(43): require_once('E:\\Projects\\arf...')
#14 {main}
CRITICAL - 2024-04-03 21:07:53 --> Undefined variable $kelas
#0 E:\Projects\arfod-tryout\app\Views\template\sidebar\siswa.php(10): CodeIgniter\Debug\Exceptions->errorHandler(2, 'Undefined varia...', 'E:\\Projects\\arf...', 10)
#1 E:\Projects\arfod-tryout\vendor\codeigniter4\framework\system\View\View.php(214): include('E:\\Projects\\arf...')
#2 E:\Projects\arfod-tryout\vendor\codeigniter4\framework\system\View\View.php(217): CodeIgniter\View\View->CodeIgniter\View\{closure}()
#3 E:\Projects\arfod-tryout\vendor\codeigniter4\framework\system\View\View.php(432): CodeIgniter\View\View->render('template/sideba...', NULL, true)
#4 E:\Projects\arfod-tryout\app\Views\siswa\ujian\list.php(3): CodeIgniter\View\View->include('template/sideba...')
#5 E:\Projects\arfod-tryout\vendor\codeigniter4\framework\system\View\View.php(214): include('E:\\Projects\\arf...')
#6 E:\Projects\arfod-tryout\vendor\codeigniter4\framework\system\View\View.php(217): CodeIgniter\View\View->CodeIgniter\View\{closure}()
#7 E:\Projects\arfod-tryout\vendor\codeigniter4\framework\system\Common.php(1097): CodeIgniter\View\View->render('siswa/ujian/lis...', Array, true)
#8 E:\Projects\arfod-tryout\app\Controllers\Siswa.php(637): view('siswa/ujian/lis...', Array)
#9 E:\Projects\arfod-tryout\vendor\codeigniter4\framework\system\CodeIgniter.php(824): App\Controllers\Siswa->ujian()
#10 E:\Projects\arfod-tryout\vendor\codeigniter4\framework\system\CodeIgniter.php(410): CodeIgniter\CodeIgniter->runController(Object(App\Controllers\Siswa))
#11 E:\Projects\arfod-tryout\vendor\codeigniter4\framework\system\CodeIgniter.php(318): CodeIgniter\CodeIgniter->handleRequest(NULL, Object(Config\Cache), false)
#12 E:\Projects\arfod-tryout\public\index.php(37): CodeIgniter\CodeIgniter->run()
#13 E:\Projects\arfod-tryout\vendor\codeigniter4\framework\system\Commands\Server\rewrite.php(43): require_once('E:\\Projects\\arf...')
#14 {main}
CRITICAL - 2024-04-03 21:08:01 --> Undefined variable $kelas
#0 E:\Projects\arfod-tryout\app\Views\template\sidebar\siswa.php(10): CodeIgniter\Debug\Exceptions->errorHandler(2, 'Undefined varia...', 'E:\\Projects\\arf...', 10)
#1 E:\Projects\arfod-tryout\vendor\codeigniter4\framework\system\View\View.php(214): include('E:\\Projects\\arf...')
#2 E:\Projects\arfod-tryout\vendor\codeigniter4\framework\system\View\View.php(217): CodeIgniter\View\View->CodeIgniter\View\{closure}()
#3 E:\Projects\arfod-tryout\vendor\codeigniter4\framework\system\View\View.php(432): CodeIgniter\View\View->render('template/sideba...', NULL, true)
#4 E:\Projects\arfod-tryout\app\Views\siswa\ujian\list.php(3): CodeIgniter\View\View->include('template/sideba...')
#5 E:\Projects\arfod-tryout\vendor\codeigniter4\framework\system\View\View.php(214): include('E:\\Projects\\arf...')
#6 E:\Projects\arfod-tryout\vendor\codeigniter4\framework\system\View\View.php(217): CodeIgniter\View\View->CodeIgniter\View\{closure}()
#7 E:\Projects\arfod-tryout\vendor\codeigniter4\framework\system\Common.php(1097): CodeIgniter\View\View->render('siswa/ujian/lis...', Array, true)
#8 E:\Projects\arfod-tryout\app\Controllers\Siswa.php(637): view('siswa/ujian/lis...', Array)
#9 E:\Projects\arfod-tryout\vendor\codeigniter4\framework\system\CodeIgniter.php(824): App\Controllers\Siswa->ujian()
#10 E:\Projects\arfod-tryout\vendor\codeigniter4\framework\system\CodeIgniter.php(410): CodeIgniter\CodeIgniter->runController(Object(App\Controllers\Siswa))
#11 E:\Projects\arfod-tryout\vendor\codeigniter4\framework\system\CodeIgniter.php(318): CodeIgniter\CodeIgniter->handleRequest(NULL, Object(Config\Cache), false)
#12 E:\Projects\arfod-tryout\public\index.php(37): CodeIgniter\CodeIgniter->run()
#13 E:\Projects\arfod-tryout\vendor\codeigniter4\framework\system\Commands\Server\rewrite.php(43): require_once('E:\\Projects\\arf...')
#14 {main}
CRITICAL - 2024-04-03 21:08:02 --> Undefined variable $kelas
#0 E:\Projects\arfod-tryout\app\Views\template\sidebar\siswa.php(10): CodeIgniter\Debug\Exceptions->errorHandler(2, 'Undefined varia...', 'E:\\Projects\\arf...', 10)
#1 E:\Projects\arfod-tryout\vendor\codeigniter4\framework\system\View\View.php(214): include('E:\\Projects\\arf...')
#2 E:\Projects\arfod-tryout\vendor\codeigniter4\framework\system\View\View.php(217): CodeIgniter\View\View->CodeIgniter\View\{closure}()
#3 E:\Projects\arfod-tryout\vendor\codeigniter4\framework\system\View\View.php(432): CodeIgniter\View\View->render('template/sideba...', NULL, true)
#4 E:\Projects\arfod-tryout\app\Views\siswa\ujian\list.php(3): CodeIgniter\View\View->include('template/sideba...')
#5 E:\Projects\arfod-tryout\vendor\codeigniter4\framework\system\View\View.php(214): include('E:\\Projects\\arf...')
#6 E:\Projects\arfod-tryout\vendor\codeigniter4\framework\system\View\View.php(217): CodeIgniter\View\View->CodeIgniter\View\{closure}()
#7 E:\Projects\arfod-tryout\vendor\codeigniter4\framework\system\Common.php(1097): CodeIgniter\View\View->render('siswa/ujian/lis...', Array, true)
#8 E:\Projects\arfod-tryout\app\Controllers\Siswa.php(637): view('siswa/ujian/lis...', Array)
#9 E:\Projects\arfod-tryout\vendor\codeigniter4\framework\system\CodeIgniter.php(824): App\Controllers\Siswa->ujian()
#10 E:\Projects\arfod-tryout\vendor\codeigniter4\framework\system\CodeIgniter.php(410): CodeIgniter\CodeIgniter->runController(Object(App\Controllers\Siswa))
#11 E:\Projects\arfod-tryout\vendor\codeigniter4\framework\system\CodeIgniter.php(318): CodeIgniter\CodeIgniter->handleRequest(NULL, Object(Config\Cache), false)
#12 E:\Projects\arfod-tryout\public\index.php(37): CodeIgniter\CodeIgniter->run()
#13 E:\Projects\arfod-tryout\vendor\codeigniter4\framework\system\Commands\Server\rewrite.php(43): require_once('E:\\Projects\\arf...')
#14 {main}
CRITICAL - 2024-04-03 21:08:14 --> Undefined variable $kelas
#0 E:\Projects\arfod-tryout\app\Views\template\sidebar\siswa.php(10): CodeIgniter\Debug\Exceptions->errorHandler(2, 'Undefined varia...', 'E:\\Projects\\arf...', 10)
#1 E:\Projects\arfod-tryout\vendor\codeigniter4\framework\system\View\View.php(214): include('E:\\Projects\\arf...')
#2 E:\Projects\arfod-tryout\vendor\codeigniter4\framework\system\View\View.php(217): CodeIgniter\View\View->CodeIgniter\View\{closure}()
#3 E:\Projects\arfod-tryout\vendor\codeigniter4\framework\system\View\View.php(432): CodeIgniter\View\View->render('template/sideba...', NULL, true)
#4 E:\Projects\arfod-tryout\app\Views\siswa\ujian\list.php(3): CodeIgniter\View\View->include('template/sideba...')
#5 E:\Projects\arfod-tryout\vendor\codeigniter4\framework\system\View\View.php(214): include('E:\\Projects\\arf...')
#6 E:\Projects\arfod-tryout\vendor\codeigniter4\framework\system\View\View.php(217): CodeIgniter\View\View->CodeIgniter\View\{closure}()
#7 E:\Projects\arfod-tryout\vendor\codeigniter4\framework\system\Common.php(1097): CodeIgniter\View\View->render('siswa/ujian/lis...', Array, true)
#8 E:\Projects\arfod-tryout\app\Controllers\Siswa.php(637): view('siswa/ujian/lis...', Array)
#9 E:\Projects\arfod-tryout\vendor\codeigniter4\framework\system\CodeIgniter.php(824): App\Controllers\Siswa->ujian()
#10 E:\Projects\arfod-tryout\vendor\codeigniter4\framework\system\CodeIgniter.php(410): CodeIgniter\CodeIgniter->runController(Object(App\Controllers\Siswa))
#11 E:\Projects\arfod-tryout\vendor\codeigniter4\framework\system\CodeIgniter.php(318): CodeIgniter\CodeIgniter->handleRequest(NULL, Object(Config\Cache), false)
#12 E:\Projects\arfod-tryout\public\index.php(37): CodeIgniter\CodeIgniter->run()
#13 E:\Projects\arfod-tryout\vendor\codeigniter4\framework\system\Commands\Server\rewrite.php(43): require_once('E:\\Projects\\arf...')
#14 {main}
CRITICAL - 2024-04-03 21:08:18 --> Undefined variable $kelas
#0 E:\Projects\arfod-tryout\app\Views\template\sidebar\siswa.php(10): CodeIgniter\Debug\Exceptions->errorHandler(2, 'Undefined varia...', 'E:\\Projects\\arf...', 10)
#1 E:\Projects\arfod-tryout\vendor\codeigniter4\framework\system\View\View.php(214): include('E:\\Projects\\arf...')
#2 E:\Projects\arfod-tryout\vendor\codeigniter4\framework\system\View\View.php(217): CodeIgniter\View\View->CodeIgniter\View\{closure}()
#3 E:\Projects\arfod-tryout\vendor\codeigniter4\framework\system\View\View.php(432): CodeIgniter\View\View->render('template/sideba...', NULL, true)
#4 E:\Projects\arfod-tryout\app\Views\siswa\ujian\list.php(3): CodeIgniter\View\View->include('template/sideba...')
#5 E:\Projects\arfod-tryout\vendor\codeigniter4\framework\system\View\View.php(214): include('E:\\Projects\\arf...')
#6 E:\Projects\arfod-tryout\vendor\codeigniter4\framework\system\View\View.php(217): CodeIgniter\View\View->CodeIgniter\View\{closure}()
#7 E:\Projects\arfod-tryout\vendor\codeigniter4\framework\system\Common.php(1097): CodeIgniter\View\View->render('siswa/ujian/lis...', Array, true)
#8 E:\Projects\arfod-tryout\app\Controllers\Siswa.php(637): view('siswa/ujian/lis...', Array)
#9 E:\Projects\arfod-tryout\vendor\codeigniter4\framework\system\CodeIgniter.php(824): App\Controllers\Siswa->ujian()
#10 E:\Projects\arfod-tryout\vendor\codeigniter4\framework\system\CodeIgniter.php(410): CodeIgniter\CodeIgniter->runController(Object(App\Controllers\Siswa))
#11 E:\Projects\arfod-tryout\vendor\codeigniter4\framework\system\CodeIgniter.php(318): CodeIgniter\CodeIgniter->handleRequest(NULL, Object(Config\Cache), false)
#12 E:\Projects\arfod-tryout\public\index.php(37): CodeIgniter\CodeIgniter->run()
#13 E:\Projects\arfod-tryout\vendor\codeigniter4\framework\system\Commands\Server\rewrite.php(43): require_once('E:\\Projects\\arf...')
#14 {main}
CRITICAL - 2024-04-03 21:08:19 --> Undefined variable $kelas
#0 E:\Projects\arfod-tryout\app\Views\template\sidebar\siswa.php(10): CodeIgniter\Debug\Exceptions->errorHandler(2, 'Undefined varia...', 'E:\\Projects\\arf...', 10)
#1 E:\Projects\arfod-tryout\vendor\codeigniter4\framework\system\View\View.php(214): include('E:\\Projects\\arf...')
#2 E:\Projects\arfod-tryout\vendor\codeigniter4\framework\system\View\View.php(217): CodeIgniter\View\View->CodeIgniter\View\{closure}()
#3 E:\Projects\arfod-tryout\vendor\codeigniter4\framework\system\View\View.php(432): CodeIgniter\View\View->render('template/sideba...', NULL, true)
#4 E:\Projects\arfod-tryout\app\Views\siswa\ujian\list.php(3): CodeIgniter\View\View->include('template/sideba...')
#5 E:\Projects\arfod-tryout\vendor\codeigniter4\framework\system\View\View.php(214): include('E:\\Projects\\arf...')
#6 E:\Projects\arfod-tryout\vendor\codeigniter4\framework\system\View\View.php(217): CodeIgniter\View\View->CodeIgniter\View\{closure}()
#7 E:\Projects\arfod-tryout\vendor\codeigniter4\framework\system\Common.php(1097): CodeIgniter\View\View->render('siswa/ujian/lis...', Array, true)
#8 E:\Projects\arfod-tryout\app\Controllers\Siswa.php(637): view('siswa/ujian/lis...', Array)
#9 E:\Projects\arfod-tryout\vendor\codeigniter4\framework\system\CodeIgniter.php(824): App\Controllers\Siswa->ujian()
#10 E:\Projects\arfod-tryout\vendor\codeigniter4\framework\system\CodeIgniter.php(410): CodeIgniter\CodeIgniter->runController(Object(App\Controllers\Siswa))
#11 E:\Projects\arfod-tryout\vendor\codeigniter4\framework\system\CodeIgniter.php(318): CodeIgniter\CodeIgniter->handleRequest(NULL, Object(Config\Cache), false)
#12 E:\Projects\arfod-tryout\public\index.php(37): CodeIgniter\CodeIgniter->run()
#13 E:\Projects\arfod-tryout\vendor\codeigniter4\framework\system\Commands\Server\rewrite.php(43): require_once('E:\\Projects\\arf...')
#14 {main}
CRITICAL - 2024-04-03 21:09:12 --> Undefined variable $kelas
#0 E:\Projects\arfod-tryout\app\Views\template\sidebar\siswa.php(10): CodeIgniter\Debug\Exceptions->errorHandler(2, 'Undefined varia...', 'E:\\Projects\\arf...', 10)
#1 E:\Projects\arfod-tryout\vendor\codeigniter4\framework\system\View\View.php(214): include('E:\\Projects\\arf...')
#2 E:\Projects\arfod-tryout\vendor\codeigniter4\framework\system\View\View.php(217): CodeIgniter\View\View->CodeIgniter\View\{closure}()
#3 E:\Projects\arfod-tryout\vendor\codeigniter4\framework\system\View\View.php(432): CodeIgniter\View\View->render('template/sideba...', NULL, true)
#4 E:\Projects\arfod-tryout\app\Views\siswa\ujian\list.php(3): CodeIgniter\View\View->include('template/sideba...')
#5 E:\Projects\arfod-tryout\vendor\codeigniter4\framework\system\View\View.php(214): include('E:\\Projects\\arf...')
#6 E:\Projects\arfod-tryout\vendor\codeigniter4\framework\system\View\View.php(217): CodeIgniter\View\View->CodeIgniter\View\{closure}()
#7 E:\Projects\arfod-tryout\vendor\codeigniter4\framework\system\Common.php(1097): CodeIgniter\View\View->render('siswa/ujian/lis...', Array, true)
#8 E:\Projects\arfod-tryout\app\Controllers\Siswa.php(637): view('siswa/ujian/lis...', Array)
#9 E:\Projects\arfod-tryout\vendor\codeigniter4\framework\system\CodeIgniter.php(824): App\Controllers\Siswa->ujian()
#10 E:\Projects\arfod-tryout\vendor\codeigniter4\framework\system\CodeIgniter.php(410): CodeIgniter\CodeIgniter->runController(Object(App\Controllers\Siswa))
#11 E:\Projects\arfod-tryout\vendor\codeigniter4\framework\system\CodeIgniter.php(318): CodeIgniter\CodeIgniter->handleRequest(NULL, Object(Config\Cache), false)
#12 E:\Projects\arfod-tryout\public\index.php(37): CodeIgniter\CodeIgniter->run()
#13 E:\Projects\arfod-tryout\vendor\codeigniter4\framework\system\Commands\Server\rewrite.php(43): require_once('E:\\Projects\\arf...')
#14 {main}
ERROR - 2024-04-03 21:19:00 --> Unknown column 'siswa.id' in 'where clause'
CRITICAL - 2024-04-03 21:19:00 --> Unknown column 'siswa.id' in 'where clause'
#0 E:\Projects\arfod-tryout\vendor\codeigniter4\framework\system\Database\MySQLi\Connection.php(292): mysqli->query('SELECT *\nFROM `...', 0)
#1 E:\Projects\arfod-tryout\vendor\codeigniter4\framework\system\Database\BaseConnection.php(670): CodeIgniter\Database\MySQLi\Connection->execute('SELECT *\nFROM `...')
#2 E:\Projects\arfod-tryout\vendor\codeigniter4\framework\system\Database\BaseConnection.php(598): CodeIgniter\Database\BaseConnection->simpleQuery('SELECT *\nFROM `...')
#3 E:\Projects\arfod-tryout\vendor\codeigniter4\framework\system\Database\BaseBuilder.php(1443): CodeIgniter\Database\BaseConnection->query('SELECT *\nFROM `...', Array, false)
#4 E:\Projects\arfod-tryout\vendor\codeigniter4\framework\system\Model.php(723): CodeIgniter\Database\BaseBuilder->get()
#5 E:\Projects\arfod-tryout\app\Models\SiswaModel.php(27): CodeIgniter\Model->__call('get', Array)
#6 E:\Projects\arfod-tryout\app\Controllers\Siswa.php(112): App\Models\SiswaModel->getDetail('1')
#7 E:\Projects\arfod-tryout\vendor\codeigniter4\framework\system\CodeIgniter.php(824): App\Controllers\Siswa->index()
#8 E:\Projects\arfod-tryout\vendor\codeigniter4\framework\system\CodeIgniter.php(410): CodeIgniter\CodeIgniter->runController(Object(App\Controllers\Siswa))
#9 E:\Projects\arfod-tryout\vendor\codeigniter4\framework\system\CodeIgniter.php(318): CodeIgniter\CodeIgniter->handleRequest(NULL, Object(Config\Cache), false)
#10 E:\Projects\arfod-tryout\public\index.php(37): CodeIgniter\CodeIgniter->run()
#11 E:\Projects\arfod-tryout\vendor\codeigniter4\framework\system\Commands\Server\rewrite.php(43): require_once('E:\\Projects\\arf...')
#12 {main}
ERROR - 2024-04-03 21:19:18 --> Unknown column 'siswa.id' in 'where clause'
CRITICAL - 2024-04-03 21:19:18 --> Unknown column 'siswa.id' in 'where clause'
#0 E:\Projects\arfod-tryout\vendor\codeigniter4\framework\system\Database\MySQLi\Connection.php(292): mysqli->query('SELECT *\nFROM `...', 0)
#1 E:\Projects\arfod-tryout\vendor\codeigniter4\framework\system\Database\BaseConnection.php(670): CodeIgniter\Database\MySQLi\Connection->execute('SELECT *\nFROM `...')
#2 E:\Projects\arfod-tryout\vendor\codeigniter4\framework\system\Database\BaseConnection.php(598): CodeIgniter\Database\BaseConnection->simpleQuery('SELECT *\nFROM `...')
#3 E:\Projects\arfod-tryout\vendor\codeigniter4\framework\system\Database\BaseBuilder.php(1443): CodeIgniter\Database\BaseConnection->query('SELECT *\nFROM `...', Array, false)
#4 E:\Projects\arfod-tryout\vendor\codeigniter4\framework\system\Model.php(723): CodeIgniter\Database\BaseBuilder->get()
#5 E:\Projects\arfod-tryout\app\Models\SiswaModel.php(27): CodeIgniter\Model->__call('get', Array)
#6 E:\Projects\arfod-tryout\app\Controllers\Siswa.php(112): App\Models\SiswaModel->getDetail('1')
#7 E:\Projects\arfod-tryout\vendor\codeigniter4\framework\system\CodeIgniter.php(824): App\Controllers\Siswa->index()
#8 E:\Projects\arfod-tryout\vendor\codeigniter4\framework\system\CodeIgniter.php(410): CodeIgniter\CodeIgniter->runController(Object(App\Controllers\Siswa))
#9 E:\Projects\arfod-tryout\vendor\codeigniter4\framework\system\CodeIgniter.php(318): CodeIgniter\CodeIgniter->handleRequest(NULL, Object(Config\Cache), false)
#10 E:\Projects\arfod-tryout\public\index.php(37): CodeIgniter\CodeIgniter->run()
#11 E:\Projects\arfod-tryout\vendor\codeigniter4\framework\system\Commands\Server\rewrite.php(43): require_once('E:\\Projects\\arf...')
#12 {main}
ERROR - 2024-04-03 21:19:58 --> Unknown column 'siswa.id' in 'where clause'
CRITICAL - 2024-04-03 21:19:58 --> Unknown column 'siswa.id' in 'where clause'
#0 E:\Projects\arfod-tryout\vendor\codeigniter4\framework\system\Database\MySQLi\Connection.php(292): mysqli->query('SELECT *\nFROM `...', 0)
#1 E:\Projects\arfod-tryout\vendor\codeigniter4\framework\system\Database\BaseConnection.php(670): CodeIgniter\Database\MySQLi\Connection->execute('SELECT *\nFROM `...')
#2 E:\Projects\arfod-tryout\vendor\codeigniter4\framework\system\Database\BaseConnection.php(598): CodeIgniter\Database\BaseConnection->simpleQuery('SELECT *\nFROM `...')
#3 E:\Projects\arfod-tryout\vendor\codeigniter4\framework\system\Database\BaseBuilder.php(1443): CodeIgniter\Database\BaseConnection->query('SELECT *\nFROM `...', Array, false)
#4 E:\Projects\arfod-tryout\vendor\codeigniter4\framework\system\Model.php(723): CodeIgniter\Database\BaseBuilder->get()
#5 E:\Projects\arfod-tryout\app\Models\SiswaModel.php(27): CodeIgniter\Model->__call('get', Array)
#6 E:\Projects\arfod-tryout\app\Controllers\Siswa.php(112): App\Models\SiswaModel->getDetail('1')
#7 E:\Projects\arfod-tryout\vendor\codeigniter4\framework\system\CodeIgniter.php(824): App\Controllers\Siswa->index()
#8 E:\Projects\arfod-tryout\vendor\codeigniter4\framework\system\CodeIgniter.php(410): CodeIgniter\CodeIgniter->runController(Object(App\Controllers\Siswa))
#9 E:\Projects\arfod-tryout\vendor\codeigniter4\framework\system\CodeIgniter.php(318): CodeIgniter\CodeIgniter->handleRequest(NULL, Object(Config\Cache), false)
#10 E:\Projects\arfod-tryout\public\index.php(37): CodeIgniter\CodeIgniter->run()
#11 E:\Projects\arfod-tryout\vendor\codeigniter4\framework\system\Commands\Server\rewrite.php(43): require_once('E:\\Projects\\arf...')
#12 {main}
ERROR - 2024-04-03 21:21:21 --> Unknown column 'siswa.id' in 'where clause'
CRITICAL - 2024-04-03 21:21:21 --> Unknown column 'siswa.id' in 'where clause'
#0 E:\Projects\arfod-tryout\vendor\codeigniter4\framework\system\Database\MySQLi\Connection.php(292): mysqli->query('SELECT *\nFROM `...', 0)
#1 E:\Projects\arfod-tryout\vendor\codeigniter4\framework\system\Database\BaseConnection.php(670): CodeIgniter\Database\MySQLi\Connection->execute('SELECT *\nFROM `...')
#2 E:\Projects\arfod-tryout\vendor\codeigniter4\framework\system\Database\BaseConnection.php(598): CodeIgniter\Database\BaseConnection->simpleQuery('SELECT *\nFROM `...')
#3 E:\Projects\arfod-tryout\vendor\codeigniter4\framework\system\Database\BaseBuilder.php(1443): CodeIgniter\Database\BaseConnection->query('SELECT *\nFROM `...', Array, false)
#4 E:\Projects\arfod-tryout\vendor\codeigniter4\framework\system\Model.php(723): CodeIgniter\Database\BaseBuilder->get()
#5 E:\Projects\arfod-tryout\app\Models\SiswaModel.php(27): CodeIgniter\Model->__call('get', Array)
#6 E:\Projects\arfod-tryout\app\Controllers\Siswa.php(112): App\Models\SiswaModel->getDetail('1')
#7 E:\Projects\arfod-tryout\vendor\codeigniter4\framework\system\CodeIgniter.php(824): App\Controllers\Siswa->index()
#8 E:\Projects\arfod-tryout\vendor\codeigniter4\framework\system\CodeIgniter.php(410): CodeIgniter\CodeIgniter->runController(Object(App\Controllers\Siswa))
#9 E:\Projects\arfod-tryout\vendor\codeigniter4\framework\system\CodeIgniter.php(318): CodeIgniter\CodeIgniter->handleRequest(NULL, Object(Config\Cache), false)
#10 E:\Projects\arfod-tryout\public\index.php(37): CodeIgniter\CodeIgniter->run()
#11 E:\Projects\arfod-tryout\vendor\codeigniter4\framework\system\Commands\Server\rewrite.php(43): require_once('E:\\Projects\\arf...')
#12 {main}
CRITICAL - 2024-04-03 21:25:30 --> Undefined property: stdClass::$nama_kelas
#0 E:\Projects\arfod-tryout\app\Views\template\sidebar\siswa.php(10): CodeIgniter\Debug\Exceptions->errorHandler(2, 'Undefined prope...', 'E:\\Projects\\arf...', 10)
#1 E:\Projects\arfod-tryout\vendor\codeigniter4\framework\system\View\View.php(214): include('E:\\Projects\\arf...')
#2 E:\Projects\arfod-tryout\vendor\codeigniter4\framework\system\View\View.php(217): CodeIgniter\View\View->CodeIgniter\View\{closure}()
#3 E:\Projects\arfod-tryout\vendor\codeigniter4\framework\system\View\View.php(432): CodeIgniter\View\View->render('template/sideba...', NULL, true)
#4 E:\Projects\arfod-tryout\app\Views\siswa\profile.php(3): CodeIgniter\View\View->include('template/sideba...')
#5 E:\Projects\arfod-tryout\vendor\codeigniter4\framework\system\View\View.php(214): include('E:\\Projects\\arf...')
#6 E:\Projects\arfod-tryout\vendor\codeigniter4\framework\system\View\View.php(217): CodeIgniter\View\View->CodeIgniter\View\{closure}()
#7 E:\Projects\arfod-tryout\vendor\codeigniter4\framework\system\Common.php(1097): CodeIgniter\View\View->render('siswa/profile', Array, true)
#8 E:\Projects\arfod-tryout\app\Controllers\Siswa.php(190): view('siswa/profile', Array)
#9 E:\Projects\arfod-tryout\vendor\codeigniter4\framework\system\CodeIgniter.php(824): App\Controllers\Siswa->profile()
#10 E:\Projects\arfod-tryout\vendor\codeigniter4\framework\system\CodeIgniter.php(410): CodeIgniter\CodeIgniter->runController(Object(App\Controllers\Siswa))
#11 E:\Projects\arfod-tryout\vendor\codeigniter4\framework\system\CodeIgniter.php(318): CodeIgniter\CodeIgniter->handleRequest(NULL, Object(Config\Cache), false)
#12 E:\Projects\arfod-tryout\public\index.php(37): CodeIgniter\CodeIgniter->run()
#13 E:\Projects\arfod-tryout\vendor\codeigniter4\framework\system\Commands\Server\rewrite.php(43): require_once('E:\\Projects\\arf...')
#14 {main}
