CRITICAL - 2024-04-16 04:26:17 --> Attempt to read property "kelas" on null
#0 E:\Projects\arfod-tryout\app\Controllers\App.php(2666): CodeIgniter\Debug\Exceptions->errorHandler(2, 'Attempt to read...', 'E:\\Projects\\arf...', 2666)
#1 E:\Projects\arfod-tryout\vendor\codeigniter4\framework\system\CodeIgniter.php(824): App\Controllers\App->lihat_ujian('MFgwMzRjekRBUGU...', 'SFM0NEhRR05JOGU...')
#2 E:\Projects\arfod-tryout\vendor\codeigniter4\framework\system\CodeIgniter.php(410): CodeIgniter\CodeIgniter->runController(Object(App\Controllers\App))
#3 E:\Projects\arfod-tryout\vendor\codeigniter4\framework\system\CodeIgniter.php(318): CodeIgniter\CodeIgniter->handleRequest(NULL, Object(Config\Cache), false)
#4 E:\Projects\arfod-tryout\public\index.php(37): CodeIgniter\CodeIgniter->run()
#5 E:\Projects\arfod-tryout\vendor\codeigniter4\framework\system\Commands\Server\rewrite.php(43): require_once('E:\\Projects\\arf...')
#6 {main}
CRITICAL - 2024-04-16 04:28:19 --> Attempt to read property "kelas" on null
#0 E:\Projects\arfod-tryout\app\Controllers\App.php(2665): CodeIgniter\Debug\Exceptions->errorHandler(2, 'Attempt to read...', 'E:\\Projects\\arf...', 2665)
#1 E:\Projects\arfod-tryout\vendor\codeigniter4\framework\system\CodeIgniter.php(824): App\Controllers\App->lihat_ujian('MFgwMzRjekRBUGU...', 'SFM0NEhRR05JOGU...')
#2 E:\Projects\arfod-tryout\vendor\codeigniter4\framework\system\CodeIgniter.php(410): CodeIgniter\CodeIgniter->runController(Object(App\Controllers\App))
#3 E:\Projects\arfod-tryout\vendor\codeigniter4\framework\system\CodeIgniter.php(318): CodeIgniter\CodeIgniter->handleRequest(NULL, Object(Config\Cache), false)
#4 E:\Projects\arfod-tryout\public\index.php(37): CodeIgniter\CodeIgniter->run()
#5 E:\Projects\arfod-tryout\vendor\codeigniter4\framework\system\Commands\Server\rewrite.php(43): require_once('E:\\Projects\\arf...')
#6 {main}
CRITICAL - 2024-04-16 04:30:19 --> Attempt to read property "kelas" on null
#0 E:\Projects\arfod-tryout\app\Controllers\App.php(2665): CodeIgniter\Debug\Exceptions->errorHandler(2, 'Attempt to read...', 'E:\\Projects\\arf...', 2665)
#1 E:\Projects\arfod-tryout\vendor\codeigniter4\framework\system\CodeIgniter.php(824): App\Controllers\App->lihat_ujian('MFgwMzRjekRBUGU...', 'SFM0NEhRR05JOGU...')
#2 E:\Projects\arfod-tryout\vendor\codeigniter4\framework\system\CodeIgniter.php(410): CodeIgniter\CodeIgniter->runController(Object(App\Controllers\App))
#3 E:\Projects\arfod-tryout\vendor\codeigniter4\framework\system\CodeIgniter.php(318): CodeIgniter\CodeIgniter->handleRequest(NULL, Object(Config\Cache), false)
#4 E:\Projects\arfod-tryout\public\index.php(37): CodeIgniter\CodeIgniter->run()
#5 E:\Projects\arfod-tryout\vendor\codeigniter4\framework\system\Commands\Server\rewrite.php(43): require_once('E:\\Projects\\arf...')
#6 {main}
CRITICAL - 2024-04-16 04:47:17 --> Attempt to read property "avatar" on null
#0 E:\Projects\arfod-tryout\app\Views\template\sidebar\guru.php(8): CodeIgniter\Debug\Exceptions->errorHandler(2, 'Attempt to read...', 'E:\\Projects\\arf...', 8)
#1 E:\Projects\arfod-tryout\vendor\codeigniter4\framework\system\View\View.php(214): include('E:\\Projects\\arf...')
#2 E:\Projects\arfod-tryout\vendor\codeigniter4\framework\system\View\View.php(217): CodeIgniter\View\View->CodeIgniter\View\{closure}()
#3 E:\Projects\arfod-tryout\vendor\codeigniter4\framework\system\View\View.php(432): CodeIgniter\View\View->render('template/sideba...', NULL, true)
#4 E:\Projects\arfod-tryout\app\Views\guru\ujian\pg-lihat.php(3): CodeIgniter\View\View->include('template/sideba...')
#5 E:\Projects\arfod-tryout\vendor\codeigniter4\framework\system\View\View.php(214): include('E:\\Projects\\arf...')
#6 E:\Projects\arfod-tryout\vendor\codeigniter4\framework\system\View\View.php(217): CodeIgniter\View\View->CodeIgniter\View\{closure}()
#7 E:\Projects\arfod-tryout\vendor\codeigniter4\framework\system\Common.php(1097): CodeIgniter\View\View->render('guru/ujian/pg-l...', Array, true)
#8 E:\Projects\arfod-tryout\app\Controllers\App.php(2671): view('guru/ujian/pg-l...', Array)
#9 E:\Projects\arfod-tryout\vendor\codeigniter4\framework\system\CodeIgniter.php(824): App\Controllers\App->lihat_ujian('MFgwMzRjekRBUGU...', 'SFM0NEhRR05JOGU...')
#10 E:\Projects\arfod-tryout\vendor\codeigniter4\framework\system\CodeIgniter.php(410): CodeIgniter\CodeIgniter->runController(Object(App\Controllers\App))
#11 E:\Projects\arfod-tryout\vendor\codeigniter4\framework\system\CodeIgniter.php(318): CodeIgniter\CodeIgniter->handleRequest(NULL, Object(Config\Cache), false)
#12 E:\Projects\arfod-tryout\public\index.php(37): CodeIgniter\CodeIgniter->run()
#13 E:\Projects\arfod-tryout\vendor\codeigniter4\framework\system\Commands\Server\rewrite.php(43): require_once('E:\\Projects\\arf...')
#14 {main}
CRITICAL - 2024-04-16 10:00:53 --> Attempt to read property "avatar" on null
#0 E:\Projects\arfod-tryout\app\Views\template\sidebar\guru.php(8): CodeIgniter\Debug\Exceptions->errorHandler(2, 'Attempt to read...', 'E:\\Projects\\arf...', 8)
#1 E:\Projects\arfod-tryout\vendor\codeigniter4\framework\system\View\View.php(214): include('E:\\Projects\\arf...')
#2 E:\Projects\arfod-tryout\vendor\codeigniter4\framework\system\View\View.php(217): CodeIgniter\View\View->CodeIgniter\View\{closure}()
#3 E:\Projects\arfod-tryout\vendor\codeigniter4\framework\system\View\View.php(432): CodeIgniter\View\View->render('template/sideba...', NULL, true)
#4 E:\Projects\arfod-tryout\app\Views\guru\ujian\pg-lihat.php(3): CodeIgniter\View\View->include('template/sideba...')
#5 E:\Projects\arfod-tryout\vendor\codeigniter4\framework\system\View\View.php(214): include('E:\\Projects\\arf...')
#6 E:\Projects\arfod-tryout\vendor\codeigniter4\framework\system\View\View.php(217): CodeIgniter\View\View->CodeIgniter\View\{closure}()
#7 E:\Projects\arfod-tryout\vendor\codeigniter4\framework\system\Common.php(1097): CodeIgniter\View\View->render('guru/ujian/pg-l...', Array, true)
#8 E:\Projects\arfod-tryout\app\Controllers\App.php(2671): view('guru/ujian/pg-l...', Array)
#9 E:\Projects\arfod-tryout\vendor\codeigniter4\framework\system\CodeIgniter.php(824): App\Controllers\App->lihat_ujian('MFgwMzRjekRBUGU...', 'SFM0NEhRR05JOGU...')
#10 E:\Projects\arfod-tryout\vendor\codeigniter4\framework\system\CodeIgniter.php(410): CodeIgniter\CodeIgniter->runController(Object(App\Controllers\App))
#11 E:\Projects\arfod-tryout\vendor\codeigniter4\framework\system\CodeIgniter.php(318): CodeIgniter\CodeIgniter->handleRequest(NULL, Object(Config\Cache), false)
#12 E:\Projects\arfod-tryout\public\index.php(37): CodeIgniter\CodeIgniter->run()
#13 E:\Projects\arfod-tryout\vendor\codeigniter4\framework\system\Commands\Server\rewrite.php(43): require_once('E:\\Projects\\arf...')
#14 {main}
CRITICAL - 2024-04-16 10:02:21 --> Attempt to read property "avatar" on null
#0 E:\Projects\arfod-tryout\app\Views\template\sidebar\guru.php(8): CodeIgniter\Debug\Exceptions->errorHandler(2, 'Attempt to read...', 'E:\\Projects\\arf...', 8)
#1 E:\Projects\arfod-tryout\vendor\codeigniter4\framework\system\View\View.php(214): include('E:\\Projects\\arf...')
#2 E:\Projects\arfod-tryout\vendor\codeigniter4\framework\system\View\View.php(217): CodeIgniter\View\View->CodeIgniter\View\{closure}()
#3 E:\Projects\arfod-tryout\vendor\codeigniter4\framework\system\View\View.php(432): CodeIgniter\View\View->render('template/sideba...', NULL, true)
#4 E:\Projects\arfod-tryout\app\Views\guru\ujian\pg-lihat.php(3): CodeIgniter\View\View->include('template/sideba...')
#5 E:\Projects\arfod-tryout\vendor\codeigniter4\framework\system\View\View.php(214): include('E:\\Projects\\arf...')
#6 E:\Projects\arfod-tryout\vendor\codeigniter4\framework\system\View\View.php(217): CodeIgniter\View\View->CodeIgniter\View\{closure}()
#7 E:\Projects\arfod-tryout\vendor\codeigniter4\framework\system\Common.php(1097): CodeIgniter\View\View->render('guru/ujian/pg-l...', Array, true)
#8 E:\Projects\arfod-tryout\app\Controllers\App.php(2671): view('guru/ujian/pg-l...', Array)
#9 E:\Projects\arfod-tryout\vendor\codeigniter4\framework\system\CodeIgniter.php(824): App\Controllers\App->lihat_ujian('MFgwMzRjekRBUGU...', 'SFM0NEhRR05JOGU...')
#10 E:\Projects\arfod-tryout\vendor\codeigniter4\framework\system\CodeIgniter.php(410): CodeIgniter\CodeIgniter->runController(Object(App\Controllers\App))
#11 E:\Projects\arfod-tryout\vendor\codeigniter4\framework\system\CodeIgniter.php(318): CodeIgniter\CodeIgniter->handleRequest(NULL, Object(Config\Cache), false)
#12 E:\Projects\arfod-tryout\public\index.php(37): CodeIgniter\CodeIgniter->run()
#13 E:\Projects\arfod-tryout\vendor\codeigniter4\framework\system\Commands\Server\rewrite.php(43): require_once('E:\\Projects\\arf...')
#14 {main}
CRITICAL - 2024-04-16 10:02:22 --> Attempt to read property "avatar" on null
#0 E:\Projects\arfod-tryout\app\Views\template\sidebar\guru.php(8): CodeIgniter\Debug\Exceptions->errorHandler(2, 'Attempt to read...', 'E:\\Projects\\arf...', 8)
#1 E:\Projects\arfod-tryout\vendor\codeigniter4\framework\system\View\View.php(214): include('E:\\Projects\\arf...')
#2 E:\Projects\arfod-tryout\vendor\codeigniter4\framework\system\View\View.php(217): CodeIgniter\View\View->CodeIgniter\View\{closure}()
#3 E:\Projects\arfod-tryout\vendor\codeigniter4\framework\system\View\View.php(432): CodeIgniter\View\View->render('template/sideba...', NULL, true)
#4 E:\Projects\arfod-tryout\app\Views\guru\ujian\pg-lihat.php(3): CodeIgniter\View\View->include('template/sideba...')
#5 E:\Projects\arfod-tryout\vendor\codeigniter4\framework\system\View\View.php(214): include('E:\\Projects\\arf...')
#6 E:\Projects\arfod-tryout\vendor\codeigniter4\framework\system\View\View.php(217): CodeIgniter\View\View->CodeIgniter\View\{closure}()
#7 E:\Projects\arfod-tryout\vendor\codeigniter4\framework\system\Common.php(1097): CodeIgniter\View\View->render('guru/ujian/pg-l...', Array, true)
#8 E:\Projects\arfod-tryout\app\Controllers\App.php(2671): view('guru/ujian/pg-l...', Array)
#9 E:\Projects\arfod-tryout\vendor\codeigniter4\framework\system\CodeIgniter.php(824): App\Controllers\App->lihat_ujian('MFgwMzRjekRBUGU...', 'SFM0NEhRR05JOGU...')
#10 E:\Projects\arfod-tryout\vendor\codeigniter4\framework\system\CodeIgniter.php(410): CodeIgniter\CodeIgniter->runController(Object(App\Controllers\App))
#11 E:\Projects\arfod-tryout\vendor\codeigniter4\framework\system\CodeIgniter.php(318): CodeIgniter\CodeIgniter->handleRequest(NULL, Object(Config\Cache), false)
#12 E:\Projects\arfod-tryout\public\index.php(37): CodeIgniter\CodeIgniter->run()
#13 E:\Projects\arfod-tryout\vendor\codeigniter4\framework\system\Commands\Server\rewrite.php(43): require_once('E:\\Projects\\arf...')
#14 {main}
CRITICAL - 2024-04-16 10:03:03 --> Undefined variable $admin
#0 E:\Projects\arfod-tryout\app\Views\template\sidebar\admin.php(8): CodeIgniter\Debug\Exceptions->errorHandler(2, 'Undefined varia...', 'E:\\Projects\\arf...', 8)
#1 E:\Projects\arfod-tryout\vendor\codeigniter4\framework\system\View\View.php(214): include('E:\\Projects\\arf...')
#2 E:\Projects\arfod-tryout\vendor\codeigniter4\framework\system\View\View.php(217): CodeIgniter\View\View->CodeIgniter\View\{closure}()
#3 E:\Projects\arfod-tryout\vendor\codeigniter4\framework\system\View\View.php(432): CodeIgniter\View\View->render('template/sideba...', NULL, true)
#4 E:\Projects\arfod-tryout\app\Views\admin\ujian\pg-lihat.php(3): CodeIgniter\View\View->include('template/sideba...')
#5 E:\Projects\arfod-tryout\vendor\codeigniter4\framework\system\View\View.php(214): include('E:\\Projects\\arf...')
#6 E:\Projects\arfod-tryout\vendor\codeigniter4\framework\system\View\View.php(217): CodeIgniter\View\View->CodeIgniter\View\{closure}()
#7 E:\Projects\arfod-tryout\vendor\codeigniter4\framework\system\Common.php(1097): CodeIgniter\View\View->render('admin/ujian/pg-...', Array, true)
#8 E:\Projects\arfod-tryout\app\Controllers\App.php(2668): view('admin/ujian/pg-...', Array)
#9 E:\Projects\arfod-tryout\vendor\codeigniter4\framework\system\CodeIgniter.php(824): App\Controllers\App->lihat_ujian('MFgwMzRjekRBUGU...', 'SFM0NEhRR05JOGU...')
#10 E:\Projects\arfod-tryout\vendor\codeigniter4\framework\system\CodeIgniter.php(410): CodeIgniter\CodeIgniter->runController(Object(App\Controllers\App))
#11 E:\Projects\arfod-tryout\vendor\codeigniter4\framework\system\CodeIgniter.php(318): CodeIgniter\CodeIgniter->handleRequest(NULL, Object(Config\Cache), false)
#12 E:\Projects\arfod-tryout\public\index.php(37): CodeIgniter\CodeIgniter->run()
#13 E:\Projects\arfod-tryout\vendor\codeigniter4\framework\system\Commands\Server\rewrite.php(43): require_once('E:\\Projects\\arf...')
#14 {main}
CRITICAL - 2024-04-16 10:12:01 --> Attempt to read property "publish" on null
#0 E:\Projects\arfod-tryout\app\Controllers\App.php(3220): CodeIgniter\Debug\Exceptions->errorHandler(2, 'Attempt to read...', 'E:\\Projects\\arf...', 3220)
#1 E:\Projects\arfod-tryout\vendor\codeigniter4\framework\system\CodeIgniter.php(824): App\Controllers\App->publish_ujian('MFgwMzRjekRBUGU...', 'SFM0NEhRR05JOGU...')
#2 E:\Projects\arfod-tryout\vendor\codeigniter4\framework\system\CodeIgniter.php(410): CodeIgniter\CodeIgniter->runController(Object(App\Controllers\App))
#3 E:\Projects\arfod-tryout\vendor\codeigniter4\framework\system\CodeIgniter.php(318): CodeIgniter\CodeIgniter->handleRequest(NULL, Object(Config\Cache), false)
#4 E:\Projects\arfod-tryout\public\index.php(37): CodeIgniter\CodeIgniter->run()
#5 E:\Projects\arfod-tryout\vendor\codeigniter4\framework\system\Commands\Server\rewrite.php(43): require_once('E:\\Projects\\arf...')
#6 {main}
CRITICAL - 2024-04-16 10:30:20 --> Attempt to read property "avatar" on null
#0 E:\Projects\arfod-tryout\app\Views\template\sidebar\guru.php(8): CodeIgniter\Debug\Exceptions->errorHandler(2, 'Attempt to read...', 'E:\\Projects\\arf...', 8)
#1 E:\Projects\arfod-tryout\vendor\codeigniter4\framework\system\View\View.php(214): include('E:\\Projects\\arf...')
#2 E:\Projects\arfod-tryout\vendor\codeigniter4\framework\system\View\View.php(217): CodeIgniter\View\View->CodeIgniter\View\{closure}()
#3 E:\Projects\arfod-tryout\vendor\codeigniter4\framework\system\View\View.php(432): CodeIgniter\View\View->render('template/sideba...', NULL, true)
#4 E:\Projects\arfod-tryout\app\Views\admin\ujian\essay-lihat.php(3): CodeIgniter\View\View->include('template/sideba...')
#5 E:\Projects\arfod-tryout\vendor\codeigniter4\framework\system\View\View.php(214): include('E:\\Projects\\arf...')
#6 E:\Projects\arfod-tryout\vendor\codeigniter4\framework\system\View\View.php(217): CodeIgniter\View\View->CodeIgniter\View\{closure}()
#7 E:\Projects\arfod-tryout\vendor\codeigniter4\framework\system\Common.php(1097): CodeIgniter\View\View->render('admin/ujian/ess...', Array, true)
#8 E:\Projects\arfod-tryout\app\Controllers\App.php(2997): view('admin/ujian/ess...', Array)
#9 E:\Projects\arfod-tryout\vendor\codeigniter4\framework\system\CodeIgniter.php(824): App\Controllers\App->lihat_essay('bmg5dDgzRjlDOVl...', 'SFM0NEhRR05JOGU...')
#10 E:\Projects\arfod-tryout\vendor\codeigniter4\framework\system\CodeIgniter.php(410): CodeIgniter\CodeIgniter->runController(Object(App\Controllers\App))
#11 E:\Projects\arfod-tryout\vendor\codeigniter4\framework\system\CodeIgniter.php(318): CodeIgniter\CodeIgniter->handleRequest(NULL, Object(Config\Cache), false)
#12 E:\Projects\arfod-tryout\public\index.php(37): CodeIgniter\CodeIgniter->run()
#13 E:\Projects\arfod-tryout\vendor\codeigniter4\framework\system\Commands\Server\rewrite.php(43): require_once('E:\\Projects\\arf...')
#14 {main}
CRITICAL - 2024-04-16 10:31:12 --> Undefined variable $admin
#0 E:\Projects\arfod-tryout\app\Views\template\sidebar\admin.php(8): CodeIgniter\Debug\Exceptions->errorHandler(2, 'Undefined varia...', 'E:\\Projects\\arf...', 8)
#1 E:\Projects\arfod-tryout\vendor\codeigniter4\framework\system\View\View.php(214): include('E:\\Projects\\arf...')
#2 E:\Projects\arfod-tryout\vendor\codeigniter4\framework\system\View\View.php(217): CodeIgniter\View\View->CodeIgniter\View\{closure}()
#3 E:\Projects\arfod-tryout\vendor\codeigniter4\framework\system\View\View.php(432): CodeIgniter\View\View->render('template/sideba...', NULL, true)
#4 E:\Projects\arfod-tryout\app\Views\admin\ujian\essay-lihat.php(3): CodeIgniter\View\View->include('template/sideba...')
#5 E:\Projects\arfod-tryout\vendor\codeigniter4\framework\system\View\View.php(214): include('E:\\Projects\\arf...')
#6 E:\Projects\arfod-tryout\vendor\codeigniter4\framework\system\View\View.php(217): CodeIgniter\View\View->CodeIgniter\View\{closure}()
#7 E:\Projects\arfod-tryout\vendor\codeigniter4\framework\system\Common.php(1097): CodeIgniter\View\View->render('admin/ujian/ess...', Array, true)
#8 E:\Projects\arfod-tryout\app\Controllers\App.php(2997): view('admin/ujian/ess...', Array)
#9 E:\Projects\arfod-tryout\vendor\codeigniter4\framework\system\CodeIgniter.php(824): App\Controllers\App->lihat_essay('bmg5dDgzRjlDOVl...', 'SFM0NEhRR05JOGU...')
#10 E:\Projects\arfod-tryout\vendor\codeigniter4\framework\system\CodeIgniter.php(410): CodeIgniter\CodeIgniter->runController(Object(App\Controllers\App))
#11 E:\Projects\arfod-tryout\vendor\codeigniter4\framework\system\CodeIgniter.php(318): CodeIgniter\CodeIgniter->handleRequest(NULL, Object(Config\Cache), false)
#12 E:\Projects\arfod-tryout\public\index.php(37): CodeIgniter\CodeIgniter->run()
#13 E:\Projects\arfod-tryout\vendor\codeigniter4\framework\system\Commands\Server\rewrite.php(43): require_once('E:\\Projects\\arf...')
#14 {main}
