ERROR - 2021-12-24 02:04:28 --> Unknown column 'kelas.kelas_kode' in 'on clause'
CRITICAL - 2021-12-24 02:04:28 --> Unknown column 'kelas.kelas_kode' in 'on clause'
#0 C:\xampp\htdocs\cbt-malela-ci4\vendor\codeigniter4\framework\system\Database\MySQLi\Connection.php(292): mysqli->query('SELECT *\nFROM `...', 0)
#1 C:\xampp\htdocs\cbt-malela-ci4\vendor\codeigniter4\framework\system\Database\BaseConnection.php(670): CodeIgniter\Database\MySQLi\Connection->execute('SELECT *\nFROM `...')
#2 C:\xampp\htdocs\cbt-malela-ci4\vendor\codeigniter4\framework\system\Database\BaseConnection.php(598): CodeIgniter\Database\BaseConnection->simpleQuery('SELECT *\nFROM `...')
#3 C:\xampp\htdocs\cbt-malela-ci4\vendor\codeigniter4\framework\system\Database\BaseBuilder.php(1443): CodeIgniter\Database\BaseConnection->query('SELECT *\nFROM `...', Array, false)
#4 C:\xampp\htdocs\cbt-malela-ci4\vendor\codeigniter4\framework\system\Model.php(723): CodeIgniter\Database\BaseBuilder->get()
#5 C:\xampp\htdocs\cbt-malela-ci4\app\Models\SiswaModel.php(26): CodeIgniter\Model->__call('get', Array)
#6 C:\xampp\htdocs\cbt-malela-ci4\app\Controllers\Auth.php(35): App\Models\SiswaModel->getByEmail('abdulohmalela10...')
#7 C:\xampp\htdocs\cbt-malela-ci4\vendor\codeigniter4\framework\system\CodeIgniter.php(824): App\Controllers\Auth->login_()
#8 C:\xampp\htdocs\cbt-malela-ci4\vendor\codeigniter4\framework\system\CodeIgniter.php(410): CodeIgniter\CodeIgniter->runController(Object(App\Controllers\Auth))
#9 C:\xampp\htdocs\cbt-malela-ci4\vendor\codeigniter4\framework\system\CodeIgniter.php(318): CodeIgniter\CodeIgniter->handleRequest(NULL, Object(Config\Cache), false)
#10 C:\xampp\htdocs\cbt-malela-ci4\public\index.php(37): CodeIgniter\CodeIgniter->run()
#11 {main}
CRITICAL - 2021-12-24 06:27:00 --> Cannot declare class App\Controllers\Auth, because the name is already in use
#0 [internal function]: CodeIgniter\Debug\Exceptions->shutdownHandler()
#1 {main}
CRITICAL - 2021-12-24 06:27:10 --> Undefined property: CodeIgniter\View\View::$db
#0 C:\xampp\htdocs\cbt-malela-ci4\app\Views\template\app.php(360): CodeIgniter\Debug\Exceptions->errorHandler(8, 'Undefined prope...', 'C:\\xampp\\htdocs...', 360, Array)
#1 C:\xampp\htdocs\cbt-malela-ci4\vendor\codeigniter4\framework\system\View\View.php(214): include('C:\\xampp\\htdocs...')
#2 C:\xampp\htdocs\cbt-malela-ci4\vendor\codeigniter4\framework\system\View\View.php(217): CodeIgniter\View\View->CodeIgniter\View\{closure}()
#3 C:\xampp\htdocs\cbt-malela-ci4\vendor\codeigniter4\framework\system\View\View.php(230): CodeIgniter\View\View->render('template/app', NULL, true)
#4 C:\xampp\htdocs\cbt-malela-ci4\vendor\codeigniter4\framework\system\View\View.php(432): CodeIgniter\View\View->render('template/sideba...', NULL, true)
#5 C:\xampp\htdocs\cbt-malela-ci4\app\Views\admin\dashboard.php(2): CodeIgniter\View\View->include('template/sideba...')
#6 C:\xampp\htdocs\cbt-malela-ci4\vendor\codeigniter4\framework\system\View\View.php(214): include('C:\\xampp\\htdocs...')
#7 C:\xampp\htdocs\cbt-malela-ci4\vendor\codeigniter4\framework\system\View\View.php(217): CodeIgniter\View\View->CodeIgniter\View\{closure}()
#8 C:\xampp\htdocs\cbt-malela-ci4\vendor\codeigniter4\framework\system\Common.php(1097): CodeIgniter\View\View->render('admin/dashboard', Array, true)
#9 C:\xampp\htdocs\cbt-malela-ci4\app\Controllers\App.php(82): view('admin/dashboard', Array)
#10 C:\xampp\htdocs\cbt-malela-ci4\vendor\codeigniter4\framework\system\CodeIgniter.php(824): App\Controllers\App->index()
#11 C:\xampp\htdocs\cbt-malela-ci4\vendor\codeigniter4\framework\system\CodeIgniter.php(410): CodeIgniter\CodeIgniter->runController(Object(App\Controllers\App))
#12 C:\xampp\htdocs\cbt-malela-ci4\vendor\codeigniter4\framework\system\CodeIgniter.php(318): CodeIgniter\CodeIgniter->handleRequest(NULL, Object(Config\Cache), false)
#13 C:\xampp\htdocs\cbt-malela-ci4\public\index.php(37): CodeIgniter\CodeIgniter->run()
#14 {main}
CRITICAL - 2021-12-24 18:42:52 --> Undefined property: App\Controllers\App::$email
#0 C:\xampp\htdocs\cbt-malela-ci4\app\Controllers\App.php(158): CodeIgniter\Debug\Exceptions->errorHandler(8, 'Undefined prope...', 'C:\\xampp\\htdocs...', 158, Array)
#1 C:\xampp\htdocs\cbt-malela-ci4\vendor\codeigniter4\framework\system\CodeIgniter.php(824): App\Controllers\App->tambah_siswa()
#2 C:\xampp\htdocs\cbt-malela-ci4\vendor\codeigniter4\framework\system\CodeIgniter.php(410): CodeIgniter\CodeIgniter->runController(Object(App\Controllers\App))
#3 C:\xampp\htdocs\cbt-malela-ci4\vendor\codeigniter4\framework\system\CodeIgniter.php(318): CodeIgniter\CodeIgniter->handleRequest(NULL, Object(Config\Cache), false)
#4 C:\xampp\htdocs\cbt-malela-ci4\public\index.php(37): CodeIgniter\CodeIgniter->run()
#5 {main}
CRITICAL - 2021-12-24 18:47:16 --> Trying to get property 'no_induk_siswa' of non-object
#0 C:\xampp\htdocs\cbt-malela-ci4\app\Views\admin\siswa\list.php(33): CodeIgniter\Debug\Exceptions->errorHandler(8, 'Trying to get p...', 'C:\\xampp\\htdocs...', 33, Array)
#1 C:\xampp\htdocs\cbt-malela-ci4\vendor\codeigniter4\framework\system\View\View.php(214): include('C:\\xampp\\htdocs...')
#2 C:\xampp\htdocs\cbt-malela-ci4\vendor\codeigniter4\framework\system\View\View.php(217): CodeIgniter\View\View->CodeIgniter\View\{closure}()
#3 C:\xampp\htdocs\cbt-malela-ci4\vendor\codeigniter4\framework\system\Common.php(1097): CodeIgniter\View\View->render('admin/siswa/lis...', Array, true)
#4 C:\xampp\htdocs\cbt-malela-ci4\app\Controllers\App.php(128): view('admin/siswa/lis...', Array)
#5 C:\xampp\htdocs\cbt-malela-ci4\vendor\codeigniter4\framework\system\CodeIgniter.php(824): App\Controllers\App->siswa()
#6 C:\xampp\htdocs\cbt-malela-ci4\vendor\codeigniter4\framework\system\CodeIgniter.php(410): CodeIgniter\CodeIgniter->runController(Object(App\Controllers\App))
#7 C:\xampp\htdocs\cbt-malela-ci4\vendor\codeigniter4\framework\system\CodeIgniter.php(318): CodeIgniter\CodeIgniter->handleRequest(NULL, Object(Config\Cache), false)
#8 C:\xampp\htdocs\cbt-malela-ci4\public\index.php(37): CodeIgniter\CodeIgniter->run()
#9 {main}
CRITICAL - 2021-12-24 18:49:52 --> Trying to get property 'no_induk_siswa' of non-object
#0 C:\xampp\htdocs\cbt-malela-ci4\app\Views\admin\siswa\list.php(33): CodeIgniter\Debug\Exceptions->errorHandler(8, 'Trying to get p...', 'C:\\xampp\\htdocs...', 33, Array)
#1 C:\xampp\htdocs\cbt-malela-ci4\vendor\codeigniter4\framework\system\View\View.php(214): include('C:\\xampp\\htdocs...')
#2 C:\xampp\htdocs\cbt-malela-ci4\vendor\codeigniter4\framework\system\View\View.php(217): CodeIgniter\View\View->CodeIgniter\View\{closure}()
#3 C:\xampp\htdocs\cbt-malela-ci4\vendor\codeigniter4\framework\system\Common.php(1097): CodeIgniter\View\View->render('admin/siswa/lis...', Array, true)
#4 C:\xampp\htdocs\cbt-malela-ci4\app\Controllers\App.php(128): view('admin/siswa/lis...', Array)
#5 C:\xampp\htdocs\cbt-malela-ci4\vendor\codeigniter4\framework\system\CodeIgniter.php(824): App\Controllers\App->siswa()
#6 C:\xampp\htdocs\cbt-malela-ci4\vendor\codeigniter4\framework\system\CodeIgniter.php(410): CodeIgniter\CodeIgniter->runController(Object(App\Controllers\App))
#7 C:\xampp\htdocs\cbt-malela-ci4\vendor\codeigniter4\framework\system\CodeIgniter.php(318): CodeIgniter\CodeIgniter->handleRequest(NULL, Object(Config\Cache), false)
#8 C:\xampp\htdocs\cbt-malela-ci4\public\index.php(37): CodeIgniter\CodeIgniter->run()
#9 {main}
CRITICAL - 2021-12-24 19:55:50 --> Trying to get property 'no_induk_siswa' of non-object
#0 C:\xampp\htdocs\cbt-malela-ci4\app\Views\admin\siswa\list.php(33): CodeIgniter\Debug\Exceptions->errorHandler(8, 'Trying to get p...', 'C:\\xampp\\htdocs...', 33, Array)
#1 C:\xampp\htdocs\cbt-malela-ci4\vendor\codeigniter4\framework\system\View\View.php(214): include('C:\\xampp\\htdocs...')
#2 C:\xampp\htdocs\cbt-malela-ci4\vendor\codeigniter4\framework\system\View\View.php(217): CodeIgniter\View\View->CodeIgniter\View\{closure}()
#3 C:\xampp\htdocs\cbt-malela-ci4\vendor\codeigniter4\framework\system\Common.php(1097): CodeIgniter\View\View->render('admin/siswa/lis...', Array, true)
#4 C:\xampp\htdocs\cbt-malela-ci4\app\Controllers\App.php(128): view('admin/siswa/lis...', Array)
#5 C:\xampp\htdocs\cbt-malela-ci4\vendor\codeigniter4\framework\system\CodeIgniter.php(824): App\Controllers\App->siswa()
#6 C:\xampp\htdocs\cbt-malela-ci4\vendor\codeigniter4\framework\system\CodeIgniter.php(410): CodeIgniter\CodeIgniter->runController(Object(App\Controllers\App))
#7 C:\xampp\htdocs\cbt-malela-ci4\vendor\codeigniter4\framework\system\CodeIgniter.php(318): CodeIgniter\CodeIgniter->handleRequest(NULL, Object(Config\Cache), false)
#8 C:\xampp\htdocs\cbt-malela-ci4\public\index.php(37): CodeIgniter\CodeIgniter->run()
#9 {main}
ERROR - 2021-12-24 20:04:19 --> Email: sendWithSmtp throwed fsockopen(): php_network_getaddresses: getaddrinfo failed: No such host is known. 
CRITICAL - 2021-12-24 20:05:18 --> Trying to get property 'no_induk_siswa' of non-object
#0 C:\xampp\htdocs\cbt-malela-ci4\app\Views\admin\siswa\list.php(33): CodeIgniter\Debug\Exceptions->errorHandler(8, 'Trying to get p...', 'C:\\xampp\\htdocs...', 33, Array)
#1 C:\xampp\htdocs\cbt-malela-ci4\vendor\codeigniter4\framework\system\View\View.php(214): include('C:\\xampp\\htdocs...')
#2 C:\xampp\htdocs\cbt-malela-ci4\vendor\codeigniter4\framework\system\View\View.php(217): CodeIgniter\View\View->CodeIgniter\View\{closure}()
#3 C:\xampp\htdocs\cbt-malela-ci4\vendor\codeigniter4\framework\system\Common.php(1097): CodeIgniter\View\View->render('admin/siswa/lis...', Array, true)
#4 C:\xampp\htdocs\cbt-malela-ci4\app\Controllers\App.php(128): view('admin/siswa/lis...', Array)
#5 C:\xampp\htdocs\cbt-malela-ci4\vendor\codeigniter4\framework\system\CodeIgniter.php(824): App\Controllers\App->siswa()
#6 C:\xampp\htdocs\cbt-malela-ci4\vendor\codeigniter4\framework\system\CodeIgniter.php(410): CodeIgniter\CodeIgniter->runController(Object(App\Controllers\App))
#7 C:\xampp\htdocs\cbt-malela-ci4\vendor\codeigniter4\framework\system\CodeIgniter.php(318): CodeIgniter\CodeIgniter->handleRequest(NULL, Object(Config\Cache), false)
#8 C:\xampp\htdocs\cbt-malela-ci4\public\index.php(37): CodeIgniter\CodeIgniter->run()
#9 {main}
CRITICAL - 2021-12-24 20:12:10 --> Trying to get property 'no_induk_siswa' of non-object
#0 C:\xampp\htdocs\cbt-malela-ci4\app\Views\admin\siswa\list.php(33): CodeIgniter\Debug\Exceptions->errorHandler(8, 'Trying to get p...', 'C:\\xampp\\htdocs...', 33, Array)
#1 C:\xampp\htdocs\cbt-malela-ci4\vendor\codeigniter4\framework\system\View\View.php(214): include('C:\\xampp\\htdocs...')
#2 C:\xampp\htdocs\cbt-malela-ci4\vendor\codeigniter4\framework\system\View\View.php(217): CodeIgniter\View\View->CodeIgniter\View\{closure}()
#3 C:\xampp\htdocs\cbt-malela-ci4\vendor\codeigniter4\framework\system\Common.php(1097): CodeIgniter\View\View->render('admin/siswa/lis...', Array, true)
#4 C:\xampp\htdocs\cbt-malela-ci4\app\Controllers\App.php(128): view('admin/siswa/lis...', Array)
#5 C:\xampp\htdocs\cbt-malela-ci4\vendor\codeigniter4\framework\system\CodeIgniter.php(824): App\Controllers\App->siswa()
#6 C:\xampp\htdocs\cbt-malela-ci4\vendor\codeigniter4\framework\system\CodeIgniter.php(410): CodeIgniter\CodeIgniter->runController(Object(App\Controllers\App))
#7 C:\xampp\htdocs\cbt-malela-ci4\vendor\codeigniter4\framework\system\CodeIgniter.php(318): CodeIgniter\CodeIgniter->handleRequest(NULL, Object(Config\Cache), false)
#8 C:\xampp\htdocs\cbt-malela-ci4\public\index.php(37): CodeIgniter\CodeIgniter->run()
#9 {main}
ERROR - 2021-12-24 20:49:21 --> Email: sendWithSmtp throwed fsockopen(): php_network_getaddresses: getaddrinfo failed: No such host is known. 
CRITICAL - 2021-12-24 22:14:57 --> Undefined variable: admin
#0 C:\xampp\htdocs\cbt-malela-ci4\app\Views\template\sidebar\admin.php(8): CodeIgniter\Debug\Exceptions->errorHandler(8, 'Undefined varia...', 'C:\\xampp\\htdocs...', 8, Array)
#1 C:\xampp\htdocs\cbt-malela-ci4\vendor\codeigniter4\framework\system\View\View.php(214): include('C:\\xampp\\htdocs...')
#2 C:\xampp\htdocs\cbt-malela-ci4\vendor\codeigniter4\framework\system\View\View.php(217): CodeIgniter\View\View->CodeIgniter\View\{closure}()
#3 C:\xampp\htdocs\cbt-malela-ci4\vendor\codeigniter4\framework\system\View\View.php(432): CodeIgniter\View\View->render('template/sideba...', NULL, true)
#4 C:\xampp\htdocs\cbt-malela-ci4\app\Views\admin\guru\list.php(3): CodeIgniter\View\View->include('template/sideba...')
#5 C:\xampp\htdocs\cbt-malela-ci4\vendor\codeigniter4\framework\system\View\View.php(214): include('C:\\xampp\\htdocs...')
#6 C:\xampp\htdocs\cbt-malela-ci4\vendor\codeigniter4\framework\system\View\View.php(217): CodeIgniter\View\View->CodeIgniter\View\{closure}()
#7 C:\xampp\htdocs\cbt-malela-ci4\vendor\codeigniter4\framework\system\Common.php(1097): CodeIgniter\View\View->render('admin/guru/list', Array, true)
#8 C:\xampp\htdocs\cbt-malela-ci4\app\Controllers\App.php(315): view('admin/guru/list', Array)
#9 C:\xampp\htdocs\cbt-malela-ci4\vendor\codeigniter4\framework\system\CodeIgniter.php(824): App\Controllers\App->guru()
#10 C:\xampp\htdocs\cbt-malela-ci4\vendor\codeigniter4\framework\system\CodeIgniter.php(410): CodeIgniter\CodeIgniter->runController(Object(App\Controllers\App))
#11 C:\xampp\htdocs\cbt-malela-ci4\vendor\codeigniter4\framework\system\CodeIgniter.php(318): CodeIgniter\CodeIgniter->handleRequest(NULL, Object(Config\Cache), false)
#12 C:\xampp\htdocs\cbt-malela-ci4\public\index.php(37): CodeIgniter\CodeIgniter->run()
#13 {main}
ERROR - 2021-12-24 22:28:32 --> Email: sendWithSmtp throwed fsockopen(): php_network_getaddresses: getaddrinfo failed: No such host is known. 
