CRITICAL - 2024-06-12 09:27:33 --> Undefined property: stdClass::$nama
#0 E:\Projects\arfod-tryout\app\Views\template\sidebar\siswa.php(106): CodeIgniter\Debug\Exceptions->errorHandler(2, 'Undefined prope...', 'E:\\Projects\\arf...', 106)
#1 E:\Projects\arfod-tryout\vendor\codeigniter4\framework\system\View\View.php(214): include('E:\\Projects\\arf...')
#2 E:\Projects\arfod-tryout\vendor\codeigniter4\framework\system\View\View.php(217): CodeIgniter\View\View->CodeIgniter\View\{closure}()
#3 E:\Projects\arfod-tryout\vendor\codeigniter4\framework\system\View\View.php(432): CodeIgniter\View\View->render('template/sideba...', NULL, true)
#4 E:\Projects\arfod-tryout\app\Views\siswa\dashboard.php(3): CodeIgniter\View\View->include('template/sideba...')
#5 E:\Projects\arfod-tryout\vendor\codeigniter4\framework\system\View\View.php(214): include('E:\\Projects\\arf...')
#6 E:\Projects\arfod-tryout\vendor\codeigniter4\framework\system\View\View.php(217): CodeIgniter\View\View->CodeIgniter\View\{closure}()
#7 E:\Projects\arfod-tryout\vendor\codeigniter4\framework\system\Common.php(1097): CodeIgniter\View\View->render('siswa/dashboard', Array, true)
#8 E:\Projects\arfod-tryout\app\Controllers\Siswa.php(167): view('siswa/dashboard', Array)
#9 E:\Projects\arfod-tryout\vendor\codeigniter4\framework\system\CodeIgniter.php(824): App\Controllers\Siswa->index()
#10 E:\Projects\arfod-tryout\vendor\codeigniter4\framework\system\CodeIgniter.php(410): CodeIgniter\CodeIgniter->runController(Object(App\Controllers\Siswa))
#11 E:\Projects\arfod-tryout\vendor\codeigniter4\framework\system\CodeIgniter.php(318): CodeIgniter\CodeIgniter->handleRequest(NULL, Object(Config\Cache), false)
#12 E:\Projects\arfod-tryout\public\index.php(37): CodeIgniter\CodeIgniter->run()
#13 E:\Projects\arfod-tryout\vendor\codeigniter4\framework\system\Commands\Server\rewrite.php(43): require_once('E:\\Projects\\arf...')
#14 {main}
CRITICAL - 2024-06-12 11:52:38 --> Attempt to read property "kelas" on null
#0 E:\Projects\arfod-tryout\app\Controllers\Siswa.php(140): CodeIgniter\Debug\Exceptions->errorHandler(2, 'Attempt to read...', 'E:\\Projects\\arf...', 140)
#1 E:\Projects\arfod-tryout\vendor\codeigniter4\framework\system\CodeIgniter.php(824): App\Controllers\Siswa->index()
#2 E:\Projects\arfod-tryout\vendor\codeigniter4\framework\system\CodeIgniter.php(410): CodeIgniter\CodeIgniter->runController(Object(App\Controllers\Siswa))
#3 E:\Projects\arfod-tryout\vendor\codeigniter4\framework\system\CodeIgniter.php(318): CodeIgniter\CodeIgniter->handleRequest(NULL, Object(Config\Cache), false)
#4 E:\Projects\arfod-tryout\public\index.php(37): CodeIgniter\CodeIgniter->run()
#5 E:\Projects\arfod-tryout\vendor\codeigniter4\framework\system\Commands\Server\rewrite.php(43): require_once('E:\\Projects\\arf...')
#6 {main}
